#
# A fatal error has been detected by the Java Runtime Environment:
#
#  EXCEPTION_ACCESS_VIOLATION (0xc0000005) at pc=0x0000000069ac29bf, pid=13356, tid=15284
#
# JRE version: Java(TM) SE Runtime Environment (17.0.4.1+1) (build 17.0.4.1+1-LTS-2)
# Java VM: Java HotSpot(TM) 64-Bit Server VM (17.0.4.1+1-LTS-2, mixed mode, sharing, tiered, compressed oops, compressed class ptrs, g1 gc, windows-amd64)
# Problematic frame:
# C  [jansi-2.4.0-3efd7c42ef8e0655-jansi.dll+0x29bf]
#
# No core dump will be written. Minidumps are not enabled by default on client versions of Windows
#
# If you would like to submit a bug report, please visit:
#   https://bugreport.java.com/bugreport/crash.jsp
# The crash happened outside the Java Virtual Machine in native code.
# See problematic frame for where to report the bug.
#

---------------  S U M M A R Y ------------

Command Line: D:\Rin\mcl.jar

Host: AMD Ryzen 7 4800H with Radeon Graphics         , 16 cores, 15G,  Windows 11 , 64 bit Build 22000 (10.0.22000.708)
Time: Thu Sep 22 15:05:28 2022  Windows 11 , 64 bit Build 22000 (10.0.22000.708) elapsed time: 0.158635 seconds (0d 0h 0m 0s)

---------------  T H R E A D  ---------------

Current thread (0x000001f5557402f0):  JavaThread "main" [_thread_in_native, id=15284, stack(0x0000004a28d00000,0x0000004a28e00000)]

Stack: [0x0000004a28d00000,0x0000004a28e00000],  sp=0x0000004a28dfed20,  free space=1019k
Native frames: (J=compiled Java code, j=interpreted, Vv=VM code, C=native code)
C  [jansi-2.4.0-3efd7c42ef8e0655-jansi.dll+0x29bf]

Java frames: (J=compiled Java code, j=interpreted, Vv=VM code)
j  org.fusesource.jansi.internal.CLibrary.isatty(I)I+0
j  org.fusesource.jansi.AnsiConsole.ansiStream(Z)Lorg/fusesource/jansi/AnsiPrintStream;+62
j  org.fusesource.jansi.AnsiConsole.initStreams()V+7
j  org.fusesource.jansi.AnsiConsole.systemInstall()V+15
j  org.itxtech.mcl.Loader.main([Ljava/lang/String;)V+24
v  ~StubRoutines::call_stub

siginfo: EXCEPTION_ACCESS_VIOLATION (0xc0000005), writing address 0x0000000000000000


Register to memory mapping:

RIP=0x0000000069ac29bf jansi-2.4.0-3efd7c42ef8e0655-jansi.dll
RAX=0x0 is NULL
RBX={method} {0x000001f5790135c0} 'isatty' '(I)I' in 'org/fusesource/jansi/internal/CLibrary'
RCX=0x0 is NULL
RDX=0x0000000069ac6362 jansi-2.4.0-3efd7c42ef8e0655-jansi.dll
RSP=0x0000004a28dfed20 is pointing into the stack for thread: 0x000001f5557402f0
RBP=0x0000004a28dff1e0 is pointing into the stack for thread: 0x000001f5557402f0
RSI=0x0 is NULL
RDI=0x000001f578c48530 is pointing into metadata
R8 =0x0000004a28dfed18 is pointing into the stack for thread: 0x000001f5557402f0
R9 =0x0000004a28dff1e0 is pointing into the stack for thread: 0x000001f5557402f0
R10=0x0 is NULL
R11=0x0000000000000246 is an unknown value
R12=0x0 is NULL
R13={method} {0x000001f5790135c0} 'isatty' '(I)I' in 'org/fusesource/jansi/internal/CLibrary'
R14=0x0000004a28dff200 is pointing into the stack for thread: 0x000001f5557402f0
R15=0x000001f5557402f0 is a thread


Registers:
RAX=0x0000000000000000, RBX=0x000001f5790135b8, RCX=0x0000000000000000, RDX=0x0000000069ac6362
RSP=0x0000004a28dfed20, RBP=0x0000004a28dff1e0, RSI=0x0000000000000000, RDI=0x000001f578c48530
R8 =0x0000004a28dfed18, R9 =0x0000004a28dff1e0, R10=0x0000000000000000, R11=0x0000000000000246
R12=0x0000000000000000, R13=0x000001f5790135b8, R14=0x0000004a28dff200, R15=0x000001f5557402f0
RIP=0x0000000069ac29bf, EFLAGS=0x0000000000010256

Top of Stack: (sp=0x0000004a28dfed20)
0x0000004a28dfed20:   000001f5790135b8 00007ffe111a3d70
0x0000004a28dfed30:   0000004a28dff1e0 0000000000000000
0x0000004a28dfed40:   0000004a28dfed5c 00007ffdae440908
0x0000004a28dfed50:   0000004a28dfef70 00000010ae370000
0x0000004a28dfed60:   0000000000000000 0000000000000000
0x0000004a28dfed70:   00000000ffffffff 00007ffdae921660
0x0000004a28dfed80:   0000004a28dff070 000001f55cfbaf76
0x0000004a28dfed90:   000001f5790135b8 000001f5557402f0
0x0000004a28dfeda0:   0000004a28dfef70 00007ffdae6ead73
0x0000004a28dfedb0:   0000004a28dff070 0000000000000400
0x0000004a28dfedc0:   00000000ffffffff 00007ffdae6b7954
0x0000004a28dfedd0:   000001f5790135b8 000001f5557402f0
0x0000004a28dfede0:   00007ffdaebaf158 0000000000000000
0x0000004a28dfedf0:   0000004a00000007 000001f55cfbaf76
0x0000004a28dfee00:   000001f5790135b8 000001f55573bc00
0x0000004a28dfee10:   000001f55cfbaf76 00007ffdae9b3c68 

Instructions: (pc=0x0000000069ac29bf)
0x0000000069ac28bf:   e1 49 89 c5 49 8b 04 24 48 8b 54 24 68 4c 89 6c
0x0000000069ac28cf:   24 20 ff 90 e0 06 00 00 4c 89 e8 66 41 c7 44 1d
0x0000000069ac28df:   fe 00 00 48 83 c4 40 5b 41 5c 41 5d c3 90 90 90
0x0000000069ac28ef:   90 41 54 48 81 ec 40 04 00 00 44 89 c1 ff 15 ea
0x0000000069ac28ff:   89 00 00 49 89 c4 48 89 c1 ff 15 16 89 00 00 83
0x0000000069ac290f:   f8 02 75 15 48 8d 54 24 40 4c 89 e1 ff 15 eb 88
0x0000000069ac291f:   00 00 85 c0 e9 ba 00 00 00 48 83 3d f0 66 00 00
0x0000000069ac292f:   00 75 14 48 8d 0d 07 3a 00 00 ff 15 1d 89 00 00
0x0000000069ac293f:   48 89 05 da 66 00 00 48 8b 0d d3 66 00 00 48 85
0x0000000069ac294f:   c9 75 07 31 c0 e9 aa 00 00 00 48 83 3d c7 66 00
0x0000000069ac295f:   00 00 75 14 48 8d 15 ea 39 00 00 ff 15 cc 88 00
0x0000000069ac296f:   00 48 89 05 b1 66 00 00 48 8b 05 aa 66 00 00 48
0x0000000069ac297f:   85 c0 74 cf 48 8d 54 24 3c 41 b9 fe 03 00 00 4c
0x0000000069ac298f:   8d 44 24 40 4c 89 e1 48 89 54 24 20 ba 01 00 00
0x0000000069ac299f:   00 ff d0 85 c0 75 ac 8b 44 24 40 4c 8b 64 24 48
0x0000000069ac29af:   48 8d 15 ac 39 00 00 66 d1 e8 4c 89 e1 0f b7 c0
0x0000000069ac29bf:   66 41 c7 04 44 00 00 e8 15 20 00 00 48 85 c0 74
0x0000000069ac29cf:   1a 48 8d 15 97 39 00 00 4c 89 e1 e8 01 20 00 00
0x0000000069ac29df:   48 85 c0 0f 95 c0 0f b6 c0 eb 19 48 8d 15 87 39
0x0000000069ac29ef:   00 00 4c 89 e1 e8 e7 1f 00 00 48 85 c0 75 d2 e9
0x0000000069ac29ff:   4f ff ff ff 48 81 c4 40 04 00 00 41 5c c3 90 90
0x0000000069ac2a0f:   90 41 54 48 83 ec 20 83 3d e3 67 00 00 00 49 89
0x0000000069ac2a1f:   cc 75 6b 48 8b 01 ff 90 f8 00 00 00 4c 8d 0d 5e
0x0000000069ac2a2f:   39 00 00 4c 8d 05 59 39 00 00 4c 89 e1 48 89 c2
0x0000000069ac2a3f:   48 89 05 c2 67 00 00 49 8b 04 24 ff 90 f0 02 00
0x0000000069ac2a4f:   00 48 8b 15 b1 67 00 00 4c 8d 0d 3f 39 00 00 4c
0x0000000069ac2a5f:   89 e1 48 89 05 a8 67 00 00 49 8b 04 24 4c 8d 05
0x0000000069ac2a6f:   2c 39 00 00 ff 90 f0 02 00 00 48 89 05 98 67 00
0x0000000069ac2a7f:   00 0f ae f0 c7 05 73 67 00 00 01 00 00 00 48 83
0x0000000069ac2a8f:   c4 20 41 5c c3 41 56 41 55 41 54 48 83 ec 20 83
0x0000000069ac2a9f:   3d 5b 67 00 00 00 49 89 cc 49 89 d6 4d 89 c5 75
0x0000000069ac2aaf:   05 e8 5b ff ff ff 49 8b 04 24 4c 89 f2 4c 89 e1 


Stack slot to memory mapping:
stack at sp + 0 slots: {method} {0x000001f5790135c0} 'isatty' '(I)I' in 'org/fusesource/jansi/internal/CLibrary'
stack at sp + 1 slots: 0x00007ffe111a3d70 ntdll.dll
stack at sp + 2 slots: 0x0000004a28dff1e0 is pointing into the stack for thread: 0x000001f5557402f0
stack at sp + 3 slots: 0x0 is NULL
stack at sp + 4 slots: 0x0000004a28dfed5c is pointing into the stack for thread: 0x000001f5557402f0
stack at sp + 5 slots: 0x00007ffdae440908 jvm.dll
stack at sp + 6 slots: 0x0000004a28dfef70 is pointing into the stack for thread: 0x000001f5557402f0
stack at sp + 7 slots: 0x00000010ae370000 is an unknown value


---------------  P R O C E S S  ---------------

Threads class SMR info:
_java_thread_list=0x000001f579536f60, length=13, elements={
0x000001f5557402f0, 0x000001f5794030a0, 0x000001f579403960, 0x000001f5794213c0,
0x000001f579421d70, 0x000001f579422720, 0x000001f5794230d0, 0x000001f579424dc0,
0x000001f579426780, 0x000001f57942b590, 0x000001f57954f490, 0x000001f57956c2c0,
0x000001f579578620
}

Java Threads: ( => current thread )
=>0x000001f5557402f0 JavaThread "main" [_thread_in_native, id=15284, stack(0x0000004a28d00000,0x0000004a28e00000)]
  0x000001f5794030a0 JavaThread "Reference Handler" daemon [_thread_blocked, id=13680, stack(0x0000004a29400000,0x0000004a29500000)]
  0x000001f579403960 JavaThread "Finalizer" daemon [_thread_blocked, id=11184, stack(0x0000004a29500000,0x0000004a29600000)]
  0x000001f5794213c0 JavaThread "Signal Dispatcher" daemon [_thread_blocked, id=4860, stack(0x0000004a29600000,0x0000004a29700000)]
  0x000001f579421d70 JavaThread "Attach Listener" daemon [_thread_blocked, id=10516, stack(0x0000004a29700000,0x0000004a29800000)]
  0x000001f579422720 JavaThread "Service Thread" daemon [_thread_blocked, id=7464, stack(0x0000004a29800000,0x0000004a29900000)]
  0x000001f5794230d0 JavaThread "Monitor Deflation Thread" daemon [_thread_blocked, id=3240, stack(0x0000004a29900000,0x0000004a29a00000)]
  0x000001f579424dc0 JavaThread "C2 CompilerThread0" daemon [_thread_blocked, id=2660, stack(0x0000004a29a00000,0x0000004a29b00000)]
  0x000001f579426780 JavaThread "C1 CompilerThread0" daemon [_thread_blocked, id=8900, stack(0x0000004a29b00000,0x0000004a29c00000)]
  0x000001f57942b590 JavaThread "Sweeper thread" daemon [_thread_blocked, id=3912, stack(0x0000004a29c00000,0x0000004a29d00000)]
  0x000001f57954f490 JavaThread "C1 CompilerThread1" daemon [_thread_blocked, id=8520, stack(0x0000004a29d00000,0x0000004a29e00000)]
  0x000001f57956c2c0 JavaThread "Notification Thread" daemon [_thread_blocked, id=13740, stack(0x0000004a29e00000,0x0000004a29f00000)]
  0x000001f579578620 JavaThread "Common-Cleaner" daemon [_thread_blocked, id=11212, stack(0x0000004a2a000000,0x0000004a2a100000)]

Other Threads:
  0x000001f57899a290 VMThread "VM Thread" [stack: 0x0000004a29300000,0x0000004a29400000] [id=12884]
  0x000001f5795712a0 WatcherThread [stack: 0x0000004a29f00000,0x0000004a2a000000] [id=11976]
  0x000001f5557aadc0 GCTaskThread "GC Thread#0" [stack: 0x0000004a28e00000,0x0000004a28f00000] [id=2028]
  0x000001f5557d9e20 ConcurrentGCThread "G1 Main Marker" [stack: 0x0000004a28f00000,0x0000004a29000000] [id=6064]
  0x000001f5557da730 ConcurrentGCThread "G1 Conc#0" [stack: 0x0000004a29000000,0x0000004a29100000] [id=10352]
  0x000001f55580ec60 ConcurrentGCThread "G1 Refine#0" [stack: 0x0000004a29100000,0x0000004a29200000] [id=8444]
  0x000001f5788568b0 ConcurrentGCThread "G1 Service" [stack: 0x0000004a29200000,0x0000004a29300000] [id=7232]

Threads with active compile tasks:

VM state: not at safepoint (normal execution)

VM Mutex/Monitor currently owned by a thread: None

Heap address: 0x0000000709400000, size: 3948 MB, Compressed Oops mode: Zero based, Oop shift amount: 3

CDS archive(s) mapped at: [0x0000000800000000-0x0000000800bc0000-0x0000000800bc0000), size 12320768, SharedBaseAddress: 0x0000000800000000, ArchiveRelocationMode: 0.
Compressed class space mapped at: 0x0000000800c00000-0x0000000840c00000, reserved size: 1073741824
Narrow klass base: 0x0000000800000000, Narrow klass shift: 0, Narrow klass range: 0x100000000

GC Precious Log:
 CPUs: 16 total, 16 available
 Memory: 15789M
 Large Page Support: Disabled
 NUMA Support: Disabled
 Compressed Oops: Enabled (Zero based)
 Heap Region Size: 2M
 Heap Min Capacity: 8M
 Heap Initial Capacity: 248M
 Heap Max Capacity: 3948M
 Pre-touch: Disabled
 Parallel Workers: 13
 Concurrent Workers: 3
 Concurrent Refinement Workers: 13
 Periodic GC: Disabled

Heap:
 garbage-first heap   total 253952K, used 2048K [0x0000000709400000, 0x0000000800000000)
  region size 2048K, 2 young (4096K), 0 survivors (0K)
 Metaspace       used 648K, committed 768K, reserved 1056768K
  class space    used 53K, committed 128K, reserved 1048576K

Heap Regions: E=young(eden), S=young(survivor), O=old, HS=humongous(starts), HC=humongous(continues), CS=collection set, F=free, OA=open archive, CA=closed archive, TAMS=top-at-mark-start (previous, next)
|   0|0x0000000709400000, 0x0000000709400000, 0x0000000709600000|  0%| F|  |TAMS 0x0000000709400000, 0x0000000709400000| Untracked 
|   1|0x0000000709600000, 0x0000000709600000, 0x0000000709800000|  0%| F|  |TAMS 0x0000000709600000, 0x0000000709600000| Untracked 
|   2|0x0000000709800000, 0x0000000709800000, 0x0000000709a00000|  0%| F|  |TAMS 0x0000000709800000, 0x0000000709800000| Untracked 
|   3|0x0000000709a00000, 0x0000000709a00000, 0x0000000709c00000|  0%| F|  |TAMS 0x0000000709a00000, 0x0000000709a00000| Untracked 
|   4|0x0000000709c00000, 0x0000000709c00000, 0x0000000709e00000|  0%| F|  |TAMS 0x0000000709c00000, 0x0000000709c00000| Untracked 
|   5|0x0000000709e00000, 0x0000000709e00000, 0x000000070a000000|  0%| F|  |TAMS 0x0000000709e00000, 0x0000000709e00000| Untracked 
|   6|0x000000070a000000, 0x000000070a000000, 0x000000070a200000|  0%| F|  |TAMS 0x000000070a000000, 0x000000070a000000| Untracked 
|   7|0x000000070a200000, 0x000000070a200000, 0x000000070a400000|  0%| F|  |TAMS 0x000000070a200000, 0x000000070a200000| Untracked 
|   8|0x000000070a400000, 0x000000070a400000, 0x000000070a600000|  0%| F|  |TAMS 0x000000070a400000, 0x000000070a400000| Untracked 
|   9|0x000000070a600000, 0x000000070a600000, 0x000000070a800000|  0%| F|  |TAMS 0x000000070a600000, 0x000000070a600000| Untracked 
|  10|0x000000070a800000, 0x000000070a800000, 0x000000070aa00000|  0%| F|  |TAMS 0x000000070a800000, 0x000000070a800000| Untracked 
|  11|0x000000070aa00000, 0x000000070aa00000, 0x000000070ac00000|  0%| F|  |TAMS 0x000000070aa00000, 0x000000070aa00000| Untracked 
|  12|0x000000070ac00000, 0x000000070ac00000, 0x000000070ae00000|  0%| F|  |TAMS 0x000000070ac00000, 0x000000070ac00000| Untracked 
|  13|0x000000070ae00000, 0x000000070ae00000, 0x000000070b000000|  0%| F|  |TAMS 0x000000070ae00000, 0x000000070ae00000| Untracked 
|  14|0x000000070b000000, 0x000000070b000000, 0x000000070b200000|  0%| F|  |TAMS 0x000000070b000000, 0x000000070b000000| Untracked 
|  15|0x000000070b200000, 0x000000070b200000, 0x000000070b400000|  0%| F|  |TAMS 0x000000070b200000, 0x000000070b200000| Untracked 
|  16|0x000000070b400000, 0x000000070b400000, 0x000000070b600000|  0%| F|  |TAMS 0x000000070b400000, 0x000000070b400000| Untracked 
|  17|0x000000070b600000, 0x000000070b600000, 0x000000070b800000|  0%| F|  |TAMS 0x000000070b600000, 0x000000070b600000| Untracked 
|  18|0x000000070b800000, 0x000000070b800000, 0x000000070ba00000|  0%| F|  |TAMS 0x000000070b800000, 0x000000070b800000| Untracked 
|  19|0x000000070ba00000, 0x000000070ba00000, 0x000000070bc00000|  0%| F|  |TAMS 0x000000070ba00000, 0x000000070ba00000| Untracked 
|  20|0x000000070bc00000, 0x000000070bc00000, 0x000000070be00000|  0%| F|  |TAMS 0x000000070bc00000, 0x000000070bc00000| Untracked 
|  21|0x000000070be00000, 0x000000070be00000, 0x000000070c000000|  0%| F|  |TAMS 0x000000070be00000, 0x000000070be00000| Untracked 
|  22|0x000000070c000000, 0x000000070c000000, 0x000000070c200000|  0%| F|  |TAMS 0x000000070c000000, 0x000000070c000000| Untracked 
|  23|0x000000070c200000, 0x000000070c200000, 0x000000070c400000|  0%| F|  |TAMS 0x000000070c200000, 0x000000070c200000| Untracked 
|  24|0x000000070c400000, 0x000000070c400000, 0x000000070c600000|  0%| F|  |TAMS 0x000000070c400000, 0x000000070c400000| Untracked 
|  25|0x000000070c600000, 0x000000070c600000, 0x000000070c800000|  0%| F|  |TAMS 0x000000070c600000, 0x000000070c600000| Untracked 
|  26|0x000000070c800000, 0x000000070c800000, 0x000000070ca00000|  0%| F|  |TAMS 0x000000070c800000, 0x000000070c800000| Untracked 
|  27|0x000000070ca00000, 0x000000070ca00000, 0x000000070cc00000|  0%| F|  |TAMS 0x000000070ca00000, 0x000000070ca00000| Untracked 
|  28|0x000000070cc00000, 0x000000070cc00000, 0x000000070ce00000|  0%| F|  |TAMS 0x000000070cc00000, 0x000000070cc00000| Untracked 
|  29|0x000000070ce00000, 0x000000070ce00000, 0x000000070d000000|  0%| F|  |TAMS 0x000000070ce00000, 0x000000070ce00000| Untracked 
|  30|0x000000070d000000, 0x000000070d000000, 0x000000070d200000|  0%| F|  |TAMS 0x000000070d000000, 0x000000070d000000| Untracked 
|  31|0x000000070d200000, 0x000000070d200000, 0x000000070d400000|  0%| F|  |TAMS 0x000000070d200000, 0x000000070d200000| Untracked 
|  32|0x000000070d400000, 0x000000070d400000, 0x000000070d600000|  0%| F|  |TAMS 0x000000070d400000, 0x000000070d400000| Untracked 
|  33|0x000000070d600000, 0x000000070d600000, 0x000000070d800000|  0%| F|  |TAMS 0x000000070d600000, 0x000000070d600000| Untracked 
|  34|0x000000070d800000, 0x000000070d800000, 0x000000070da00000|  0%| F|  |TAMS 0x000000070d800000, 0x000000070d800000| Untracked 
|  35|0x000000070da00000, 0x000000070da00000, 0x000000070dc00000|  0%| F|  |TAMS 0x000000070da00000, 0x000000070da00000| Untracked 
|  36|0x000000070dc00000, 0x000000070dc00000, 0x000000070de00000|  0%| F|  |TAMS 0x000000070dc00000, 0x000000070dc00000| Untracked 
|  37|0x000000070de00000, 0x000000070de00000, 0x000000070e000000|  0%| F|  |TAMS 0x000000070de00000, 0x000000070de00000| Untracked 
|  38|0x000000070e000000, 0x000000070e000000, 0x000000070e200000|  0%| F|  |TAMS 0x000000070e000000, 0x000000070e000000| Untracked 
|  39|0x000000070e200000, 0x000000070e200000, 0x000000070e400000|  0%| F|  |TAMS 0x000000070e200000, 0x000000070e200000| Untracked 
|  40|0x000000070e400000, 0x000000070e400000, 0x000000070e600000|  0%| F|  |TAMS 0x000000070e400000, 0x000000070e400000| Untracked 
|  41|0x000000070e600000, 0x000000070e600000, 0x000000070e800000|  0%| F|  |TAMS 0x000000070e600000, 0x000000070e600000| Untracked 
|  42|0x000000070e800000, 0x000000070e800000, 0x000000070ea00000|  0%| F|  |TAMS 0x000000070e800000, 0x000000070e800000| Untracked 
|  43|0x000000070ea00000, 0x000000070ea00000, 0x000000070ec00000|  0%| F|  |TAMS 0x000000070ea00000, 0x000000070ea00000| Untracked 
|  44|0x000000070ec00000, 0x000000070ec00000, 0x000000070ee00000|  0%| F|  |TAMS 0x000000070ec00000, 0x000000070ec00000| Untracked 
|  45|0x000000070ee00000, 0x000000070ee00000, 0x000000070f000000|  0%| F|  |TAMS 0x000000070ee00000, 0x000000070ee00000| Untracked 
|  46|0x000000070f000000, 0x000000070f000000, 0x000000070f200000|  0%| F|  |TAMS 0x000000070f000000, 0x000000070f000000| Untracked 
|  47|0x000000070f200000, 0x000000070f200000, 0x000000070f400000|  0%| F|  |TAMS 0x000000070f200000, 0x000000070f200000| Untracked 
|  48|0x000000070f400000, 0x000000070f400000, 0x000000070f600000|  0%| F|  |TAMS 0x000000070f400000, 0x000000070f400000| Untracked 
|  49|0x000000070f600000, 0x000000070f600000, 0x000000070f800000|  0%| F|  |TAMS 0x000000070f600000, 0x000000070f600000| Untracked 
|  50|0x000000070f800000, 0x000000070f800000, 0x000000070fa00000|  0%| F|  |TAMS 0x000000070f800000, 0x000000070f800000| Untracked 
|  51|0x000000070fa00000, 0x000000070fa00000, 0x000000070fc00000|  0%| F|  |TAMS 0x000000070fa00000, 0x000000070fa00000| Untracked 
|  52|0x000000070fc00000, 0x000000070fc00000, 0x000000070fe00000|  0%| F|  |TAMS 0x000000070fc00000, 0x000000070fc00000| Untracked 
|  53|0x000000070fe00000, 0x000000070fe00000, 0x0000000710000000|  0%| F|  |TAMS 0x000000070fe00000, 0x000000070fe00000| Untracked 
|  54|0x0000000710000000, 0x0000000710000000, 0x0000000710200000|  0%| F|  |TAMS 0x0000000710000000, 0x0000000710000000| Untracked 
|  55|0x0000000710200000, 0x0000000710200000, 0x0000000710400000|  0%| F|  |TAMS 0x0000000710200000, 0x0000000710200000| Untracked 
|  56|0x0000000710400000, 0x0000000710400000, 0x0000000710600000|  0%| F|  |TAMS 0x0000000710400000, 0x0000000710400000| Untracked 
|  57|0x0000000710600000, 0x0000000710600000, 0x0000000710800000|  0%| F|  |TAMS 0x0000000710600000, 0x0000000710600000| Untracked 
|  58|0x0000000710800000, 0x0000000710800000, 0x0000000710a00000|  0%| F|  |TAMS 0x0000000710800000, 0x0000000710800000| Untracked 
|  59|0x0000000710a00000, 0x0000000710a00000, 0x0000000710c00000|  0%| F|  |TAMS 0x0000000710a00000, 0x0000000710a00000| Untracked 
|  60|0x0000000710c00000, 0x0000000710c00000, 0x0000000710e00000|  0%| F|  |TAMS 0x0000000710c00000, 0x0000000710c00000| Untracked 
|  61|0x0000000710e00000, 0x0000000710e00000, 0x0000000711000000|  0%| F|  |TAMS 0x0000000710e00000, 0x0000000710e00000| Untracked 
|  62|0x0000000711000000, 0x0000000711000000, 0x0000000711200000|  0%| F|  |TAMS 0x0000000711000000, 0x0000000711000000| Untracked 
|  63|0x0000000711200000, 0x0000000711200000, 0x0000000711400000|  0%| F|  |TAMS 0x0000000711200000, 0x0000000711200000| Untracked 
|  64|0x0000000711400000, 0x0000000711400000, 0x0000000711600000|  0%| F|  |TAMS 0x0000000711400000, 0x0000000711400000| Untracked 
|  65|0x0000000711600000, 0x0000000711600000, 0x0000000711800000|  0%| F|  |TAMS 0x0000000711600000, 0x0000000711600000| Untracked 
|  66|0x0000000711800000, 0x0000000711800000, 0x0000000711a00000|  0%| F|  |TAMS 0x0000000711800000, 0x0000000711800000| Untracked 
|  67|0x0000000711a00000, 0x0000000711a00000, 0x0000000711c00000|  0%| F|  |TAMS 0x0000000711a00000, 0x0000000711a00000| Untracked 
|  68|0x0000000711c00000, 0x0000000711c00000, 0x0000000711e00000|  0%| F|  |TAMS 0x0000000711c00000, 0x0000000711c00000| Untracked 
|  69|0x0000000711e00000, 0x0000000711e00000, 0x0000000712000000|  0%| F|  |TAMS 0x0000000711e00000, 0x0000000711e00000| Untracked 
|  70|0x0000000712000000, 0x0000000712000000, 0x0000000712200000|  0%| F|  |TAMS 0x0000000712000000, 0x0000000712000000| Untracked 
|  71|0x0000000712200000, 0x0000000712200000, 0x0000000712400000|  0%| F|  |TAMS 0x0000000712200000, 0x0000000712200000| Untracked 
|  72|0x0000000712400000, 0x0000000712400000, 0x0000000712600000|  0%| F|  |TAMS 0x0000000712400000, 0x0000000712400000| Untracked 
|  73|0x0000000712600000, 0x0000000712600000, 0x0000000712800000|  0%| F|  |TAMS 0x0000000712600000, 0x0000000712600000| Untracked 
|  74|0x0000000712800000, 0x0000000712800000, 0x0000000712a00000|  0%| F|  |TAMS 0x0000000712800000, 0x0000000712800000| Untracked 
|  75|0x0000000712a00000, 0x0000000712a00000, 0x0000000712c00000|  0%| F|  |TAMS 0x0000000712a00000, 0x0000000712a00000| Untracked 
|  76|0x0000000712c00000, 0x0000000712c00000, 0x0000000712e00000|  0%| F|  |TAMS 0x0000000712c00000, 0x0000000712c00000| Untracked 
|  77|0x0000000712e00000, 0x0000000712e00000, 0x0000000713000000|  0%| F|  |TAMS 0x0000000712e00000, 0x0000000712e00000| Untracked 
|  78|0x0000000713000000, 0x0000000713000000, 0x0000000713200000|  0%| F|  |TAMS 0x0000000713000000, 0x0000000713000000| Untracked 
|  79|0x0000000713200000, 0x0000000713200000, 0x0000000713400000|  0%| F|  |TAMS 0x0000000713200000, 0x0000000713200000| Untracked 
|  80|0x0000000713400000, 0x0000000713400000, 0x0000000713600000|  0%| F|  |TAMS 0x0000000713400000, 0x0000000713400000| Untracked 
|  81|0x0000000713600000, 0x0000000713600000, 0x0000000713800000|  0%| F|  |TAMS 0x0000000713600000, 0x0000000713600000| Untracked 
|  82|0x0000000713800000, 0x0000000713800000, 0x0000000713a00000|  0%| F|  |TAMS 0x0000000713800000, 0x0000000713800000| Untracked 
|  83|0x0000000713a00000, 0x0000000713a00000, 0x0000000713c00000|  0%| F|  |TAMS 0x0000000713a00000, 0x0000000713a00000| Untracked 
|  84|0x0000000713c00000, 0x0000000713c00000, 0x0000000713e00000|  0%| F|  |TAMS 0x0000000713c00000, 0x0000000713c00000| Untracked 
|  85|0x0000000713e00000, 0x0000000713e00000, 0x0000000714000000|  0%| F|  |TAMS 0x0000000713e00000, 0x0000000713e00000| Untracked 
|  86|0x0000000714000000, 0x0000000714000000, 0x0000000714200000|  0%| F|  |TAMS 0x0000000714000000, 0x0000000714000000| Untracked 
|  87|0x0000000714200000, 0x0000000714200000, 0x0000000714400000|  0%| F|  |TAMS 0x0000000714200000, 0x0000000714200000| Untracked 
|  88|0x0000000714400000, 0x0000000714400000, 0x0000000714600000|  0%| F|  |TAMS 0x0000000714400000, 0x0000000714400000| Untracked 
|  89|0x0000000714600000, 0x0000000714600000, 0x0000000714800000|  0%| F|  |TAMS 0x0000000714600000, 0x0000000714600000| Untracked 
|  90|0x0000000714800000, 0x0000000714800000, 0x0000000714a00000|  0%| F|  |TAMS 0x0000000714800000, 0x0000000714800000| Untracked 
|  91|0x0000000714a00000, 0x0000000714a00000, 0x0000000714c00000|  0%| F|  |TAMS 0x0000000714a00000, 0x0000000714a00000| Untracked 
|  92|0x0000000714c00000, 0x0000000714c00000, 0x0000000714e00000|  0%| F|  |TAMS 0x0000000714c00000, 0x0000000714c00000| Untracked 
|  93|0x0000000714e00000, 0x0000000714e00000, 0x0000000715000000|  0%| F|  |TAMS 0x0000000714e00000, 0x0000000714e00000| Untracked 
|  94|0x0000000715000000, 0x0000000715000000, 0x0000000715200000|  0%| F|  |TAMS 0x0000000715000000, 0x0000000715000000| Untracked 
|  95|0x0000000715200000, 0x0000000715200000, 0x0000000715400000|  0%| F|  |TAMS 0x0000000715200000, 0x0000000715200000| Untracked 
|  96|0x0000000715400000, 0x0000000715400000, 0x0000000715600000|  0%| F|  |TAMS 0x0000000715400000, 0x0000000715400000| Untracked 
|  97|0x0000000715600000, 0x0000000715600000, 0x0000000715800000|  0%| F|  |TAMS 0x0000000715600000, 0x0000000715600000| Untracked 
|  98|0x0000000715800000, 0x0000000715800000, 0x0000000715a00000|  0%| F|  |TAMS 0x0000000715800000, 0x0000000715800000| Untracked 
|  99|0x0000000715a00000, 0x0000000715a00000, 0x0000000715c00000|  0%| F|  |TAMS 0x0000000715a00000, 0x0000000715a00000| Untracked 
| 100|0x0000000715c00000, 0x0000000715c00000, 0x0000000715e00000|  0%| F|  |TAMS 0x0000000715c00000, 0x0000000715c00000| Untracked 
| 101|0x0000000715e00000, 0x0000000715e00000, 0x0000000716000000|  0%| F|  |TAMS 0x0000000715e00000, 0x0000000715e00000| Untracked 
| 102|0x0000000716000000, 0x0000000716000000, 0x0000000716200000|  0%| F|  |TAMS 0x0000000716000000, 0x0000000716000000| Untracked 
| 103|0x0000000716200000, 0x0000000716200000, 0x0000000716400000|  0%| F|  |TAMS 0x0000000716200000, 0x0000000716200000| Untracked 
| 104|0x0000000716400000, 0x0000000716400000, 0x0000000716600000|  0%| F|  |TAMS 0x0000000716400000, 0x0000000716400000| Untracked 
| 105|0x0000000716600000, 0x0000000716600000, 0x0000000716800000|  0%| F|  |TAMS 0x0000000716600000, 0x0000000716600000| Untracked 
| 106|0x0000000716800000, 0x0000000716800000, 0x0000000716a00000|  0%| F|  |TAMS 0x0000000716800000, 0x0000000716800000| Untracked 
| 107|0x0000000716a00000, 0x0000000716a00000, 0x0000000716c00000|  0%| F|  |TAMS 0x0000000716a00000, 0x0000000716a00000| Untracked 
| 108|0x0000000716c00000, 0x0000000716c00000, 0x0000000716e00000|  0%| F|  |TAMS 0x0000000716c00000, 0x0000000716c00000| Untracked 
| 109|0x0000000716e00000, 0x0000000716e00000, 0x0000000717000000|  0%| F|  |TAMS 0x0000000716e00000, 0x0000000716e00000| Untracked 
| 110|0x0000000717000000, 0x0000000717000000, 0x0000000717200000|  0%| F|  |TAMS 0x0000000717000000, 0x0000000717000000| Untracked 
| 111|0x0000000717200000, 0x0000000717200000, 0x0000000717400000|  0%| F|  |TAMS 0x0000000717200000, 0x0000000717200000| Untracked 
| 112|0x0000000717400000, 0x0000000717400000, 0x0000000717600000|  0%| F|  |TAMS 0x0000000717400000, 0x0000000717400000| Untracked 
| 113|0x0000000717600000, 0x0000000717600000, 0x0000000717800000|  0%| F|  |TAMS 0x0000000717600000, 0x0000000717600000| Untracked 
| 114|0x0000000717800000, 0x0000000717800000, 0x0000000717a00000|  0%| F|  |TAMS 0x0000000717800000, 0x0000000717800000| Untracked 
| 115|0x0000000717a00000, 0x0000000717a00000, 0x0000000717c00000|  0%| F|  |TAMS 0x0000000717a00000, 0x0000000717a00000| Untracked 
| 116|0x0000000717c00000, 0x0000000717c00000, 0x0000000717e00000|  0%| F|  |TAMS 0x0000000717c00000, 0x0000000717c00000| Untracked 
| 117|0x0000000717e00000, 0x0000000717e00000, 0x0000000718000000|  0%| F|  |TAMS 0x0000000717e00000, 0x0000000717e00000| Untracked 
| 118|0x0000000718000000, 0x0000000718000000, 0x0000000718200000|  0%| F|  |TAMS 0x0000000718000000, 0x0000000718000000| Untracked 
| 119|0x0000000718200000, 0x0000000718200000, 0x0000000718400000|  0%| F|  |TAMS 0x0000000718200000, 0x0000000718200000| Untracked 
| 120|0x0000000718400000, 0x0000000718400000, 0x0000000718600000|  0%| F|  |TAMS 0x0000000718400000, 0x0000000718400000| Untracked 
| 121|0x0000000718600000, 0x0000000718600000, 0x0000000718800000|  0%| F|  |TAMS 0x0000000718600000, 0x0000000718600000| Untracked 
| 122|0x0000000718800000, 0x00000007189546f0, 0x0000000718a00000| 66%| E|  |TAMS 0x0000000718800000, 0x0000000718800000| Complete 
| 123|0x0000000718a00000, 0x0000000718c00000, 0x0000000718c00000|100%| E|CS|TAMS 0x0000000718a00000, 0x0000000718a00000| Complete 

Card table byte_map: [0x000001f56d000000,0x000001f56d7c0000] _byte_map_base: 0x000001f5697b6000

Marking Bits (Prev, Next): (CMBitMap*) 0x000001f5557ad2e0, (CMBitMap*) 0x000001f5557ad320
 Prev Bits: [0x000001f56df80000, 0x000001f571d30000)
 Next Bits: [0x000001f571d30000, 0x000001f575ae0000)

Polling page: 0x000001f5536c0000

Metaspace:

Usage:
  Non-class:    594.54 KB used.
      Class:     53.52 KB used.
       Both:    648.05 KB used.

Virtual space:
  Non-class space:        8.00 MB reserved,     640.00 KB (  8%) committed,  1 nodes.
      Class space:        1.00 GB reserved,     128.00 KB ( <1%) committed,  1 nodes.
             Both:        1.01 GB reserved,     768.00 KB ( <1%) committed. 

Chunk freelists:
   Non-Class:  3.89 MB
       Class:  3.73 MB
        Both:  7.62 MB

MaxMetaspaceSize: unlimited
CompressedClassSpaceSize: 1.00 GB
Initial GC threshold: 21.00 MB
Current GC threshold: 21.00 MB
CDS: on
MetaspaceReclaimPolicy: balanced
 - commit_granule_bytes: 65536.
 - commit_granule_words: 8192.
 - virtual_space_node_default_size: 1048576.
 - enlarge_chunks_in_place: 1.
 - new_chunks_are_fully_committed: 0.
 - uncommit_free_chunks: 1.
 - use_allocation_guard: 0.
 - handle_deallocations: 1.


Internal statistics:

num_allocs_failed_limit: 0.
num_arena_births: 8.
num_arena_deaths: 0.
num_vsnodes_births: 2.
num_vsnodes_deaths: 0.
num_space_committed: 12.
num_space_uncommitted: 0.
num_chunks_returned_to_freelist: 0.
num_chunks_taken_from_freelist: 17.
num_chunk_merges: 0.
num_chunk_splits: 11.
num_chunks_enlarged: 8.
num_purges: 0.
num_inconsistent_stats: 0.

CodeHeap 'non-profiled nmethods': size=119168Kb used=56Kb max_used=56Kb free=119112Kb
 bounds [0x000001f564b50000, 0x000001f564dc0000, 0x000001f56bfb0000]
CodeHeap 'profiled nmethods': size=119104Kb used=230Kb max_used=230Kb free=118873Kb
 bounds [0x000001f55d700000, 0x000001f55d970000, 0x000001f564b50000]
CodeHeap 'non-nmethods': size=7488Kb used=1675Kb max_used=1689Kb free=5812Kb
 bounds [0x000001f55cfb0000, 0x000001f55d220000, 0x000001f55d700000]
 total_blobs=594 nmethods=202 adapters=304
 compilation: enabled
              stopped_count=0, restarted_count=0
 full_count=0

Compilation events (20 events):
Event: 0.130 Thread 0x000001f579426780  191       3       jdk.internal.jimage.ImageLocation::readValue (61 bytes)
Event: 0.130 Thread 0x000001f579424dc0  192       4       java.nio.DirectByteBuffer::ix (10 bytes)
Event: 0.130 Thread 0x000001f57954f490  193       3       java.lang.StringCoding::hasNegatives (25 bytes)
Event: 0.130 Thread 0x000001f579426780 nmethod 191 0x000001f55d735690 code [0x000001f55d735860, 0x000001f55d735c38]
Event: 0.131 Thread 0x000001f57954f490 nmethod 193 0x000001f55d735e10 code [0x000001f55d735fc0, 0x000001f55d7361f8]
Event: 0.131 Thread 0x000001f579424dc0 nmethod 192 0x000001f564b5d610 code [0x000001f564b5d780, 0x000001f564b5d7f8]
Event: 0.131 Thread 0x000001f57954f490  194       3       java.lang.StringBuilder::append (8 bytes)
Event: 0.131 Thread 0x000001f579426780  195       3       java.lang.AbstractStringBuilder::append (77 bytes)
Event: 0.131 Thread 0x000001f57954f490 nmethod 194 0x000001f55d736310 code [0x000001f55d7364a0, 0x000001f55d7365e8]
Event: 0.131 Thread 0x000001f579426780 nmethod 195 0x000001f55d736690 code [0x000001f55d7368a0, 0x000001f55d736f48]
Event: 0.131 Thread 0x000001f57954f490  196       3       java.lang.StringLatin1::replace (198 bytes)
Event: 0.132 Thread 0x000001f57954f490 nmethod 196 0x000001f55d737190 code [0x000001f55d737420, 0x000001f55d7381a8]
Event: 0.133 Thread 0x000001f57954f490  197       3       java.lang.Class::getName (18 bytes)
Event: 0.134 Thread 0x000001f57954f490 nmethod 197 0x000001f55d738690 code [0x000001f55d738840, 0x000001f55d7389c8]
Event: 0.149 Thread 0x000001f57954f490  199       3       jdk.internal.misc.Unsafe::getLongUnaligned (173 bytes)
Event: 0.149 Thread 0x000001f57954f490 nmethod 199 0x000001f55d738a90 code [0x000001f55d738c60, 0x000001f55d739088]
Event: 0.150 Thread 0x000001f579424dc0  200       4       jdk.internal.misc.Unsafe::getLongUnaligned (173 bytes)
Event: 0.150 Thread 0x000001f579424dc0 nmethod 200 0x000001f564b5dd10 code [0x000001f564b5de80, 0x000001f564b5df58]
Event: 0.153 Thread 0x000001f57954f490  201       3       java.lang.String::lastIndexOf (29 bytes)
Event: 0.153 Thread 0x000001f579426780  202       3       java.util.Objects::requireNonNull (15 bytes)

GC Heap History (0 events):
No events

Deoptimization events (0 events):
No events

Classes unloaded (0 events):
No events

Classes redefined (0 events):
No events

Internal exceptions (2 events):
Event: 0.091 Thread 0x000001f5557402f0 Exception <a 'java/lang/NoSuchMethodError'{0x0000000718804f38}: 'void java.lang.invoke.DirectMethodHandle$Holder.invokeStatic(java.lang.Object, java.lang.Object, java.lang.Object)'> (0x0000000718804f38) 
thrown [s\open\src\hotspot\share\interpreter\linkResolver.cpp, line 759]
Event: 0.114 Thread 0x000001f5557402f0 Exception <a 'java/lang/NullPointerException'{0x0000000718855528}> (0x0000000718855528) 
thrown [s\open\src\hotspot\share\interpreter\linkResolver.cpp, line 1350]

VM Operations (2 events):
Event: 0.089 Executing VM operation: HandshakeAllThreads
Event: 0.089 Executing VM operation: HandshakeAllThreads done

Events (20 events):
Event: 0.119 loading class sun/net/www/URLConnection
Event: 0.119 loading class sun/net/www/URLConnection done
Event: 0.119 loading class sun/net/www/protocol/file/FileURLConnection done
Event: 0.119 loading class sun/net/www/MessageHeader
Event: 0.119 loading class sun/net/www/MessageHeader done
Event: 0.119 loading class sun/net/www/protocol/jar/URLJarFile
Event: 0.119 loading class sun/net/www/protocol/jar/URLJarFile done
Event: 0.119 loading class sun/net/www/protocol/jar/URLJarFile$URLJarFileEntry
Event: 0.119 loading class sun/net/www/protocol/jar/URLJarFile$URLJarFileEntry done
Event: 0.119 loading class sun/net/www/protocol/jar/JarURLConnection$JarURLInputStream
Event: 0.119 loading class sun/net/www/protocol/jar/JarURLConnection$JarURLInputStream done
Event: 0.130 loading class java/util/Formatter$FixedString
Event: 0.130 loading class java/util/Formatter$FixedString done
Event: 0.132 loading class java/io/FileOutputStream$1
Event: 0.132 loading class java/io/FileOutputStream$1 done
Event: 0.133 loading class java/io/DeleteOnExitHook
Event: 0.133 loading class java/io/DeleteOnExitHook done
Event: 0.133 loading class java/io/DeleteOnExitHook$1
Event: 0.133 loading class java/io/DeleteOnExitHook$1 done
Event: 0.153 Loaded shared library C:\Users\Tohsaka\AppData\Local\Temp\jansi-2.4.0-3efd7c42ef8e0655-jansi.dll


Dynamic libraries:
0x00007ff7f1720000 - 0x00007ff7f1730000 	E:\java17\bin\javaw.exe
0x00007ffe11100000 - 0x00007ffe11309000 	C:\WINDOWS\SYSTEM32\ntdll.dll
0x00007ffe106c0000 - 0x00007ffe1077d000 	C:\WINDOWS\System32\KERNEL32.DLL
0x00007ffe0ea70000 - 0x00007ffe0edec000 	C:\WINDOWS\System32\KERNELBASE.dll
0x00007ffe0bb70000 - 0x00007ffe0bc01000 	C:\WINDOWS\SYSTEM32\apphelp.dll
0x00007ffe0e920000 - 0x00007ffe0ea31000 	C:\WINDOWS\System32\ucrtbase.dll
0x00007ffdf63a0000 - 0x00007ffdf63ba000 	E:\java17\bin\VCRUNTIME140.dll
0x00007ffdf9320000 - 0x00007ffdf9338000 	E:\java17\bin\jli.dll
0x00007ffe0f400000 - 0x00007ffe0f4ae000 	C:\WINDOWS\System32\ADVAPI32.dll
0x00007ffe100a0000 - 0x00007ffe10143000 	C:\WINDOWS\System32\msvcrt.dll
0x00007ffe109a0000 - 0x00007ffe10a3e000 	C:\WINDOWS\System32\sechost.dll
0x00007ffe10590000 - 0x00007ffe106b0000 	C:\WINDOWS\System32\RPCRT4.dll
0x00007ffe10a40000 - 0x00007ffe10bed000 	C:\WINDOWS\System32\USER32.dll
0x00007ffe0ea40000 - 0x00007ffe0ea66000 	C:\WINDOWS\System32\win32u.dll
0x00007ffdfec20000 - 0x00007ffdfeec5000 	C:\WINDOWS\WinSxS\amd64_microsoft.windows.common-controls_6595b64144ccf1df_6.0.22000.120_none_9d947278b86cc467\COMCTL32.dll
0x00007ffe10150000 - 0x00007ffe10179000 	C:\WINDOWS\System32\GDI32.dll
0x00007ffe0ee70000 - 0x00007ffe0ef89000 	C:\WINDOWS\System32\gdi32full.dll
0x00007ffe0e650000 - 0x00007ffe0e6ed000 	C:\WINDOWS\System32\msvcp_win.dll
0x00007ffe06e70000 - 0x00007ffe06e7a000 	C:\WINDOWS\SYSTEM32\VERSION.dll
0x00007ffe0f150000 - 0x00007ffe0f181000 	C:\WINDOWS\System32\IMM32.DLL
0x00007ffe0ae60000 - 0x00007ffe0ae6c000 	E:\java17\bin\vcruntime140_1.dll
0x00007ffdf0510000 - 0x00007ffdf059d000 	E:\java17\bin\msvcp140.dll
0x00007ffdae370000 - 0x00007ffdaef32000 	E:\java17\bin\server\jvm.dll
0x00007ffe10080000 - 0x00007ffe10088000 	C:\WINDOWS\System32\PSAPI.DLL
0x00007ffe09b60000 - 0x00007ffe09b69000 	C:\WINDOWS\SYSTEM32\WSOCK32.dll
0x00007ffe0f390000 - 0x00007ffe0f3ff000 	C:\WINDOWS\System32\WS2_32.dll
0x00007ffe09100000 - 0x00007ffe09133000 	C:\WINDOWS\SYSTEM32\WINMM.dll
0x00007ffe0d6d0000 - 0x00007ffe0d6e8000 	C:\WINDOWS\SYSTEM32\kernel.appcore.dll
0x00007ffe08f30000 - 0x00007ffe08f3a000 	E:\java17\bin\jimage.dll
0x00007ffdffa90000 - 0x00007ffdffcb1000 	C:\WINDOWS\SYSTEM32\DBGHELP.DLL
0x00007ffdff500000 - 0x00007ffdff531000 	C:\WINDOWS\SYSTEM32\dbgcore.DLL
0x00007ffe0edf0000 - 0x00007ffe0ee6f000 	C:\WINDOWS\System32\bcryptPrimitives.dll
0x00007ffdf5f30000 - 0x00007ffdf5f55000 	E:\java17\bin\java.dll
0x00007ffde5fd0000 - 0x00007ffde60a6000 	E:\java17\bin\jsvml.dll
0x00007ffe0f8c0000 - 0x00007ffe10078000 	C:\WINDOWS\System32\SHELL32.dll
0x00007ffe0c740000 - 0x00007ffe0cfa8000 	C:\WINDOWS\SYSTEM32\windows.storage.dll
0x00007ffe0f540000 - 0x00007ffe0f8b9000 	C:\WINDOWS\System32\combase.dll
0x00007ffe0c5d0000 - 0x00007ffe0c736000 	C:\WINDOWS\SYSTEM32\wintypes.dll
0x00007ffe0f190000 - 0x00007ffe0f27a000 	C:\WINDOWS\System32\SHCORE.dll
0x00007ffe10780000 - 0x00007ffe107dd000 	C:\WINDOWS\System32\shlwapi.dll
0x00007ffe0e510000 - 0x00007ffe0e531000 	C:\WINDOWS\SYSTEM32\profapi.dll
0x00007ffdf58e0000 - 0x00007ffdf58f9000 	E:\java17\bin\net.dll
0x00007ffe08270000 - 0x00007ffe0837c000 	C:\WINDOWS\SYSTEM32\WINHTTP.dll
0x00007ffe0db00000 - 0x00007ffe0db67000 	C:\WINDOWS\system32\mswsock.dll
0x00007ffdf5740000 - 0x00007ffdf5756000 	E:\java17\bin\nio.dll
0x00007ffdf5710000 - 0x00007ffdf5728000 	E:\java17\bin\zip.dll
0x00007ffe05790000 - 0x00007ffe0579e000 	E:\java17\bin\instrument.dll
0x0000000069ac0000 - 0x0000000069ae4000 	C:\Users\Tohsaka\AppData\Local\Temp\jansi-2.4.0-3efd7c42ef8e0655-jansi.dll

dbghelp: loaded successfully - version: 4.0.5 - missing functions: none
symbol engine: initialized successfully - sym options: 0x614 - pdb path: .;E:\java17\bin;C:\WINDOWS\SYSTEM32;C:\WINDOWS\WinSxS\amd64_microsoft.windows.common-controls_6595b64144ccf1df_6.0.22000.120_none_9d947278b86cc467;E:\java17\bin\server;C:\Users\Tohsaka\AppData\Local\Temp

VM Arguments:
java_command: D:\Rin\mcl.jar
java_class_path (initial): D:\Rin\mcl.jar
Launcher Type: SUN_STANDARD

[Global flags]
     intx CICompilerCount                          = 12                                        {product} {ergonomic}
     uint ConcGCThreads                            = 3                                         {product} {ergonomic}
     uint G1ConcRefinementThreads                  = 13                                        {product} {ergonomic}
   size_t G1HeapRegionSize                         = 2097152                                   {product} {ergonomic}
    uintx GCDrainStackTargetSize                   = 64                                        {product} {ergonomic}
   size_t InitialHeapSize                          = 260046848                                 {product} {ergonomic}
   size_t MarkStackSize                            = 4194304                                   {product} {ergonomic}
   size_t MaxHeapSize                              = 4139778048                                {product} {ergonomic}
   size_t MaxNewSize                               = 2483027968                                {product} {ergonomic}
   size_t MinHeapDeltaBytes                        = 2097152                                   {product} {ergonomic}
   size_t MinHeapSize                              = 8388608                                   {product} {ergonomic}
    uintx NonNMethodCodeHeapSize                   = 7602480                                {pd product} {ergonomic}
    uintx NonProfiledCodeHeapSize                  = 122027880                              {pd product} {ergonomic}
    uintx ProfiledCodeHeapSize                     = 122027880                              {pd product} {ergonomic}
    uintx ReservedCodeCacheSize                    = 251658240                              {pd product} {ergonomic}
     bool SegmentedCodeCache                       = true                                      {product} {ergonomic}
   size_t SoftMaxHeapSize                          = 4139778048                             {manageable} {ergonomic}
     bool UseCompressedClassPointers               = true                           {product lp64_product} {ergonomic}
     bool UseCompressedOops                        = true                           {product lp64_product} {ergonomic}
     bool UseG1GC                                  = true                                      {product} {ergonomic}
     bool UseLargePagesIndividualAllocation        = false                                  {pd product} {ergonomic}

Logging:
Log output configuration:
 #0: stdout all=warning uptime,level,tags
 #1: stderr all=off uptime,level,tags

Environment Variables:
JAVA_HOME=E:\java17
CLASSPATH=.;E:\java17\lib\dt.jar;E:\java17\lib\tools.jar; 
PATH=C:\Program Files\Common Files\Oracle\Java\javapath;C:\ProgramData\Oracle\Java\javapath;C:\Program Files (x86)\NetSarang\Xshell 6\;C:\WINDOWS\system32;C:\WINDOWS;C:\WINDOWS\System32\Wbem;C:\WINDOWS\System32\WindowsPowerShell\v1.0\;C:\WINDOWS\System32\OpenSSH\;"E:\java17\bin;E:\java17\jre\bin;";C:\Program Files\nodejs\;C:\Program Files\nodejs\node_global\node_modules;C:\Program Files\nodejs;C:\Program Files\nodejs\node_global;C:\Program Files\nodejs\node_modules\cnpm\bin;C:\Program Files (x86)\NetSarang\Xftp 7\;E:\GIT\Git\cmd;E:\MySQL\bin;C:\Users\Tohsaka\AppData\Local\Programs\Python\Python39\Scripts\;C:\Users\Tohsaka\AppData\Local\Programs\Python\Python39\;C:\Users\Tohsaka\AppData\Local\Microsoft\WindowsApps;E:\Microsoft VS Code\bin;C:\Users\Tohsaka\AppData\Roaming\npm;C:\Program Files\nodejs\node_global;
USERNAME=Tohsaka
OS=Windows_NT
PROCESSOR_IDENTIFIER=AMD64 Family 23 Model 96 Stepping 1, AuthenticAMD



---------------  S Y S T E M  ---------------

OS:
 Windows 11 , 64 bit Build 22000 (10.0.22000.708)
OS uptime: 0 days 18:33 hours

CPU: total 16 (initial active 16) (16 cores per cpu, 2 threads per core) family 23 model 96 stepping 1 microcode 0x0, cx8, cmov, fxsr, ht, mmx, 3dnowpref, sse, sse2, sse3, ssse3, sse4a, sse4.1, sse4.2, popcnt, lzcnt, tsc, tscinvbit, avx, avx2, aes, clmul, bmi1, bmi2, adx, sha, fma, vzeroupper, clflush, clflushopt

Memory: 4k page, system-wide physical 15789M (10330M free)
TotalPageFile size 17965M (AvailPageFile size 8982M)
current process WorkingSet (physical memory assigned to process): 35M, peak: 35M
current process commit charge ("private bytes"): 346M, peak: 346M

vm_info: Java HotSpot(TM) 64-Bit Server VM (17.0.4.1+1-LTS-2) for windows-amd64 JRE (17.0.4.1+1-LTS-2), built on Aug 16 2022 18:32:06 by "mach5one" with MS VC++ 16.8 / 16.9 (VS2019)

END.
