[sender:1679124358 - group:1109825279 - 2022-09-22 16:25:30] -> [mirai:at:2118654642] É¬Í¼ÂÜÀò
´íÎóÈÕÖ¾£º£ºjava.lang.NullPointerException: Cannot invoke "java.util.Map.put(Object, Object)" because "map" is null
	at plugin-3.2.1-SNAPSHOT.mirai.jar//com.happysnaker.utils.IOUtil.sendAndGetResponseMap(IOUtil.java:69)
	at plugin-3.2.1-SNAPSHOT.mirai.jar//com.happysnaker.utils.IOUtil.sendAndGetResponseMap(IOUtil.java:87)
	at plugin-3.2.1-SNAPSHOT.mirai.jar//com.happysnaker.api.PixivApi.getSeImagePid(PixivApi.java:75)
	at plugin-3.2.1-SNAPSHOT.mirai.jar//com.happysnaker.handler.impl.ImageShareMessageEventHandler.doParseSeImage(ImageShareMessageEventHandler.java:166)
	at plugin-3.2.1-SNAPSHOT.mirai.jar//com.happysnaker.handler.impl.ImageShareMessageEventHandler.handleMessageEvent(ImageShareMessageEventHandler.java:76)
	at plugin-3.2.1-SNAPSHOT.mirai.jar//com.happysnaker.context.Context.execute(Context.java:98)
	at plugin-3.2.1-SNAPSHOT.mirai.jar//com.happysnaker.proxy.MessageHandlerProxy.handleMessageEvent(MessageHandlerProxy.java:71)
	at plugin-3.2.1-SNAPSHOT.mirai.jar//com.happysnaker.starter.HRobotStarter.lambda$Start$0(HRobotStarter.java:59)
	at net.mamoe.mirai.event.EventChannel$subscribeAlways$2$1.invoke(EventChannel.kt:631)
	at net.mamoe.mirai.event.EventChannel$subscribeAlways$2$1.invoke(EventChannel.kt:631)
	at kotlinx.coroutines.InterruptibleKt.runInterruptibleInExpectedContext(Interruptible.kt:51)
	at kotlinx.coroutines.InterruptibleKt.access$runInterruptibleInExpectedContext(Interruptible.kt:1)
	at kotlinx.coroutines.InterruptibleKt$runInterruptible$2.invokeSuspend(Interruptible.kt:43)
	at kotlin.coroutines.jvm.internal.BaseContinuationImpl.resumeWith(ContinuationImpl.kt:33)
	at kotlinx.coroutines.DispatchedTask.run(DispatchedTask.kt:106)
	at kotlinx.coroutines.internal.LimitedDispatcher.run(LimitedDispatcher.kt:42)
	at kotlinx.coroutines.scheduling.TaskImpl.run(Tasks.kt:95)
	at kotlinx.coroutines.scheduling.CoroutineScheduler.runSafely(CoroutineScheduler.kt:570)
	at kotlinx.coroutines.scheduling.CoroutineScheduler$Worker.executeTask(CoroutineScheduler.kt:749)
	at kotlinx.coroutines.scheduling.CoroutineScheduler$Worker.runWorker(CoroutineScheduler.kt:677)
	at kotlinx.coroutines.scheduling.CoroutineScheduler$Worker.run(CoroutineScheduler.kt:664)

[sender:1679124358 - group:1109825279 - 2022-09-22 16:25:44] -> [mirai:at:2118654642] É¬Í¼
´íÎóÈÕÖ¾£º£ºjava.lang.NullPointerException: Cannot invoke "java.util.Map.put(Object, Object)" because "map" is null
	at plugin-3.2.1-SNAPSHOT.mirai.jar//com.happysnaker.utils.IOUtil.sendAndGetResponseMap(IOUtil.java:69)
	at plugin-3.2.1-SNAPSHOT.mirai.jar//com.happysnaker.utils.IOUtil.sendAndGetResponseMap(IOUtil.java:87)
	at plugin-3.2.1-SNAPSHOT.mirai.jar//com.happysnaker.api.PixivApi.getSeImagePid(PixivApi.java:75)
	at plugin-3.2.1-SNAPSHOT.mirai.jar//com.happysnaker.handler.impl.ImageShareMessageEventHandler.doParseSeImage(ImageShareMessageEventHandler.java:166)
	at plugin-3.2.1-SNAPSHOT.mirai.jar//com.happysnaker.handler.impl.ImageShareMessageEventHandler.handleMessageEvent(ImageShareMessageEventHandler.java:76)
	at plugin-3.2.1-SNAPSHOT.mirai.jar//com.happysnaker.context.Context.execute(Context.java:98)
	at plugin-3.2.1-SNAPSHOT.mirai.jar//com.happysnaker.proxy.MessageHandlerProxy.handleMessageEvent(MessageHandlerProxy.java:71)
	at plugin-3.2.1-SNAPSHOT.mirai.jar//com.happysnaker.starter.HRobotStarter.lambda$Start$0(HRobotStarter.java:59)
	at net.mamoe.mirai.event.EventChannel$subscribeAlways$2$1.invoke(EventChannel.kt:631)
	at net.mamoe.mirai.event.EventChannel$subscribeAlways$2$1.invoke(EventChannel.kt:631)
	at kotlinx.coroutines.InterruptibleKt.runInterruptibleInExpectedContext(Interruptible.kt:51)
	at kotlinx.coroutines.InterruptibleKt.access$runInterruptibleInExpectedContext(Interruptible.kt:1)
	at kotlinx.coroutines.InterruptibleKt$runInterruptible$2.invokeSuspend(Interruptible.kt:43)
	at kotlin.coroutines.jvm.internal.BaseContinuationImpl.resumeWith(ContinuationImpl.kt:33)
	at kotlinx.coroutines.DispatchedTask.run(DispatchedTask.kt:106)
	at kotlinx.coroutines.internal.LimitedDispatcher.run(LimitedDispatcher.kt:42)
	at kotlinx.coroutines.scheduling.TaskImpl.run(Tasks.kt:95)
	at kotlinx.coroutines.scheduling.CoroutineScheduler.runSafely(CoroutineScheduler.kt:570)
	at kotlinx.coroutines.scheduling.CoroutineScheduler$Worker.executeTask(CoroutineScheduler.kt:749)
	at kotlinx.coroutines.scheduling.CoroutineScheduler$Worker.runWorker(CoroutineScheduler.kt:677)
	at kotlinx.coroutines.scheduling.CoroutineScheduler$Worker.run(CoroutineScheduler.kt:664)

[sender:1679124358 - group:1109825279 - 2022-09-22 16:26:14] -> [mirai:at:2118654642] É¬Í¼°×Ë¿
´íÎóÈÕÖ¾£º£ºjava.lang.NullPointerException: Cannot invoke "java.util.Map.put(Object, Object)" because "map" is null
	at plugin-3.2.1-SNAPSHOT.mirai.jar//com.happysnaker.utils.IOUtil.sendAndGetResponseMap(IOUtil.java:69)
	at plugin-3.2.1-SNAPSHOT.mirai.jar//com.happysnaker.utils.IOUtil.sendAndGetResponseMap(IOUtil.java:87)
	at plugin-3.2.1-SNAPSHOT.mirai.jar//com.happysnaker.api.PixivApi.getSeImagePid(PixivApi.java:75)
	at plugin-3.2.1-SNAPSHOT.mirai.jar//com.happysnaker.handler.impl.ImageShareMessageEventHandler.doParseSeImage(ImageShareMessageEventHandler.java:166)
	at plugin-3.2.1-SNAPSHOT.mirai.jar//com.happysnaker.handler.impl.ImageShareMessageEventHandler.handleMessageEvent(ImageShareMessageEventHandler.java:76)
	at plugin-3.2.1-SNAPSHOT.mirai.jar//com.happysnaker.context.Context.execute(Context.java:98)
	at plugin-3.2.1-SNAPSHOT.mirai.jar//com.happysnaker.proxy.MessageHandlerProxy.handleMessageEvent(MessageHandlerProxy.java:71)
	at plugin-3.2.1-SNAPSHOT.mirai.jar//com.happysnaker.starter.HRobotStarter.lambda$Start$0(HRobotStarter.java:59)
	at net.mamoe.mirai.event.EventChannel$subscribeAlways$2$1.invoke(EventChannel.kt:631)
	at net.mamoe.mirai.event.EventChannel$subscribeAlways$2$1.invoke(EventChannel.kt:631)
	at kotlinx.coroutines.InterruptibleKt.runInterruptibleInExpectedContext(Interruptible.kt:51)
	at kotlinx.coroutines.InterruptibleKt.access$runInterruptibleInExpectedContext(Interruptible.kt:1)
	at kotlinx.coroutines.InterruptibleKt$runInterruptible$2.invokeSuspend(Interruptible.kt:43)
	at kotlin.coroutines.jvm.internal.BaseContinuationImpl.resumeWith(ContinuationImpl.kt:33)
	at kotlinx.coroutines.DispatchedTask.run(DispatchedTask.kt:106)
	at kotlinx.coroutines.internal.LimitedDispatcher.run(LimitedDispatcher.kt:42)
	at kotlinx.coroutines.scheduling.TaskImpl.run(Tasks.kt:95)
	at kotlinx.coroutines.scheduling.CoroutineScheduler.runSafely(CoroutineScheduler.kt:570)
	at kotlinx.coroutines.scheduling.CoroutineScheduler$Worker.executeTask(CoroutineScheduler.kt:749)
	at kotlinx.coroutines.scheduling.CoroutineScheduler$Worker.runWorker(CoroutineScheduler.kt:677)
	at kotlinx.coroutines.scheduling.CoroutineScheduler$Worker.run(CoroutineScheduler.kt:664)

[sender:1679124358 - group:1109825279 - 2022-09-22 16:26:35] -> [mirai:at:2118654642] É¬Í¼ °×Ë¿
´íÎóÈÕÖ¾£º£ºjava.lang.NullPointerException: Cannot invoke "java.util.Map.put(Object, Object)" because "map" is null
	at plugin-3.2.1-SNAPSHOT.mirai.jar//com.happysnaker.utils.IOUtil.sendAndGetResponseMap(IOUtil.java:69)
	at plugin-3.2.1-SNAPSHOT.mirai.jar//com.happysnaker.utils.IOUtil.sendAndGetResponseMap(IOUtil.java:87)
	at plugin-3.2.1-SNAPSHOT.mirai.jar//com.happysnaker.api.PixivApi.getSeImagePid(PixivApi.java:75)
	at plugin-3.2.1-SNAPSHOT.mirai.jar//com.happysnaker.handler.impl.ImageShareMessageEventHandler.doParseSeImage(ImageShareMessageEventHandler.java:166)
	at plugin-3.2.1-SNAPSHOT.mirai.jar//com.happysnaker.handler.impl.ImageShareMessageEventHandler.handleMessageEvent(ImageShareMessageEventHandler.java:76)
	at plugin-3.2.1-SNAPSHOT.mirai.jar//com.happysnaker.context.Context.execute(Context.java:98)
	at plugin-3.2.1-SNAPSHOT.mirai.jar//com.happysnaker.proxy.MessageHandlerProxy.handleMessageEvent(MessageHandlerProxy.java:71)
	at plugin-3.2.1-SNAPSHOT.mirai.jar//com.happysnaker.starter.HRobotStarter.lambda$Start$0(HRobotStarter.java:59)
	at net.mamoe.mirai.event.EventChannel$subscribeAlways$2$1.invoke(EventChannel.kt:631)
	at net.mamoe.mirai.event.EventChannel$subscribeAlways$2$1.invoke(EventChannel.kt:631)
	at kotlinx.coroutines.InterruptibleKt.runInterruptibleInExpectedContext(Interruptible.kt:51)
	at kotlinx.coroutines.InterruptibleKt.access$runInterruptibleInExpectedContext(Interruptible.kt:1)
	at kotlinx.coroutines.InterruptibleKt$runInterruptible$2.invokeSuspend(Interruptible.kt:43)
	at kotlin.coroutines.jvm.internal.BaseContinuationImpl.resumeWith(ContinuationImpl.kt:33)
	at kotlinx.coroutines.DispatchedTask.run(DispatchedTask.kt:106)
	at kotlinx.coroutines.internal.LimitedDispatcher.run(LimitedDispatcher.kt:42)
	at kotlinx.coroutines.scheduling.TaskImpl.run(Tasks.kt:95)
	at kotlinx.coroutines.scheduling.CoroutineScheduler.runSafely(CoroutineScheduler.kt:570)
	at kotlinx.coroutines.scheduling.CoroutineScheduler$Worker.executeTask(CoroutineScheduler.kt:749)
	at kotlinx.coroutines.scheduling.CoroutineScheduler$Worker.runWorker(CoroutineScheduler.kt:677)
	at kotlinx.coroutines.scheduling.CoroutineScheduler$Worker.run(CoroutineScheduler.kt:664)

[sender:1679124358 - group:460292097 - 2022-09-22 16:28:09] -> [mirai:at:2118654642] É¬Í¼
´íÎóÈÕÖ¾£º£ºjava.lang.NullPointerException: Cannot invoke "java.util.Map.put(Object, Object)" because "map" is null
	at plugin-3.2.1-SNAPSHOT.mirai.jar//com.happysnaker.utils.IOUtil.sendAndGetResponseMap(IOUtil.java:69)
	at plugin-3.2.1-SNAPSHOT.mirai.jar//com.happysnaker.utils.IOUtil.sendAndGetResponseMap(IOUtil.java:87)
	at plugin-3.2.1-SNAPSHOT.mirai.jar//com.happysnaker.api.PixivApi.getSeImagePid(PixivApi.java:75)
	at plugin-3.2.1-SNAPSHOT.mirai.jar//com.happysnaker.handler.impl.ImageShareMessageEventHandler.doParseSeImage(ImageShareMessageEventHandler.java:166)
	at plugin-3.2.1-SNAPSHOT.mirai.jar//com.happysnaker.handler.impl.ImageShareMessageEventHandler.handleMessageEvent(ImageShareMessageEventHandler.java:76)
	at plugin-3.2.1-SNAPSHOT.mirai.jar//com.happysnaker.context.Context.execute(Context.java:98)
	at plugin-3.2.1-SNAPSHOT.mirai.jar//com.happysnaker.proxy.MessageHandlerProxy.handleMessageEvent(MessageHandlerProxy.java:71)
	at plugin-3.2.1-SNAPSHOT.mirai.jar//com.happysnaker.starter.HRobotStarter.lambda$Start$0(HRobotStarter.java:59)
	at net.mamoe.mirai.event.EventChannel$subscribeAlways$2$1.invoke(EventChannel.kt:631)
	at net.mamoe.mirai.event.EventChannel$subscribeAlways$2$1.invoke(EventChannel.kt:631)
	at kotlinx.coroutines.InterruptibleKt.runInterruptibleInExpectedContext(Interruptible.kt:51)
	at kotlinx.coroutines.InterruptibleKt.access$runInterruptibleInExpectedContext(Interruptible.kt:1)
	at kotlinx.coroutines.InterruptibleKt$runInterruptible$2.invokeSuspend(Interruptible.kt:43)
	at kotlin.coroutines.jvm.internal.BaseContinuationImpl.resumeWith(ContinuationImpl.kt:33)
	at kotlinx.coroutines.DispatchedTask.run(DispatchedTask.kt:106)
	at kotlinx.coroutines.internal.LimitedDispatcher.run(LimitedDispatcher.kt:42)
	at kotlinx.coroutines.scheduling.TaskImpl.run(Tasks.kt:95)
	at kotlinx.coroutines.scheduling.CoroutineScheduler.runSafely(CoroutineScheduler.kt:570)
	at kotlinx.coroutines.scheduling.CoroutineScheduler$Worker.executeTask(CoroutineScheduler.kt:749)
	at kotlinx.coroutines.scheduling.CoroutineScheduler$Worker.runWorker(CoroutineScheduler.kt:677)
	at kotlinx.coroutines.scheduling.CoroutineScheduler$Worker.run(CoroutineScheduler.kt:664)

[sender:1679124358 - group:460292097 - 2022-09-22 16:28:38] -> [mirai:at:2118654642] ÉñÃØ´úÂë\nÂÜÀò °×Ë¿
´íÎóÈÕÖ¾£º£ºjava.lang.NullPointerException: Cannot invoke "java.util.Map.put(Object, Object)" because "map" is null
	at plugin-3.2.1-SNAPSHOT.mirai.jar//com.happysnaker.utils.IOUtil.sendAndGetResponseMap(IOUtil.java:69)
	at plugin-3.2.1-SNAPSHOT.mirai.jar//com.happysnaker.utils.IOUtil.sendAndGetResponseMap(IOUtil.java:87)
	at plugin-3.2.1-SNAPSHOT.mirai.jar//com.happysnaker.api.PixivApi.getImagePid(PixivApi.java:48)
	at plugin-3.2.1-SNAPSHOT.mirai.jar//com.happysnaker.handler.impl.ImageShareMessageEventHandler.doParseMysteriousImage(ImageShareMessageEventHandler.java:192)
	at plugin-3.2.1-SNAPSHOT.mirai.jar//com.happysnaker.handler.impl.ImageShareMessageEventHandler.handleMessageEvent(ImageShareMessageEventHandler.java:67)
	at plugin-3.2.1-SNAPSHOT.mirai.jar//com.happysnaker.context.Context.execute(Context.java:98)
	at plugin-3.2.1-SNAPSHOT.mirai.jar//com.happysnaker.proxy.MessageHandlerProxy.handleMessageEvent(MessageHandlerProxy.java:71)
	at plugin-3.2.1-SNAPSHOT.mirai.jar//com.happysnaker.starter.HRobotStarter.lambda$Start$0(HRobotStarter.java:59)
	at net.mamoe.mirai.event.EventChannel$subscribeAlways$2$1.invoke(EventChannel.kt:631)
	at net.mamoe.mirai.event.EventChannel$subscribeAlways$2$1.invoke(EventChannel.kt:631)
	at kotlinx.coroutines.InterruptibleKt.runInterruptibleInExpectedContext(Interruptible.kt:51)
	at kotlinx.coroutines.InterruptibleKt.access$runInterruptibleInExpectedContext(Interruptible.kt:1)
	at kotlinx.coroutines.InterruptibleKt$runInterruptible$2.invokeSuspend(Interruptible.kt:43)
	at kotlin.coroutines.jvm.internal.BaseContinuationImpl.resumeWith(ContinuationImpl.kt:33)
	at kotlinx.coroutines.DispatchedTask.run(DispatchedTask.kt:106)
	at kotlinx.coroutines.internal.LimitedDispatcher.run(LimitedDispatcher.kt:42)
	at kotlinx.coroutines.scheduling.TaskImpl.run(Tasks.kt:95)
	at kotlinx.coroutines.scheduling.CoroutineScheduler.runSafely(CoroutineScheduler.kt:570)
	at kotlinx.coroutines.scheduling.CoroutineScheduler$Worker.executeTask(CoroutineScheduler.kt:749)
	at kotlinx.coroutines.scheduling.CoroutineScheduler$Worker.runWorker(CoroutineScheduler.kt:677)
	at kotlinx.coroutines.scheduling.CoroutineScheduler$Worker.run(CoroutineScheduler.kt:664)

[sender:1679124358 - group:460292097 - 2022-09-22 16:29:08] -> [mirai:at:2118654642] ¸ßÇåÉ¬Í¼
´íÎóÈÕÖ¾£º£ºjava.lang.NullPointerException: Cannot invoke "java.util.Map.put(Object, Object)" because "map" is null
	at plugin-3.2.1-SNAPSHOT.mirai.jar//com.happysnaker.utils.IOUtil.sendAndGetResponseMap(IOUtil.java:69)
	at plugin-3.2.1-SNAPSHOT.mirai.jar//com.happysnaker.utils.IOUtil.sendAndGetResponseMap(IOUtil.java:87)
	at plugin-3.2.1-SNAPSHOT.mirai.jar//com.happysnaker.api.PixivApi.getSeImagePid(PixivApi.java:75)
	at plugin-3.2.1-SNAPSHOT.mirai.jar//com.happysnaker.handler.impl.ImageShareMessageEventHandler.doParseSeImage(ImageShareMessageEventHandler.java:166)
	at plugin-3.2.1-SNAPSHOT.mirai.jar//com.happysnaker.handler.impl.ImageShareMessageEventHandler.handleMessageEvent(ImageShareMessageEventHandler.java:76)
	at plugin-3.2.1-SNAPSHOT.mirai.jar//com.happysnaker.context.Context.execute(Context.java:98)
	at plugin-3.2.1-SNAPSHOT.mirai.jar//com.happysnaker.proxy.MessageHandlerProxy.handleMessageEvent(MessageHandlerProxy.java:71)
	at plugin-3.2.1-SNAPSHOT.mirai.jar//com.happysnaker.starter.HRobotStarter.lambda$Start$0(HRobotStarter.java:59)
	at net.mamoe.mirai.event.EventChannel$subscribeAlways$2$1.invoke(EventChannel.kt:631)
	at net.mamoe.mirai.event.EventChannel$subscribeAlways$2$1.invoke(EventChannel.kt:631)
	at kotlinx.coroutines.InterruptibleKt.runInterruptibleInExpectedContext(Interruptible.kt:51)
	at kotlinx.coroutines.InterruptibleKt.access$runInterruptibleInExpectedContext(Interruptible.kt:1)
	at kotlinx.coroutines.InterruptibleKt$runInterruptible$2.invokeSuspend(Interruptible.kt:43)
	at kotlin.coroutines.jvm.internal.BaseContinuationImpl.resumeWith(ContinuationImpl.kt:33)
	at kotlinx.coroutines.DispatchedTask.run(DispatchedTask.kt:106)
	at kotlinx.coroutines.internal.LimitedDispatcher.run(LimitedDispatcher.kt:42)
	at kotlinx.coroutines.scheduling.TaskImpl.run(Tasks.kt:95)
	at kotlinx.coroutines.scheduling.CoroutineScheduler.runSafely(CoroutineScheduler.kt:570)
	at kotlinx.coroutines.scheduling.CoroutineScheduler$Worker.executeTask(CoroutineScheduler.kt:749)
	at kotlinx.coroutines.scheduling.CoroutineScheduler$Worker.runWorker(CoroutineScheduler.kt:677)
	at kotlinx.coroutines.scheduling.CoroutineScheduler$Worker.run(CoroutineScheduler.kt:664)

[sender:1679124358 - group:1109825279 - 2022-09-22 16:32:37] -> [mirai:at:2118654642] É¬Í¼
´íÎóÈÕÖ¾£º£ºjava.lang.NullPointerException: Cannot invoke "java.util.Map.put(Object, Object)" because "map" is null
	at plugin-3.2.1-SNAPSHOT.mirai.jar//com.happysnaker.utils.IOUtil.sendAndGetResponseMap(IOUtil.java:69)
	at plugin-3.2.1-SNAPSHOT.mirai.jar//com.happysnaker.utils.IOUtil.sendAndGetResponseMap(IOUtil.java:87)
	at plugin-3.2.1-SNAPSHOT.mirai.jar//com.happysnaker.api.PixivApi.getSeImagePid(PixivApi.java:75)
	at plugin-3.2.1-SNAPSHOT.mirai.jar//com.happysnaker.handler.impl.ImageShareMessageEventHandler.doParseSeImage(ImageShareMessageEventHandler.java:166)
	at plugin-3.2.1-SNAPSHOT.mirai.jar//com.happysnaker.handler.impl.ImageShareMessageEventHandler.handleMessageEvent(ImageShareMessageEventHandler.java:76)
	at plugin-3.2.1-SNAPSHOT.mirai.jar//com.happysnaker.context.Context.execute(Context.java:98)
	at plugin-3.2.1-SNAPSHOT.mirai.jar//com.happysnaker.proxy.MessageHandlerProxy.handleMessageEvent(MessageHandlerProxy.java:71)
	at plugin-3.2.1-SNAPSHOT.mirai.jar//com.happysnaker.starter.HRobotStarter.lambda$Start$0(HRobotStarter.java:59)
	at net.mamoe.mirai.event.EventChannel$subscribeAlways$2$1.invoke(EventChannel.kt:631)
	at net.mamoe.mirai.event.EventChannel$subscribeAlways$2$1.invoke(EventChannel.kt:631)
	at kotlinx.coroutines.InterruptibleKt.runInterruptibleInExpectedContext(Interruptible.kt:51)
	at kotlinx.coroutines.InterruptibleKt.access$runInterruptibleInExpectedContext(Interruptible.kt:1)
	at kotlinx.coroutines.InterruptibleKt$runInterruptible$2.invokeSuspend(Interruptible.kt:43)
	at kotlin.coroutines.jvm.internal.BaseContinuationImpl.resumeWith(ContinuationImpl.kt:33)
	at kotlinx.coroutines.DispatchedTask.run(DispatchedTask.kt:106)
	at kotlinx.coroutines.internal.LimitedDispatcher.run(LimitedDispatcher.kt:42)
	at kotlinx.coroutines.scheduling.TaskImpl.run(Tasks.kt:95)
	at kotlinx.coroutines.scheduling.CoroutineScheduler.runSafely(CoroutineScheduler.kt:570)
	at kotlinx.coroutines.scheduling.CoroutineScheduler$Worker.executeTask(CoroutineScheduler.kt:749)
	at kotlinx.coroutines.scheduling.CoroutineScheduler$Worker.runWorker(CoroutineScheduler.kt:677)
	at kotlinx.coroutines.scheduling.CoroutineScheduler$Worker.run(CoroutineScheduler.kt:664)

[sender:1679124358 - group:1109825279 - 2022-09-22 16:32:44] -> É¬Í¼·¢²»³öÀ´
´íÎóÈÕÖ¾£º£ºjava.lang.NullPointerException: Cannot invoke "java.util.Map.put(Object, Object)" because "map" is null
	at plugin-3.2.1-SNAPSHOT.mirai.jar//com.happysnaker.utils.IOUtil.sendAndGetResponseMap(IOUtil.java:69)
	at plugin-3.2.1-SNAPSHOT.mirai.jar//com.happysnaker.utils.IOUtil.sendAndGetResponseMap(IOUtil.java:87)
	at plugin-3.2.1-SNAPSHOT.mirai.jar//com.happysnaker.api.PixivApi.getSeImagePid(PixivApi.java:75)
	at plugin-3.2.1-SNAPSHOT.mirai.jar//com.happysnaker.handler.impl.ImageShareMessageEventHandler.doParseSeImage(ImageShareMessageEventHandler.java:166)
	at plugin-3.2.1-SNAPSHOT.mirai.jar//com.happysnaker.handler.impl.ImageShareMessageEventHandler.handleMessageEvent(ImageShareMessageEventHandler.java:76)
	at plugin-3.2.1-SNAPSHOT.mirai.jar//com.happysnaker.context.Context.execute(Context.java:98)
	at plugin-3.2.1-SNAPSHOT.mirai.jar//com.happysnaker.proxy.MessageHandlerProxy.handleMessageEvent(MessageHandlerProxy.java:71)
	at plugin-3.2.1-SNAPSHOT.mirai.jar//com.happysnaker.starter.HRobotStarter.lambda$Start$0(HRobotStarter.java:59)
	at net.mamoe.mirai.event.EventChannel$subscribeAlways$2$1.invoke(EventChannel.kt:631)
	at net.mamoe.mirai.event.EventChannel$subscribeAlways$2$1.invoke(EventChannel.kt:631)
	at kotlinx.coroutines.InterruptibleKt.runInterruptibleInExpectedContext(Interruptible.kt:51)
	at kotlinx.coroutines.InterruptibleKt.access$runInterruptibleInExpectedContext(Interruptible.kt:1)
	at kotlinx.coroutines.InterruptibleKt$runInterruptible$2.invokeSuspend(Interruptible.kt:43)
	at kotlin.coroutines.jvm.internal.BaseContinuationImpl.resumeWith(ContinuationImpl.kt:33)
	at kotlinx.coroutines.DispatchedTask.run(DispatchedTask.kt:106)
	at kotlinx.coroutines.internal.LimitedDispatcher.run(LimitedDispatcher.kt:42)
	at kotlinx.coroutines.scheduling.TaskImpl.run(Tasks.kt:95)
	at kotlinx.coroutines.scheduling.CoroutineScheduler.runSafely(CoroutineScheduler.kt:570)
	at kotlinx.coroutines.scheduling.CoroutineScheduler$Worker.executeTask(CoroutineScheduler.kt:749)
	at kotlinx.coroutines.scheduling.CoroutineScheduler$Worker.runWorker(CoroutineScheduler.kt:677)
	at kotlinx.coroutines.scheduling.CoroutineScheduler$Worker.run(CoroutineScheduler.kt:664)

[sender:3031215597 - group:1109825279 - 2022-09-22 16:33:23] -> [mirai:at:3074139791] É¬Í¼
´íÎóÈÕÖ¾£º£ºjava.lang.NullPointerException: Cannot invoke "java.util.Map.put(Object, Object)" because "map" is null
	at plugin-3.2.1-SNAPSHOT.mirai.jar//com.happysnaker.utils.IOUtil.sendAndGetResponseMap(IOUtil.java:69)
	at plugin-3.2.1-SNAPSHOT.mirai.jar//com.happysnaker.utils.IOUtil.sendAndGetResponseMap(IOUtil.java:87)
	at plugin-3.2.1-SNAPSHOT.mirai.jar//com.happysnaker.api.PixivApi.getSeImagePid(PixivApi.java:75)
	at plugin-3.2.1-SNAPSHOT.mirai.jar//com.happysnaker.handler.impl.ImageShareMessageEventHandler.doParseSeImage(ImageShareMessageEventHandler.java:166)
	at plugin-3.2.1-SNAPSHOT.mirai.jar//com.happysnaker.handler.impl.ImageShareMessageEventHandler.handleMessageEvent(ImageShareMessageEventHandler.java:76)
	at plugin-3.2.1-SNAPSHOT.mirai.jar//com.happysnaker.context.Context.execute(Context.java:98)
	at plugin-3.2.1-SNAPSHOT.mirai.jar//com.happysnaker.proxy.MessageHandlerProxy.handleMessageEvent(MessageHandlerProxy.java:71)
	at plugin-3.2.1-SNAPSHOT.mirai.jar//com.happysnaker.starter.HRobotStarter.lambda$Start$0(HRobotStarter.java:59)
	at net.mamoe.mirai.event.EventChannel$subscribeAlways$2$1.invoke(EventChannel.kt:631)
	at net.mamoe.mirai.event.EventChannel$subscribeAlways$2$1.invoke(EventChannel.kt:631)
	at kotlinx.coroutines.InterruptibleKt.runInterruptibleInExpectedContext(Interruptible.kt:51)
	at kotlinx.coroutines.InterruptibleKt.access$runInterruptibleInExpectedContext(Interruptible.kt:1)
	at kotlinx.coroutines.InterruptibleKt$runInterruptible$2.invokeSuspend(Interruptible.kt:43)
	at kotlin.coroutines.jvm.internal.BaseContinuationImpl.resumeWith(ContinuationImpl.kt:33)
	at kotlinx.coroutines.DispatchedTask.run(DispatchedTask.kt:106)
	at kotlinx.coroutines.internal.LimitedDispatcher.run(LimitedDispatcher.kt:42)
	at kotlinx.coroutines.scheduling.TaskImpl.run(Tasks.kt:95)
	at kotlinx.coroutines.scheduling.CoroutineScheduler.runSafely(CoroutineScheduler.kt:570)
	at kotlinx.coroutines.scheduling.CoroutineScheduler$Worker.executeTask(CoroutineScheduler.kt:749)
	at kotlinx.coroutines.scheduling.CoroutineScheduler$Worker.runWorker(CoroutineScheduler.kt:677)
	at kotlinx.coroutines.scheduling.CoroutineScheduler$Worker.run(CoroutineScheduler.kt:664)

[sender:1679124358 - group:1109825279 - 2022-09-22 18:10:03] -> [mirai:at:2118654642] ²éµ¶
´íÎóÈÕÖ¾£º£ºjava.lang.NullPointerException: Cannot invoke "java.util.Map.get(Object)" because the return value of "java.util.Map.get(Object)" is null
	at plugin-3.2.1-SNAPSHOT.mirai.jar//com.happysnaker.handler.impl.GtReportMessageEventHandler.check(GtReportMessageEventHandler.java:140)
	at plugin-3.2.1-SNAPSHOT.mirai.jar//com.happysnaker.handler.impl.GtReportMessageEventHandler.handleMessageEvent(GtReportMessageEventHandler.java:118)
	at plugin-3.2.1-SNAPSHOT.mirai.jar//com.happysnaker.context.Context.execute(Context.java:98)
	at plugin-3.2.1-SNAPSHOT.mirai.jar//com.happysnaker.proxy.MessageHandlerProxy.handleMessageEvent(MessageHandlerProxy.java:71)
	at plugin-3.2.1-SNAPSHOT.mirai.jar//com.happysnaker.starter.HRobotStarter.lambda$Start$0(HRobotStarter.java:59)
	at net.mamoe.mirai.event.EventChannel$subscribeAlways$2$1.invoke(EventChannel.kt:631)
	at net.mamoe.mirai.event.EventChannel$subscribeAlways$2$1.invoke(EventChannel.kt:631)
	at kotlinx.coroutines.InterruptibleKt.runInterruptibleInExpectedContext(Interruptible.kt:51)
	at kotlinx.coroutines.InterruptibleKt.access$runInterruptibleInExpectedContext(Interruptible.kt:1)
	at kotlinx.coroutines.InterruptibleKt$runInterruptible$2.invokeSuspend(Interruptible.kt:43)
	at kotlin.coroutines.jvm.internal.BaseContinuationImpl.resumeWith(ContinuationImpl.kt:33)
	at kotlinx.coroutines.DispatchedTask.run(DispatchedTask.kt:106)
	at kotlinx.coroutines.internal.LimitedDispatcher.run(LimitedDispatcher.kt:42)
	at kotlinx.coroutines.scheduling.TaskImpl.run(Tasks.kt:95)
	at kotlinx.coroutines.scheduling.CoroutineScheduler.runSafely(CoroutineScheduler.kt:570)
	at kotlinx.coroutines.scheduling.CoroutineScheduler$Worker.executeTask(CoroutineScheduler.kt:749)
	at kotlinx.coroutines.scheduling.CoroutineScheduler$Worker.runWorker(CoroutineScheduler.kt:677)
	at kotlinx.coroutines.scheduling.CoroutineScheduler$Worker.run(CoroutineScheduler.kt:664)

[sender:1679124358 - group:1109825279 - 2022-09-22 18:52:08] -> [mirai:at:2118654642] É¬Í¼
´íÎóÈÕÖ¾£º£ºjava.lang.NullPointerException: Cannot invoke "java.util.Map.put(Object, Object)" because "map" is null
	at plugin-3.2.1-SNAPSHOT.mirai.jar//com.happysnaker.utils.IOUtil.sendAndGetResponseMap(IOUtil.java:69)
	at plugin-3.2.1-SNAPSHOT.mirai.jar//com.happysnaker.utils.IOUtil.sendAndGetResponseMap(IOUtil.java:87)
	at plugin-3.2.1-SNAPSHOT.mirai.jar//com.happysnaker.api.PixivApi.getSeImagePid(PixivApi.java:75)
	at plugin-3.2.1-SNAPSHOT.mirai.jar//com.happysnaker.handler.impl.ImageShareMessageEventHandler.doParseSeImage(ImageShareMessageEventHandler.java:166)
	at plugin-3.2.1-SNAPSHOT.mirai.jar//com.happysnaker.handler.impl.ImageShareMessageEventHandler.handleMessageEvent(ImageShareMessageEventHandler.java:76)
	at plugin-3.2.1-SNAPSHOT.mirai.jar//com.happysnaker.context.Context.execute(Context.java:98)
	at plugin-3.2.1-SNAPSHOT.mirai.jar//com.happysnaker.proxy.MessageHandlerProxy.handleMessageEvent(MessageHandlerProxy.java:71)
	at plugin-3.2.1-SNAPSHOT.mirai.jar//com.happysnaker.starter.HRobotStarter.lambda$Start$0(HRobotStarter.java:59)
	at net.mamoe.mirai.event.EventChannel$subscribeAlways$2$1.invoke(EventChannel.kt:631)
	at net.mamoe.mirai.event.EventChannel$subscribeAlways$2$1.invoke(EventChannel.kt:631)
	at kotlinx.coroutines.InterruptibleKt.runInterruptibleInExpectedContext(Interruptible.kt:51)
	at kotlinx.coroutines.InterruptibleKt.access$runInterruptibleInExpectedContext(Interruptible.kt:1)
	at kotlinx.coroutines.InterruptibleKt$runInterruptible$2.invokeSuspend(Interruptible.kt:43)
	at kotlin.coroutines.jvm.internal.BaseContinuationImpl.resumeWith(ContinuationImpl.kt:33)
	at kotlinx.coroutines.DispatchedTask.run(DispatchedTask.kt:106)
	at kotlinx.coroutines.internal.LimitedDispatcher.run(LimitedDispatcher.kt:42)
	at kotlinx.coroutines.scheduling.TaskImpl.run(Tasks.kt:95)
	at kotlinx.coroutines.scheduling.CoroutineScheduler.runSafely(CoroutineScheduler.kt:570)
	at kotlinx.coroutines.scheduling.CoroutineScheduler$Worker.executeTask(CoroutineScheduler.kt:749)
	at kotlinx.coroutines.scheduling.CoroutineScheduler$Worker.runWorker(CoroutineScheduler.kt:677)
	at kotlinx.coroutines.scheduling.CoroutineScheduler$Worker.run(CoroutineScheduler.kt:664)

[sender:1679124358 - group:1109825279 - 2022-09-22 19:43:10] -> É¬Í¼
´íÎóÈÕÖ¾£º£ºjava.lang.NullPointerException: Cannot invoke "java.util.Map.put(Object, Object)" because "map" is null
	at plugin-3.2.1-SNAPSHOT.mirai.jar//com.happysnaker.utils.IOUtil.sendAndGetResponseMap(IOUtil.java:69)
	at plugin-3.2.1-SNAPSHOT.mirai.jar//com.happysnaker.utils.IOUtil.sendAndGetResponseMap(IOUtil.java:87)
	at plugin-3.2.1-SNAPSHOT.mirai.jar//com.happysnaker.api.PixivApi.getSeImagePid(PixivApi.java:75)
	at plugin-3.2.1-SNAPSHOT.mirai.jar//com.happysnaker.handler.impl.ImageShareMessageEventHandler.doParseSeImage(ImageShareMessageEventHandler.java:166)
	at plugin-3.2.1-SNAPSHOT.mirai.jar//com.happysnaker.handler.impl.ImageShareMessageEventHandler.handleMessageEvent(ImageShareMessageEventHandler.java:76)
	at plugin-3.2.1-SNAPSHOT.mirai.jar//com.happysnaker.context.Context.execute(Context.java:98)
	at plugin-3.2.1-SNAPSHOT.mirai.jar//com.happysnaker.proxy.MessageHandlerProxy.handleMessageEvent(MessageHandlerProxy.java:71)
	at plugin-3.2.1-SNAPSHOT.mirai.jar//com.happysnaker.starter.HRobotStarter.lambda$Start$0(HRobotStarter.java:59)
	at net.mamoe.mirai.event.EventChannel$subscribeAlways$2$1.invoke(EventChannel.kt:631)
	at net.mamoe.mirai.event.EventChannel$subscribeAlways$2$1.invoke(EventChannel.kt:631)
	at kotlinx.coroutines.InterruptibleKt.runInterruptibleInExpectedContext(Interruptible.kt:51)
	at kotlinx.coroutines.InterruptibleKt.access$runInterruptibleInExpectedContext(Interruptible.kt:1)
	at kotlinx.coroutines.InterruptibleKt$runInterruptible$2.invokeSuspend(Interruptible.kt:43)
	at kotlin.coroutines.jvm.internal.BaseContinuationImpl.resumeWith(ContinuationImpl.kt:33)
	at kotlinx.coroutines.DispatchedTask.run(DispatchedTask.kt:106)
	at kotlinx.coroutines.internal.LimitedDispatcher.run(LimitedDispatcher.kt:42)
	at kotlinx.coroutines.scheduling.TaskImpl.run(Tasks.kt:95)
	at kotlinx.coroutines.scheduling.CoroutineScheduler.runSafely(CoroutineScheduler.kt:570)
	at kotlinx.coroutines.scheduling.CoroutineScheduler$Worker.executeTask(CoroutineScheduler.kt:749)
	at kotlinx.coroutines.scheduling.CoroutineScheduler$Worker.runWorker(CoroutineScheduler.kt:677)
	at kotlinx.coroutines.scheduling.CoroutineScheduler$Worker.run(CoroutineScheduler.kt:664)

[sender:1679124358 - group:1109825279 - 2022-09-22 19:44:25] -> [mirai:at:2118654642] É¬Í¼
´íÎóÈÕÖ¾£º£ºjava.lang.NullPointerException: Cannot invoke "java.util.Map.put(Object, Object)" because "map" is null
	at plugin-3.2.1-SNAPSHOT.mirai.jar//com.happysnaker.utils.IOUtil.sendAndGetResponseMap(IOUtil.java:69)
	at plugin-3.2.1-SNAPSHOT.mirai.jar//com.happysnaker.utils.IOUtil.sendAndGetResponseMap(IOUtil.java:87)
	at plugin-3.2.1-SNAPSHOT.mirai.jar//com.happysnaker.api.PixivApi.getSeImagePid(PixivApi.java:75)
	at plugin-3.2.1-SNAPSHOT.mirai.jar//com.happysnaker.handler.impl.ImageShareMessageEventHandler.doParseSeImage(ImageShareMessageEventHandler.java:166)
	at plugin-3.2.1-SNAPSHOT.mirai.jar//com.happysnaker.handler.impl.ImageShareMessageEventHandler.handleMessageEvent(ImageShareMessageEventHandler.java:76)
	at plugin-3.2.1-SNAPSHOT.mirai.jar//com.happysnaker.context.Context.execute(Context.java:98)
	at plugin-3.2.1-SNAPSHOT.mirai.jar//com.happysnaker.proxy.MessageHandlerProxy.handleMessageEvent(MessageHandlerProxy.java:71)
	at plugin-3.2.1-SNAPSHOT.mirai.jar//com.happysnaker.starter.HRobotStarter.lambda$Start$0(HRobotStarter.java:59)
	at net.mamoe.mirai.event.EventChannel$subscribeAlways$2$1.invoke(EventChannel.kt:631)
	at net.mamoe.mirai.event.EventChannel$subscribeAlways$2$1.invoke(EventChannel.kt:631)
	at kotlinx.coroutines.InterruptibleKt.runInterruptibleInExpectedContext(Interruptible.kt:51)
	at kotlinx.coroutines.InterruptibleKt.access$runInterruptibleInExpectedContext(Interruptible.kt:1)
	at kotlinx.coroutines.InterruptibleKt$runInterruptible$2.invokeSuspend(Interruptible.kt:43)
	at kotlin.coroutines.jvm.internal.BaseContinuationImpl.resumeWith(ContinuationImpl.kt:33)
	at kotlinx.coroutines.DispatchedTask.run(DispatchedTask.kt:106)
	at kotlinx.coroutines.internal.LimitedDispatcher.run(LimitedDispatcher.kt:42)
	at kotlinx.coroutines.scheduling.TaskImpl.run(Tasks.kt:95)
	at kotlinx.coroutines.scheduling.CoroutineScheduler.runSafely(CoroutineScheduler.kt:570)
	at kotlinx.coroutines.scheduling.CoroutineScheduler$Worker.executeTask(CoroutineScheduler.kt:749)
	at kotlinx.coroutines.scheduling.CoroutineScheduler$Worker.runWorker(CoroutineScheduler.kt:677)
	at kotlinx.coroutines.scheduling.CoroutineScheduler$Worker.run(CoroutineScheduler.kt:664)

[sender:1679124358 - group:1109825279 - 2022-09-22 19:44:33] -> É¬Í¼
´íÎóÈÕÖ¾£º£ºjava.lang.NullPointerException: Cannot invoke "java.util.Map.put(Object, Object)" because "map" is null
	at plugin-3.2.1-SNAPSHOT.mirai.jar//com.happysnaker.utils.IOUtil.sendAndGetResponseMap(IOUtil.java:69)
	at plugin-3.2.1-SNAPSHOT.mirai.jar//com.happysnaker.utils.IOUtil.sendAndGetResponseMap(IOUtil.java:87)
	at plugin-3.2.1-SNAPSHOT.mirai.jar//com.happysnaker.api.PixivApi.getSeImagePid(PixivApi.java:75)
	at plugin-3.2.1-SNAPSHOT.mirai.jar//com.happysnaker.handler.impl.ImageShareMessageEventHandler.doParseSeImage(ImageShareMessageEventHandler.java:166)
	at plugin-3.2.1-SNAPSHOT.mirai.jar//com.happysnaker.handler.impl.ImageShareMessageEventHandler.handleMessageEvent(ImageShareMessageEventHandler.java:76)
	at plugin-3.2.1-SNAPSHOT.mirai.jar//com.happysnaker.context.Context.execute(Context.java:98)
	at plugin-3.2.1-SNAPSHOT.mirai.jar//com.happysnaker.proxy.MessageHandlerProxy.handleMessageEvent(MessageHandlerProxy.java:71)
	at plugin-3.2.1-SNAPSHOT.mirai.jar//com.happysnaker.starter.HRobotStarter.lambda$Start$0(HRobotStarter.java:59)
	at net.mamoe.mirai.event.EventChannel$subscribeAlways$2$1.invoke(EventChannel.kt:631)
	at net.mamoe.mirai.event.EventChannel$subscribeAlways$2$1.invoke(EventChannel.kt:631)
	at kotlinx.coroutines.InterruptibleKt.runInterruptibleInExpectedContext(Interruptible.kt:51)
	at kotlinx.coroutines.InterruptibleKt.access$runInterruptibleInExpectedContext(Interruptible.kt:1)
	at kotlinx.coroutines.InterruptibleKt$runInterruptible$2.invokeSuspend(Interruptible.kt:43)
	at kotlin.coroutines.jvm.internal.BaseContinuationImpl.resumeWith(ContinuationImpl.kt:33)
	at kotlinx.coroutines.DispatchedTask.run(DispatchedTask.kt:106)
	at kotlinx.coroutines.internal.LimitedDispatcher.run(LimitedDispatcher.kt:42)
	at kotlinx.coroutines.scheduling.TaskImpl.run(Tasks.kt:95)
	at kotlinx.coroutines.scheduling.CoroutineScheduler.runSafely(CoroutineScheduler.kt:570)
	at kotlinx.coroutines.scheduling.CoroutineScheduler$Worker.executeTask(CoroutineScheduler.kt:749)
	at kotlinx.coroutines.scheduling.CoroutineScheduler$Worker.runWorker(CoroutineScheduler.kt:677)
	at kotlinx.coroutines.scheduling.CoroutineScheduler$Worker.run(CoroutineScheduler.kt:664)

[sender:1679124358 - group:460292097 - 2022-09-22 19:47:21] -> É¬Í¼
´íÎóÈÕÖ¾£º£ºjava.lang.NullPointerException: Cannot invoke "java.util.Map.put(Object, Object)" because "map" is null
	at plugin-3.2.1-SNAPSHOT.mirai.jar//com.happysnaker.utils.IOUtil.sendAndGetResponseMap(IOUtil.java:69)
	at plugin-3.2.1-SNAPSHOT.mirai.jar//com.happysnaker.utils.IOUtil.sendAndGetResponseMap(IOUtil.java:87)
	at plugin-3.2.1-SNAPSHOT.mirai.jar//com.happysnaker.api.PixivApi.getSeImagePid(PixivApi.java:75)
	at plugin-3.2.1-SNAPSHOT.mirai.jar//com.happysnaker.handler.impl.ImageShareMessageEventHandler.doParseSeImage(ImageShareMessageEventHandler.java:166)
	at plugin-3.2.1-SNAPSHOT.mirai.jar//com.happysnaker.handler.impl.ImageShareMessageEventHandler.handleMessageEvent(ImageShareMessageEventHandler.java:76)
	at plugin-3.2.1-SNAPSHOT.mirai.jar//com.happysnaker.context.Context.execute(Context.java:98)
	at plugin-3.2.1-SNAPSHOT.mirai.jar//com.happysnaker.proxy.MessageHandlerProxy.handleMessageEvent(MessageHandlerProxy.java:71)
	at plugin-3.2.1-SNAPSHOT.mirai.jar//com.happysnaker.starter.HRobotStarter.lambda$Start$0(HRobotStarter.java:59)
	at net.mamoe.mirai.event.EventChannel$subscribeAlways$2$1.invoke(EventChannel.kt:631)
	at net.mamoe.mirai.event.EventChannel$subscribeAlways$2$1.invoke(EventChannel.kt:631)
	at kotlinx.coroutines.InterruptibleKt.runInterruptibleInExpectedContext(Interruptible.kt:51)
	at kotlinx.coroutines.InterruptibleKt.access$runInterruptibleInExpectedContext(Interruptible.kt:1)
	at kotlinx.coroutines.InterruptibleKt$runInterruptible$2.invokeSuspend(Interruptible.kt:43)
	at kotlin.coroutines.jvm.internal.BaseContinuationImpl.resumeWith(ContinuationImpl.kt:33)
	at kotlinx.coroutines.DispatchedTask.run(DispatchedTask.kt:106)
	at kotlinx.coroutines.internal.LimitedDispatcher.run(LimitedDispatcher.kt:42)
	at kotlinx.coroutines.scheduling.TaskImpl.run(Tasks.kt:95)
	at kotlinx.coroutines.scheduling.CoroutineScheduler.runSafely(CoroutineScheduler.kt:570)
	at kotlinx.coroutines.scheduling.CoroutineScheduler$Worker.executeTask(CoroutineScheduler.kt:749)
	at kotlinx.coroutines.scheduling.CoroutineScheduler$Worker.runWorker(CoroutineScheduler.kt:677)
	at kotlinx.coroutines.scheduling.CoroutineScheduler$Worker.run(CoroutineScheduler.kt:664)

[sender:1679124358 - group:1109825279 - 2022-09-22 20:33:57] -> É¬Í¼
´íÎóÈÕÖ¾£º£ºjava.lang.NullPointerException: Cannot invoke "java.util.Map.put(Object, Object)" because "map" is null
	at plugin-3.2.1-SNAPSHOT.mirai.jar//com.happysnaker.utils.IOUtil.sendAndGetResponseMap(IOUtil.java:69)
	at plugin-3.2.1-SNAPSHOT.mirai.jar//com.happysnaker.utils.IOUtil.sendAndGetResponseMap(IOUtil.java:87)
	at plugin-3.2.1-SNAPSHOT.mirai.jar//com.happysnaker.api.PixivApi.getSeImagePid(PixivApi.java:75)
	at plugin-3.2.1-SNAPSHOT.mirai.jar//com.happysnaker.handler.impl.ImageShareMessageEventHandler.doParseSeImage(ImageShareMessageEventHandler.java:166)
	at plugin-3.2.1-SNAPSHOT.mirai.jar//com.happysnaker.handler.impl.ImageShareMessageEventHandler.handleMessageEvent(ImageShareMessageEventHandler.java:76)
	at plugin-3.2.1-SNAPSHOT.mirai.jar//com.happysnaker.context.Context.execute(Context.java:98)
	at plugin-3.2.1-SNAPSHOT.mirai.jar//com.happysnaker.proxy.MessageHandlerProxy.handleMessageEvent(MessageHandlerProxy.java:71)
	at plugin-3.2.1-SNAPSHOT.mirai.jar//com.happysnaker.starter.HRobotStarter.lambda$Start$0(HRobotStarter.java:59)
	at net.mamoe.mirai.event.EventChannel$subscribeAlways$2$1.invoke(EventChannel.kt:631)
	at net.mamoe.mirai.event.EventChannel$subscribeAlways$2$1.invoke(EventChannel.kt:631)
	at kotlinx.coroutines.InterruptibleKt.runInterruptibleInExpectedContext(Interruptible.kt:51)
	at kotlinx.coroutines.InterruptibleKt.access$runInterruptibleInExpectedContext(Interruptible.kt:1)
	at kotlinx.coroutines.InterruptibleKt$runInterruptible$2.invokeSuspend(Interruptible.kt:43)
	at kotlin.coroutines.jvm.internal.BaseContinuationImpl.resumeWith(ContinuationImpl.kt:33)
	at kotlinx.coroutines.DispatchedTask.run(DispatchedTask.kt:106)
	at kotlinx.coroutines.internal.LimitedDispatcher.run(LimitedDispatcher.kt:42)
	at kotlinx.coroutines.scheduling.TaskImpl.run(Tasks.kt:95)
	at kotlinx.coroutines.scheduling.CoroutineScheduler.runSafely(CoroutineScheduler.kt:570)
	at kotlinx.coroutines.scheduling.CoroutineScheduler$Worker.executeTask(CoroutineScheduler.kt:749)
	at kotlinx.coroutines.scheduling.CoroutineScheduler$Worker.runWorker(CoroutineScheduler.kt:677)
	at kotlinx.coroutines.scheduling.CoroutineScheduler$Worker.run(CoroutineScheduler.kt:664)

[sender:3074139791 - group:1109825279 - 2022-09-22 20:53:14] -> [mirai:at:2118654642] É¬Í¼
´íÎóÈÕÖ¾£º£ºjava.lang.NullPointerException: Cannot invoke "java.util.Map.put(Object, Object)" because "map" is null
	at plugin-3.2.1-SNAPSHOT.mirai.jar//com.happysnaker.utils.IOUtil.sendAndGetResponseMap(IOUtil.java:69)
	at plugin-3.2.1-SNAPSHOT.mirai.jar//com.happysnaker.utils.IOUtil.sendAndGetResponseMap(IOUtil.java:87)
	at plugin-3.2.1-SNAPSHOT.mirai.jar//com.happysnaker.api.PixivApi.getSeImagePid(PixivApi.java:75)
	at plugin-3.2.1-SNAPSHOT.mirai.jar//com.happysnaker.handler.impl.ImageShareMessageEventHandler.doParseSeImage(ImageShareMessageEventHandler.java:166)
	at plugin-3.2.1-SNAPSHOT.mirai.jar//com.happysnaker.handler.impl.ImageShareMessageEventHandler.handleMessageEvent(ImageShareMessageEventHandler.java:76)
	at plugin-3.2.1-SNAPSHOT.mirai.jar//com.happysnaker.context.Context.execute(Context.java:98)
	at plugin-3.2.1-SNAPSHOT.mirai.jar//com.happysnaker.proxy.MessageHandlerProxy.handleMessageEvent(MessageHandlerProxy.java:71)
	at plugin-3.2.1-SNAPSHOT.mirai.jar//com.happysnaker.starter.HRobotStarter.lambda$Start$0(HRobotStarter.java:59)
	at net.mamoe.mirai.event.EventChannel$subscribeAlways$2$1.invoke(EventChannel.kt:631)
	at net.mamoe.mirai.event.EventChannel$subscribeAlways$2$1.invoke(EventChannel.kt:631)
	at kotlinx.coroutines.InterruptibleKt.runInterruptibleInExpectedContext(Interruptible.kt:51)
	at kotlinx.coroutines.InterruptibleKt.access$runInterruptibleInExpectedContext(Interruptible.kt:1)
	at kotlinx.coroutines.InterruptibleKt$runInterruptible$2.invokeSuspend(Interruptible.kt:43)
	at kotlin.coroutines.jvm.internal.BaseContinuationImpl.resumeWith(ContinuationImpl.kt:33)
	at kotlinx.coroutines.DispatchedTask.run(DispatchedTask.kt:106)
	at kotlinx.coroutines.internal.LimitedDispatcher.run(LimitedDispatcher.kt:42)
	at kotlinx.coroutines.scheduling.TaskImpl.run(Tasks.kt:95)
	at kotlinx.coroutines.scheduling.CoroutineScheduler.runSafely(CoroutineScheduler.kt:570)
	at kotlinx.coroutines.scheduling.CoroutineScheduler$Worker.executeTask(CoroutineScheduler.kt:749)
	at kotlinx.coroutines.scheduling.CoroutineScheduler$Worker.runWorker(CoroutineScheduler.kt:677)
	at kotlinx.coroutines.scheduling.CoroutineScheduler$Worker.run(CoroutineScheduler.kt:664)

[sender:1679124358 - group:1109825279 - 2022-09-22 20:58:19] -> [mirai:at:3074139791] É¬Í¼Ö¸ÁîÊÇ
´íÎóÈÕÖ¾£º£ºjava.lang.NullPointerException: Cannot invoke "java.util.Map.put(Object, Object)" because "map" is null
	at plugin-3.2.1-SNAPSHOT.mirai.jar//com.happysnaker.utils.IOUtil.sendAndGetResponseMap(IOUtil.java:69)
	at plugin-3.2.1-SNAPSHOT.mirai.jar//com.happysnaker.utils.IOUtil.sendAndGetResponseMap(IOUtil.java:87)
	at plugin-3.2.1-SNAPSHOT.mirai.jar//com.happysnaker.api.PixivApi.getSeImagePid(PixivApi.java:75)
	at plugin-3.2.1-SNAPSHOT.mirai.jar//com.happysnaker.handler.impl.ImageShareMessageEventHandler.doParseSeImage(ImageShareMessageEventHandler.java:166)
	at plugin-3.2.1-SNAPSHOT.mirai.jar//com.happysnaker.handler.impl.ImageShareMessageEventHandler.handleMessageEvent(ImageShareMessageEventHandler.java:76)
	at plugin-3.2.1-SNAPSHOT.mirai.jar//com.happysnaker.context.Context.execute(Context.java:98)
	at plugin-3.2.1-SNAPSHOT.mirai.jar//com.happysnaker.proxy.MessageHandlerProxy.handleMessageEvent(MessageHandlerProxy.java:71)
	at plugin-3.2.1-SNAPSHOT.mirai.jar//com.happysnaker.starter.HRobotStarter.lambda$Start$0(HRobotStarter.java:59)
	at net.mamoe.mirai.event.EventChannel$subscribeAlways$2$1.invoke(EventChannel.kt:631)
	at net.mamoe.mirai.event.EventChannel$subscribeAlways$2$1.invoke(EventChannel.kt:631)
	at kotlinx.coroutines.InterruptibleKt.runInterruptibleInExpectedContext(Interruptible.kt:51)
	at kotlinx.coroutines.InterruptibleKt.access$runInterruptibleInExpectedContext(Interruptible.kt:1)
	at kotlinx.coroutines.InterruptibleKt$runInterruptible$2.invokeSuspend(Interruptible.kt:43)
	at kotlin.coroutines.jvm.internal.BaseContinuationImpl.resumeWith(ContinuationImpl.kt:33)
	at kotlinx.coroutines.DispatchedTask.run(DispatchedTask.kt:106)
	at kotlinx.coroutines.internal.LimitedDispatcher.run(LimitedDispatcher.kt:42)
	at kotlinx.coroutines.scheduling.TaskImpl.run(Tasks.kt:95)
	at kotlinx.coroutines.scheduling.CoroutineScheduler.runSafely(CoroutineScheduler.kt:570)
	at kotlinx.coroutines.scheduling.CoroutineScheduler$Worker.executeTask(CoroutineScheduler.kt:749)
	at kotlinx.coroutines.scheduling.CoroutineScheduler$Worker.runWorker(CoroutineScheduler.kt:677)
	at kotlinx.coroutines.scheduling.CoroutineScheduler$Worker.run(CoroutineScheduler.kt:664)

[sender:1679124358 - group:1109825279 - 2022-09-22 22:21:01] -> É¬Í¼Ê±¼äµ½
´íÎóÈÕÖ¾£º£ºjava.lang.NullPointerException: Cannot invoke "java.util.Map.put(Object, Object)" because "map" is null
	at plugin-3.2.1-SNAPSHOT.mirai.jar//com.happysnaker.utils.IOUtil.sendAndGetResponseMap(IOUtil.java:69)
	at plugin-3.2.1-SNAPSHOT.mirai.jar//com.happysnaker.utils.IOUtil.sendAndGetResponseMap(IOUtil.java:87)
	at plugin-3.2.1-SNAPSHOT.mirai.jar//com.happysnaker.api.PixivApi.getSeImagePid(PixivApi.java:75)
	at plugin-3.2.1-SNAPSHOT.mirai.jar//com.happysnaker.handler.impl.ImageShareMessageEventHandler.doParseSeImage(ImageShareMessageEventHandler.java:166)
	at plugin-3.2.1-SNAPSHOT.mirai.jar//com.happysnaker.handler.impl.ImageShareMessageEventHandler.handleMessageEvent(ImageShareMessageEventHandler.java:76)
	at plugin-3.2.1-SNAPSHOT.mirai.jar//com.happysnaker.context.Context.execute(Context.java:98)
	at plugin-3.2.1-SNAPSHOT.mirai.jar//com.happysnaker.proxy.MessageHandlerProxy.handleMessageEvent(MessageHandlerProxy.java:71)
	at plugin-3.2.1-SNAPSHOT.mirai.jar//com.happysnaker.starter.HRobotStarter.lambda$Start$0(HRobotStarter.java:59)
	at net.mamoe.mirai.event.EventChannel$subscribeAlways$2$1.invoke(EventChannel.kt:631)
	at net.mamoe.mirai.event.EventChannel$subscribeAlways$2$1.invoke(EventChannel.kt:631)
	at kotlinx.coroutines.InterruptibleKt.runInterruptibleInExpectedContext(Interruptible.kt:51)
	at kotlinx.coroutines.InterruptibleKt.access$runInterruptibleInExpectedContext(Interruptible.kt:1)
	at kotlinx.coroutines.InterruptibleKt$runInterruptible$2.invokeSuspend(Interruptible.kt:43)
	at kotlin.coroutines.jvm.internal.BaseContinuationImpl.resumeWith(ContinuationImpl.kt:33)
	at kotlinx.coroutines.DispatchedTask.run(DispatchedTask.kt:106)
	at kotlinx.coroutines.internal.LimitedDispatcher.run(LimitedDispatcher.kt:42)
	at kotlinx.coroutines.scheduling.TaskImpl.run(Tasks.kt:95)
	at kotlinx.coroutines.scheduling.CoroutineScheduler.runSafely(CoroutineScheduler.kt:570)
	at kotlinx.coroutines.scheduling.CoroutineScheduler$Worker.executeTask(CoroutineScheduler.kt:749)
	at kotlinx.coroutines.scheduling.CoroutineScheduler$Worker.runWorker(CoroutineScheduler.kt:677)
	at kotlinx.coroutines.scheduling.CoroutineScheduler$Worker.run(CoroutineScheduler.kt:664)

[sender:1679124358 - group:1109825279 - 2022-09-23 09:13:58] -> [mirai:at:2118654642] ¼¦ÌÀ
´íÎóÈÕÖ¾£º£ºjava.net.SocketTimeoutException: Connect timed out
	at java.base/sun.nio.ch.NioSocketImpl.timedFinishConnect(NioSocketImpl.java:546)
	at java.base/sun.nio.ch.NioSocketImpl.connect(NioSocketImpl.java:597)
	at java.base/java.net.SocksSocketImpl.connect(SocksSocketImpl.java:327)
	at java.base/java.net.Socket.connect(Socket.java:633)
	at java.base/sun.security.ssl.SSLSocketImpl.connect(SSLSocketImpl.java:304)
	at java.base/sun.net.NetworkClient.doConnect(NetworkClient.java:178)
	at java.base/sun.net.www.http.HttpClient.openServer(HttpClient.java:532)
	at java.base/sun.net.www.http.HttpClient.openServer(HttpClient.java:637)
	at java.base/sun.net.www.protocol.https.HttpsClient.<init>(HttpsClient.java:266)
	at java.base/sun.net.www.protocol.https.HttpsClient.New(HttpsClient.java:380)
	at java.base/sun.net.www.protocol.https.AbstractDelegateHttpsURLConnection.getNewHttpClient(AbstractDelegateHttpsURLConnection.java:193)
	at java.base/sun.net.www.protocol.http.HttpURLConnection.plainConnect0(HttpURLConnection.java:1242)
	at java.base/sun.net.www.protocol.http.HttpURLConnection.plainConnect(HttpURLConnection.java:1128)
	at java.base/sun.net.www.protocol.https.AbstractDelegateHttpsURLConnection.connect(AbstractDelegateHttpsURLConnection.java:179)
	at java.base/sun.net.www.protocol.https.HttpsURLConnectionImpl.connect(HttpsURLConnectionImpl.java:142)
	at plugin-3.2.1-SNAPSHOT.mirai.jar//com.happysnaker.utils.IOUtil.getUrlConnection(IOUtil.java:34)
	at plugin-3.2.1-SNAPSHOT.mirai.jar//com.happysnaker.utils.IOUtil.sendAndGetResponseMap(IOUtil.java:55)
	at plugin-3.2.1-SNAPSHOT.mirai.jar//com.happysnaker.utils.IOUtil.sendAndGetResponseMap(IOUtil.java:87)
	at plugin-3.2.1-SNAPSHOT.mirai.jar//com.happysnaker.handler.impl.ImageShareMessageEventHandler.doParseChickenSoup(ImageShareMessageEventHandler.java:216)
	at plugin-3.2.1-SNAPSHOT.mirai.jar//com.happysnaker.handler.impl.ImageShareMessageEventHandler.handleMessageEvent(ImageShareMessageEventHandler.java:60)
	at plugin-3.2.1-SNAPSHOT.mirai.jar//com.happysnaker.context.Context.execute(Context.java:98)
	at plugin-3.2.1-SNAPSHOT.mirai.jar//com.happysnaker.proxy.MessageHandlerProxy.handleMessageEvent(MessageHandlerProxy.java:71)
	at plugin-3.2.1-SNAPSHOT.mirai.jar//com.happysnaker.starter.HRobotStarter.lambda$Start$0(HRobotStarter.java:59)
	at net.mamoe.mirai.event.EventChannel$subscribeAlways$2$1.invoke(EventChannel.kt:631)
	at net.mamoe.mirai.event.EventChannel$subscribeAlways$2$1.invoke(EventChannel.kt:631)
	at kotlinx.coroutines.InterruptibleKt.runInterruptibleInExpectedContext(Interruptible.kt:51)
	at kotlinx.coroutines.InterruptibleKt.access$runInterruptibleInExpectedContext(Interruptible.kt:1)
	at kotlinx.coroutines.InterruptibleKt$runInterruptible$2.invokeSuspend(Interruptible.kt:43)
	at kotlin.coroutines.jvm.internal.BaseContinuationImpl.resumeWith(ContinuationImpl.kt:33)
	at kotlinx.coroutines.DispatchedTask.run(DispatchedTask.kt:106)
	at kotlinx.coroutines.internal.LimitedDispatcher.run(LimitedDispatcher.kt:42)
	at kotlinx.coroutines.scheduling.TaskImpl.run(Tasks.kt:95)
	at kotlinx.coroutines.scheduling.CoroutineScheduler.runSafely(CoroutineScheduler.kt:570)
	at kotlinx.coroutines.scheduling.CoroutineScheduler$Worker.executeTask(CoroutineScheduler.kt:749)
	at kotlinx.coroutines.scheduling.CoroutineScheduler$Worker.runWorker(CoroutineScheduler.kt:677)
	at kotlinx.coroutines.scheduling.CoroutineScheduler$Worker.run(CoroutineScheduler.kt:664)

[sender:1679124358 - group:1109825279 - 2022-10-31 19:21:30] -> [mirai:at:2118654642] é¸¡æ±¤
é”™è¯¯æ—¥å¿—ï¼šï¼šjava.lang.NullPointerException: Cannot invoke "java.lang.Throwable.toString()" because the return value of "java.io.IOException.getCause()" is null
	at plugin-3.2.1-SNAPSHOT.mirai.jar//com.happysnaker.utils.RobotUtil.uploadImage(RobotUtil.java:311)
	at plugin-3.2.1-SNAPSHOT.mirai.jar//com.happysnaker.utils.RobotUtil.uploadImage(RobotUtil.java:290)
	at plugin-3.2.1-SNAPSHOT.mirai.jar//com.happysnaker.handler.impl.ImageShareMessageEventHandler.doParseChickenSoup(ImageShareMessageEventHandler.java:220)
	at plugin-3.2.1-SNAPSHOT.mirai.jar//com.happysnaker.handler.impl.ImageShareMessageEventHandler.handleMessageEvent(ImageShareMessageEventHandler.java:60)
	at plugin-3.2.1-SNAPSHOT.mirai.jar//com.happysnaker.context.Context.execute(Context.java:98)
	at plugin-3.2.1-SNAPSHOT.mirai.jar//com.happysnaker.proxy.MessageHandlerProxy.handleMessageEvent(MessageHandlerProxy.java:71)
	at plugin-3.2.1-SNAPSHOT.mirai.jar//com.happysnaker.starter.HRobotStarter.lambda$Start$0(HRobotStarter.java:59)
	at net.mamoe.mirai.event.EventChannel$subscribeAlways$2$1.invoke(EventChannel.kt:626)
	at net.mamoe.mirai.event.EventChannel$subscribeAlways$2$1.invoke(EventChannel.kt:626)
	at kotlinx.coroutines.InterruptibleKt.runInterruptibleInExpectedContext(Interruptible.kt:51)
	at kotlinx.coroutines.InterruptibleKt.access$runInterruptibleInExpectedContext(Interruptible.kt:1)
	at kotlinx.coroutines.InterruptibleKt$runInterruptible$2.invokeSuspend(Interruptible.kt:43)
	at kotlin.coroutines.jvm.internal.BaseContinuationImpl.resumeWith(ContinuationImpl.kt:33)
	at kotlinx.coroutines.DispatchedTask.run(DispatchedTask.kt:106)
	at kotlinx.coroutines.internal.LimitedDispatcher.run(LimitedDispatcher.kt:42)
	at kotlinx.coroutines.scheduling.TaskImpl.run(Tasks.kt:95)
	at kotlinx.coroutines.scheduling.CoroutineScheduler.runSafely(CoroutineScheduler.kt:570)
	at kotlinx.coroutines.scheduling.CoroutineScheduler$Worker.executeTask(CoroutineScheduler.kt:750)
	at kotlinx.coroutines.scheduling.CoroutineScheduler$Worker.runWorker(CoroutineScheduler.kt:677)
	at kotlinx.coroutines.scheduling.CoroutineScheduler$Worker.run(CoroutineScheduler.kt:664)

[sender:1679124358 - group:1109825279 - 2022-10-31 19:21:56] -> [mirai:at:2118654642] æ¶©å›¾
é”™è¯¯æ—¥å¿—ï¼šï¼šjava.lang.NullPointerException: Cannot invoke "java.util.Map.put(Object, Object)" because "map" is null
	at plugin-3.2.1-SNAPSHOT.mirai.jar//com.happysnaker.utils.IOUtil.sendAndGetResponseMap(IOUtil.java:69)
	at plugin-3.2.1-SNAPSHOT.mirai.jar//com.happysnaker.utils.IOUtil.sendAndGetResponseMap(IOUtil.java:87)
	at plugin-3.2.1-SNAPSHOT.mirai.jar//com.happysnaker.api.PixivApi.getSeImagePid(PixivApi.java:75)
	at plugin-3.2.1-SNAPSHOT.mirai.jar//com.happysnaker.handler.impl.ImageShareMessageEventHandler.doParseSeImage(ImageShareMessageEventHandler.java:166)
	at plugin-3.2.1-SNAPSHOT.mirai.jar//com.happysnaker.handler.impl.ImageShareMessageEventHandler.handleMessageEvent(ImageShareMessageEventHandler.java:76)
	at plugin-3.2.1-SNAPSHOT.mirai.jar//com.happysnaker.context.Context.execute(Context.java:98)
	at plugin-3.2.1-SNAPSHOT.mirai.jar//com.happysnaker.proxy.MessageHandlerProxy.handleMessageEvent(MessageHandlerProxy.java:71)
	at plugin-3.2.1-SNAPSHOT.mirai.jar//com.happysnaker.starter.HRobotStarter.lambda$Start$0(HRobotStarter.java:59)
	at net.mamoe.mirai.event.EventChannel$subscribeAlways$2$1.invoke(EventChannel.kt:626)
	at net.mamoe.mirai.event.EventChannel$subscribeAlways$2$1.invoke(EventChannel.kt:626)
	at kotlinx.coroutines.InterruptibleKt.runInterruptibleInExpectedContext(Interruptible.kt:51)
	at kotlinx.coroutines.InterruptibleKt.access$runInterruptibleInExpectedContext(Interruptible.kt:1)
	at kotlinx.coroutines.InterruptibleKt$runInterruptible$2.invokeSuspend(Interruptible.kt:43)
	at kotlin.coroutines.jvm.internal.BaseContinuationImpl.resumeWith(ContinuationImpl.kt:33)
	at kotlinx.coroutines.DispatchedTask.run(DispatchedTask.kt:106)
	at kotlinx.coroutines.internal.LimitedDispatcher.run(LimitedDispatcher.kt:42)
	at kotlinx.coroutines.scheduling.TaskImpl.run(Tasks.kt:95)
	at kotlinx.coroutines.scheduling.CoroutineScheduler.runSafely(CoroutineScheduler.kt:570)
	at kotlinx.coroutines.scheduling.CoroutineScheduler$Worker.executeTask(CoroutineScheduler.kt:750)
	at kotlinx.coroutines.scheduling.CoroutineScheduler$Worker.runWorker(CoroutineScheduler.kt:677)
	at kotlinx.coroutines.scheduling.CoroutineScheduler$Worker.run(CoroutineScheduler.kt:664)

