[92m2022-10-23 16:19:56 I/main: Starting mirai-console...[0m[m
[92m2022-10-23 16:19:56 I/main: Backend: version 2.12.1, built on 2022-07-31 17:49:27.[0m[m
[92m2022-10-23 16:19:56 I/main: Frontend Terminal: version 2.12.1, provided by Mamoe Technologies[0m[m
[92m2022-10-23 16:19:56 I/main: Welcome to visit https://mirai.mamoe.net/[0m[m
[91m2022-10-23 16:19:56 W/stderr: SLF4J: Failed to load class "org.slf4j.impl.StaticLoggerBinder".[0m[m
[91m2022-10-23 16:19:56 W/stderr: SLF4J: Defaulting to no-operation (NOP) logger implementation[0m[m
[91m2022-10-23 16:19:56 W/stderr: SLF4J: See http://www.slf4j.org/codes.html#StaticLoggerBinder for further details.[0m[m
[92m2022-10-23 16:19:59 I/plugin: Successfully loaded plugin Chat Command v0.5.0[0m[m
[92m2022-10-23 16:19:59 I/plugin: Successfully loaded plugin net.mamoe.mirai-api-http v2.6.2[0m[m
[92m2022-10-23 16:19:59 I/plugin: Successfully loaded plugin Lolicon v6.0.4[0m[m
[92m2022-10-23 16:19:59 I/plugin: Successfully loaded plugin HRobot v1.0.0[0m[m
[92m2022-10-23 16:19:59 I/plugin: Successfully loaded plugin iam.xiaoan.RanImage v1.0-SNAPSHOT[0m[m
[92m2022-10-23 16:19:59 I/plugin: Successfully loaded plugin SuperCourseTimetable v0.4.7[0m[m
[92m2022-10-23 16:19:59 I/plugin: Successfully loaded plugin MCL Addon v2.0.2[0m[m
[92m2022-10-23 16:20:00 I/main: Prepared built-in commands: autoLogin, help, login, logout, permission, status, stop[0m[m
[91m2022-10-23 16:20:01 W/net.mamoe.mirai-api-http: USING INITIAL KEY, please edit the key[0m[m
[92m2022-10-23 16:20:01 I/Mirai HTTP API: ********************************************************[0m[m
[91m2022-10-23 16:20:01 W/stderr: SLF4J: Failed to load class "org.slf4j.impl.StaticLoggerBinder".[0m[m
[91m2022-10-23 16:20:01 W/stderr: SLF4J: Defaulting to no-operation (NOP) logger implementation[0m[m
[91m2022-10-23 16:20:01 W/stderr: SLF4J: See http://www.slf4j.org/codes.html#StaticLoggerBinder for further details.[0m[m
[92m2022-10-23 16:20:01 I/http adapter: >>> [http adapter] is listening at http://localhost:8080[0m[m
[92m2022-10-23 16:20:01 I/ws adapter: >>> [ws adapter] is listening at ws://localhost:8080[0m[m
[92m2022-10-23 16:20:01 I/Mirai HTTP API: Http api server is running with verifyKey: INITKEYpff86IGV[0m[m
[92m2022-10-23 16:20:01 I/Mirai HTTP API: adaptors: [http,ws][0m[m
[92m2022-10-23 16:20:01 I/Mirai HTTP API: ********************************************************[0m[m
[92m2022-10-23 16:20:03 I/Lolicon: Plugin loaded[0m[m
[92m2022-10-23 16:20:03 I/HRobot: æ­£åœ¨åˆå§‹åŒ–æœºå™¨äººé…ç½®[0m[m
[92m2022-10-23 16:20:03 I/HRobot: é…ç½®åˆå§‹åŒ–å®Œæˆ[0m[m
[92m2022-10-23 16:20:03 I/stdout: RobotConfig.customKeyword = {å…¨å±€å…³é”®å­—=å…¨å±€å…³é”®å­—å›å¤, #regex#å…¨å±€æ­£åˆ™è¡¨è¾¾å¼=å›å¤, ç¾¤å·=ç¾¤å†…å…³é”®å­—: ç¾¤å†…å…³é”®å­—å›å¤, 1109825279={åŸç¥=åŸç¥æ€ä¹ˆä½ äº†ï¼, æ°å“¥=æ°å“¥å¿«æ•™æˆ‘ç™»duaéƒï¼}}[0m[m
[91m2022-10-23 16:20:03 W/HRobot: Linked class org.slf4j.impl.StaticLoggerBinder in SCTimetableBot-0.4.7.mirai.jar but plugin not depend on it.[0m[m
[91m2022-10-23 16:20:03 W/HRobot: Class loading logic may change in feature.[0m[m
[92m2022-10-23 16:20:03 I/org.reflections.Reflections: Reflections took 72 ms to scan 1 urls, producing 21 keys and 62 values [0m[m
[92m2022-10-23 16:20:03 I/HRobot: HRobot handlers and filters loading finished, total 15 handlers, 3 inspectors.[0m[m
[92m2022-10-23 16:20:03 I/stdout: Pattern = true[0m[m
[92m2022-10-23 16:20:03 I/HRobot: cron task running...[0m[m
[92m2022-10-23 16:20:03 I/stdout:         ,--,                                                    [0m[m
[92m2022-10-23 16:20:03 I/stdout:       ,--.'|,-.----.                                    ___     [0m[m
[92m2022-10-23 16:20:03 I/stdout:    ,--,  | :\    /  \             ,---,               ,--.'|_   [0m[m
[92m2022-10-23 16:20:03 I/stdout: ,---.'|  : ';   :    \   ,---.  ,---.'|      ,---.    |  | :,'  [0m[m
[92m2022-10-23 16:20:03 I/stdout: |   | : _' ||   | .\ :  '   ,'\ |   | :     '   ,'\   :  : ' :  [0m[m
[92m2022-10-23 16:20:03 I/stdout: :   : |.'  |.   : |: | /   /   |:   : :    /   /   |.;__,'  /   [0m[m
[92m2022-10-23 16:20:03 I/stdout: |   ' '  ; :|   |  \ :.   ; ,. ::     |,-..   ; ,. :|  |   |    [0m[m
[92m2022-10-23 16:20:03 I/stdout: '   |  .'. ||   : .  /'   | |: :|   : '  |'   | |: ::__,'| :    [0m[m
[92m2022-10-23 16:20:03 I/stdout: |   | :  | ';   | |  \'   | .; :|   |  / :'   | .; :  '  : |__  [0m[m
[92m2022-10-23 16:20:03 I/stdout: '   : |  : ;|   | ;\  \   :    |'   : |: ||   :    |  |  | '.'| [0m[m
[92m2022-10-23 16:20:03 I/stdout: |   | '  ,/ :   ' | \.'\   \  / |   | '/ : \   \  /   ;  :    ; [0m[m
[92m2022-10-23 16:20:03 I/stdout: ;   : ;--'  :   : :-'   `----'  |   :    |  `----'    |  ,   /  [0m[m
[92m2022-10-23 16:20:03 I/stdout: |   ,/      |   |.'             /    \  /              ---`-'       [0m[m
[92m2022-10-23 16:20:03 I/stdout: '---'       `---'               `-'----'                            v3.2.1[0m[m
[92m2022-10-23 16:20:04 I/stdout: latestVersion = HRobot v3.3[0m[m
[92m2022-10-23 16:20:04 I/HRobot: æ£€æµ‹åˆ°æ–°ç‰ˆæœ¬: HRobot v3.3, è¯·å‰å¾€ https://github.com/happysnaker/mirai-plugin-HRobot/releases/tag/3.3 æŸ¥çœ‹è¯¦æƒ…[0m[m
[92m2022-10-23 16:20:07 I/HRobot: å·²å–æ¶ˆä¸‹è½½[0m[m
[92m2022-10-23 16:20:07 I/iam.xiaoan.RanImage: Plugin loaded![0m[m
[92m2022-10-23 16:20:07 I/iam.xiaoan.RanImage: ä½ å¥½ï¼æˆ‘æ˜¯å°å®‰ï¼æ„Ÿè°¢ä½ ä½¿ç”¨è¿™æ¬¾éšæœºäºŒæ¬¡å…ƒå›¾ç‰‡æ’ä»¶ï¼[0m[m
[92m2022-10-23 16:20:07 I/SuperCourseTimetable: Plugin loaded[0m[m
[92m2022-10-23 16:20:07 I/com.zaxxer.hikari.HikariDataSource: SCTimetableDB Pool - Starting...[0m[m
[92m2022-10-23 16:20:08 I/com.zaxxer.hikari.pool.HikariPool: SCTimetableDB Pool - Added connection com.mysql.cj.jdbc.ConnectionImpl@6c1e40d9[0m[m
[92m2022-10-23 16:20:08 I/com.zaxxer.hikari.HikariDataSource: SCTimetableDB Pool - Start completed.[0m[m
[92m2022-10-23 16:20:08 I/SuperCourseTimetable: Database is connected.[0m[m
[92m2022-10-23 16:20:08 I/SuperCourseTimetable: Waiting target Bot 2118654642 goes online...[0m[m
[92m2022-10-23 16:20:08 I/MCL Addon: iTXTech MCL Version: 2.1.1-d66fada[0m[m
[91m2022-10-23 16:20:08 W/MCL Addon: iTXTech Soyuz æœªå®‰è£…ï¼ŒSoyuz MCL Handler ç‰¹æ€§å·²ç¦ç”¨[0m[m
[92m2022-10-23 16:20:08 I/main: 7 plugin(s) enabled.[0m[m
[92m2022-10-23 16:20:08 I/WindowHelperJvm: Mirai æ­£åœ¨ä½¿ç”¨æ¡Œé¢ç¯å¢ƒ. å¦‚é‡åˆ°éªŒè¯ç å°†ä¼šå¼¹å‡ºå¯¹è¯æ¡†. å¯æ·»åŠ  JVM å±æ€§ `mirai.no-desktop` ä»¥å…³é—­.[0m[m
[92m2022-10-23 16:20:08 I/WindowHelperJvm: Mirai is using desktop. Captcha will be thrown by window popup. You can add `mirai.no-desktop` to JVM properties (-Dmirai.no-desktop) to disable it.[0m[m
[92m2022-10-23 16:20:08 I/main: Auto-login 2118654642[0m[m
[91m2022-10-23 16:20:08 W/stderr: ERROR StatusLogger Log4j2 could not find a logging implementation. Please add log4j-core to the classpath. Using SimpleLogger to log to the console...[0m[m
[92m2022-10-23 16:20:44 I/Bot.2118654642: Login successful[0m[m
[92m2022-10-23 16:20:44 I/Bot.2118654642: Saved account secrets to local cache for fast login.[0m[m
[92m2022-10-23 16:20:45 I/Bot.2118654642: Login successful.[0m[m
[0m2022-10-23 16:20:45 V/Bot.2118654642: Event: BotOnlineEvent(bot=Bot(2118654642))[0m[m
[92m2022-10-23 16:20:45 I/Bot.2118654642: Bot login successful.[0m[m
[92m2022-10-23 16:20:45 I/main: mirai-console started successfully.[0m[m
[92m2022-10-23 16:20:45 I/org.quartz.impl.StdSchedulerFactory: Using default implementation for ThreadExecutor[0m[m
[92m2022-10-23 16:20:45 I/org.quartz.simpl.SimpleThreadPool: Job execution threads will use class loader of thread: DefaultDispatcher-worker-3[0m[m
[92m2022-10-23 16:20:45 I/org.quartz.core.SchedulerSignalerImpl: Initialized Scheduler Signaller of type: class org.quartz.core.SchedulerSignalerImpl[0m[m
[92m2022-10-23 16:20:45 I/org.quartz.core.QuartzScheduler: Quartz Scheduler v.2.3.2 created.[0m[m
[92m2022-10-23 16:20:45 I/org.quartz.simpl.RAMJobStore: RAMJobStore initialized.[0m[m
[92m2022-10-23 16:20:45 I/org.quartz.core.QuartzScheduler: Scheduler meta-data: Quartz Scheduler (v2.3.2) 'DefaultQuartzScheduler' with instanceId 'NON_CLUSTERED'
  Scheduler class: 'org.quartz.core.QuartzScheduler' - running locally.
  NOT STARTED.
  Currently in standby mode.
  Number of jobs executed: 0
  Using thread pool 'org.quartz.simpl.SimpleThreadPool' - with 10 threads.
  Using job-store 'org.quartz.simpl.RAMJobStore' - which does not support persistence. and is not clustered.
[0m[m
[92m2022-10-23 16:20:45 I/org.quartz.impl.StdSchedulerFactory: Quartz scheduler 'DefaultQuartzScheduler' initialized from default resource file in Quartz package: 'quartz.properties'[0m[m
[92m2022-10-23 16:20:45 I/org.quartz.impl.StdSchedulerFactory: Quartz scheduler version: 2.3.2[0m[m
[92m2022-10-23 16:20:45 I/org.quartz.core.QuartzScheduler: Scheduler DefaultQuartzScheduler_$_NON_CLUSTERED started.[0m[m
[92m2022-10-23 16:20:45 I/org.quartz.core.QuartzScheduler: Scheduler DefaultQuartzScheduler_$_NON_CLUSTERED started.[0m[m
[92m2022-10-23 16:20:45 I/SuperCourseTimetable: ScheduleListenerService: ScheduleListenerService is started.[0m[m
[92m2022-10-23 16:20:45 I/SuperCourseTimetable: TimeProviderService: Job SemesterUpdater is executed. (semester 1 begins in 2022.)[0m[m
[92m2022-10-23 16:20:45 I/SuperCourseTimetable: TimeProviderService: Job SchoolWeekPeriodUpdater is executed.[0m[m
[92m2022-10-23 16:20:45 I/SuperCourseTimetable: TimeProviderService: TimeProviderServices(TimeProviderService$SemesterUpdaterJob, TimeProviderService$SchoolWeekPeriodUpdaterJob) have started.[0m[m
[31m2022-10-23 16:20:45 E/org.quartz.core.JobRunShell: Job DEFAULT.6da64b5bd2ee-e15719e6-c945-456a-8b26-0fa9479be6bf threw an unhandled Exception: 
java.lang.IndexOutOfBoundsException: Index 9 out of bounds for length 8
	at java.base/jdk.internal.util.Preconditions.outOfBounds(Preconditions.java:64)
	at java.base/jdk.internal.util.Preconditions.outOfBoundsCheckIndex(Preconditions.java:70)
	at java.base/jdk.internal.util.Preconditions.checkIndex(Preconditions.java:266)
	at java.base/java.util.Objects.checkIndex(Objects.java:359)
	at java.base/java.util.ArrayList.get(ArrayList.java:427)
	at SCTimetableBot-0.4.7.mirai.jar//me.stageguard.sctimetable.service.ScheduleListenerService.startUserNotificationJob(ScheduleListenerService.kt:158)
	at SCTimetableBot-0.4.7.mirai.jar//me.stageguard.sctimetable.service.ScheduleListenerService$UserNotificationDistributionJob$execute$1.invoke(ScheduleListenerService.kt:297)
	at SCTimetableBot-0.4.7.mirai.jar//me.stageguard.sctimetable.service.ScheduleListenerService$UserNotificationDistributionJob$execute$1.invoke(ScheduleListenerService.kt:292)
	at SCTimetableBot-0.4.7.mirai.jar//me.stageguard.sctimetable.database.Database$query$2.invoke(Database.kt:46)
	at SCTimetableBot-0.4.7.mirai.jar//me.stageguard.sctimetable.database.Database$query$2.invoke(Database.kt:46)
	at SCTimetableBot-0.4.7.mirai.jar//org.jetbrains.exposed.sql.transactions.ThreadLocalTransactionManagerKt.inTopLevelTransaction$run(ThreadLocalTransactionManager.kt:173)
	at SCTimetableBot-0.4.7.mirai.jar//org.jetbrains.exposed.sql.transactions.ThreadLocalTransactionManagerKt.access$inTopLevelTransaction$run(ThreadLocalTransactionManager.kt:1)
	at SCTimetableBot-0.4.7.mirai.jar//org.jetbrains.exposed.sql.transactions.ThreadLocalTransactionManagerKt$inTopLevelTransaction$1.invoke(ThreadLocalTransactionManager.kt:194)
	at SCTimetableBot-0.4.7.mirai.jar//org.jetbrains.exposed.sql.transactions.ThreadLocalTransactionManagerKt.keepAndRestoreTransactionRefAfterRun(ThreadLocalTransactionManager.kt:202)
	at SCTimetableBot-0.4.7.mirai.jar//org.jetbrains.exposed.sql.transactions.ThreadLocalTransactionManagerKt.inTopLevelTransaction(ThreadLocalTransactionManager.kt:193)
	at SCTimetableBot-0.4.7.mirai.jar//org.jetbrains.exposed.sql.transactions.ThreadLocalTransactionManagerKt$transaction$1.invoke(ThreadLocalTransactionManager.kt:151)
	at SCTimetableBot-0.4.7.mirai.jar//org.jetbrains.exposed.sql.transactions.ThreadLocalTransactionManagerKt.keepAndRestoreTransactionRefAfterRun(ThreadLocalTransactionManager.kt:202)
	at SCTimetableBot-0.4.7.mirai.jar//org.jetbrains.exposed.sql.transactions.ThreadLocalTransactionManagerKt.transaction(ThreadLocalTransactionManager.kt:123)
	at SCTimetableBot-0.4.7.mirai.jar//org.jetbrains.exposed.sql.transactions.ThreadLocalTransactionManagerKt.transaction(ThreadLocalTransactionManager.kt:121)
	at SCTimetableBot-0.4.7.mirai.jar//me.stageguard.sctimetable.database.Database.query(Database.kt:46)
	at SCTimetableBot-0.4.7.mirai.jar//me.stageguard.sctimetable.service.ScheduleListenerService$UserNotificationDistributionJob.execute(ScheduleListenerService.kt:292)
	at SCTimetableBot-0.4.7.mirai.jar//org.quartz.core.JobRunShell.run(JobRunShell.java:202)
	at SCTimetableBot-0.4.7.mirai.jar//org.quartz.simpl.SimpleThreadPool$WorkerThread.run(SimpleThreadPool.java:573)
[0m[m
[31m2022-10-23 16:20:45 E/org.quartz.core.ErrorLogger: Job (DEFAULT.6da64b5bd2ee-e15719e6-c945-456a-8b26-0fa9479be6bf threw an exception.
org.quartz.SchedulerException: Job threw an unhandled exception. [See nested exception: java.lang.IndexOutOfBoundsException: Index 9 out of bounds for length 8]
	at SCTimetableBot-0.4.7.mirai.jar//org.quartz.core.JobRunShell.run(JobRunShell.java:213)
	at SCTimetableBot-0.4.7.mirai.jar//org.quartz.simpl.SimpleThreadPool$WorkerThread.run(SimpleThreadPool.java:573)
Caused by: java.lang.IndexOutOfBoundsException: Index 9 out of bounds for length 8
	at java.base/jdk.internal.util.Preconditions.outOfBounds(Preconditions.java:64)
	at java.base/jdk.internal.util.Preconditions.outOfBoundsCheckIndex(Preconditions.java:70)
	at java.base/jdk.internal.util.Preconditions.checkIndex(Preconditions.java:266)
	at java.base/java.util.Objects.checkIndex(Objects.java:359)
	at java.base/java.util.ArrayList.get(ArrayList.java:427)
	at SCTimetableBot-0.4.7.mirai.jar//me.stageguard.sctimetable.service.ScheduleListenerService.startUserNotificationJob(ScheduleListenerService.kt:158)
	at SCTimetableBot-0.4.7.mirai.jar//me.stageguard.sctimetable.service.ScheduleListenerService$UserNotificationDistributionJob$execute$1.invoke(ScheduleListenerService.kt:297)
	at SCTimetableBot-0.4.7.mirai.jar//me.stageguard.sctimetable.service.ScheduleListenerService$UserNotificationDistributionJob$execute$1.invoke(ScheduleListenerService.kt:292)
	at SCTimetableBot-0.4.7.mirai.jar//me.stageguard.sctimetable.database.Database$query$2.invoke(Database.kt:46)
	at SCTimetableBot-0.4.7.mirai.jar//me.stageguard.sctimetable.database.Database$query$2.invoke(Database.kt:46)
	at SCTimetableBot-0.4.7.mirai.jar//org.jetbrains.exposed.sql.transactions.ThreadLocalTransactionManagerKt.inTopLevelTransaction$run(ThreadLocalTransactionManager.kt:173)
	at SCTimetableBot-0.4.7.mirai.jar//org.jetbrains.exposed.sql.transactions.ThreadLocalTransactionManagerKt.access$inTopLevelTransaction$run(ThreadLocalTransactionManager.kt:1)
	at SCTimetableBot-0.4.7.mirai.jar//org.jetbrains.exposed.sql.transactions.ThreadLocalTransactionManagerKt$inTopLevelTransaction$1.invoke(ThreadLocalTransactionManager.kt:194)
	at SCTimetableBot-0.4.7.mirai.jar//org.jetbrains.exposed.sql.transactions.ThreadLocalTransactionManagerKt.keepAndRestoreTransactionRefAfterRun(ThreadLocalTransactionManager.kt:202)
	at SCTimetableBot-0.4.7.mirai.jar//org.jetbrains.exposed.sql.transactions.ThreadLocalTransactionManagerKt.inTopLevelTransaction(ThreadLocalTransactionManager.kt:193)
	at SCTimetableBot-0.4.7.mirai.jar//org.jetbrains.exposed.sql.transactions.ThreadLocalTransactionManagerKt$transaction$1.invoke(ThreadLocalTransactionManager.kt:151)
	at SCTimetableBot-0.4.7.mirai.jar//org.jetbrains.exposed.sql.transactions.ThreadLocalTransactionManagerKt.keepAndRestoreTransactionRefAfterRun(ThreadLocalTransactionManager.kt:202)
	at SCTimetableBot-0.4.7.mirai.jar//org.jetbrains.exposed.sql.transactions.ThreadLocalTransactionManagerKt.transaction(ThreadLocalTransactionManager.kt:123)
	at SCTimetableBot-0.4.7.mirai.jar//org.jetbrains.exposed.sql.transactions.ThreadLocalTransactionManagerKt.transaction(ThreadLocalTransactionManager.kt:121)
	at SCTimetableBot-0.4.7.mirai.jar//me.stageguard.sctimetable.database.Database.query(Database.kt:46)
	at SCTimetableBot-0.4.7.mirai.jar//me.stageguard.sctimetable.service.ScheduleListenerService$UserNotificationDistributionJob.execute(ScheduleListenerService.kt:292)
	at SCTimetableBot-0.4.7.mirai.jar//org.quartz.core.JobRunShell.run(JobRunShell.java:202)
	... 1 more
[0m[m
[0m2022-10-23 16:21:03 V/Bot.2118654642: Tohsaka Gozen(1679124358) -> 11[0m[m
[0m2022-10-23 16:21:33 V/Bot.2118654642: [å¥¥ç‰¹å…­å…„å¼Ÿ(1109825279)] å¤åˆ©ç‰¹(1679124358) -> è¯¾ç¨‹[0m[m
[92m2022-10-23 16:21:33 I/stdout: RobotConfig.enableRobot = true[0m[m
[92m2022-10-23 16:21:33 I/HRobot: init bot...[0m[m
[92m2022-10-23 16:21:33 I/HRobot: æ­£åœ¨æäº¤å®šæœŸä»»åŠ¡...[0m[m
[92m2022-10-23 16:21:34 I/HRobot: ä¸‹ä¸€æ¬¡ä»»åŠ¡æ‰§è¡Œæ—¶é—´ = Mon Oct 24 08:15:00 CST 2022[0m[m
[92m2022-10-23 16:21:34 I/HRobot: ä»»åŠ¡æäº¤æˆåŠŸï¼[0m[m
[0m2022-10-23 16:21:35 V/Bot.2118654642: Group(1109825279) <- è¯¾ç¨‹[mirai:image:{87B4CC41-5CC0-FF25-55E9-87F9CF55A7C5}.jpg, width=1399, height=640, size=161655, type=JPG, isEmoji=false][0m[m
[0m2022-10-23 16:22:07 V/Bot.2118654642: Tohsaka Gozen(1679124358) -> åˆšåˆšå¥½[0m[m
[31m2022-10-23 16:22:38 E/MAH Access: kotlinx.coroutines.JobCancellationException: StandaloneCoroutine was cancelled; job=StandaloneCoroutine{Cancelling}@60e3fba
kotlinx.coroutines.JobCancellationException: StandaloneCoroutine was cancelled; job=StandaloneCoroutine{Cancelling}@60e3fba
[0m[m
[0m2022-10-23 16:22:55 V/Bot.2118654642: [å¥¥ç‰¹å…­å…„å¼Ÿ(1109825279)] å¤åˆ©ç‰¹(1679124358) -> è¯¾ç¨‹è¡¨[0m[m
[92m2022-10-23 16:22:55 I/stdout: RobotConfig.enableRobot = true[0m[m
[0m2022-10-23 16:22:56 V/Bot.2118654642: Group(1109825279) <- è¯¾ç¨‹[mirai:image:{87B4CC41-5CC0-FF25-55E9-87F9CF55A7C5}.jpg, width=1399, height=640, size=161655, type=JPG, isEmoji=false][0m[m
[0m2022-10-23 16:23:06 V/Bot.2118654642: Tohsaka Gozen(1679124358) -> å“ˆå“ˆå“ˆ[0m[m
[31m2022-10-23 16:23:27 E/MAH Access: kotlinx.coroutines.JobCancellationException: StandaloneCoroutine was cancelled; job=StandaloneCoroutine{Cancelling}@5509894f
kotlinx.coroutines.JobCancellationException: StandaloneCoroutine was cancelled; job=StandaloneCoroutine{Cancelling}@5509894f
[0m[m
[0m2022-10-23 16:23:34 V/Bot.2118654642: Tohsaka Gozen(1679124358) -> å•Šå•Š[0m[m
[31m2022-10-23 16:24:02 E/MAH Access: kotlinx.coroutines.JobCancellationException: StandaloneCoroutine was cancelled; job=StandaloneCoroutine{Cancelling}@a91ec4c
kotlinx.coroutines.JobCancellationException: StandaloneCoroutine was cancelled; job=StandaloneCoroutine{Cancelling}@a91ec4c
[0m[m
[0m2022-10-23 16:24:07 V/Bot.2118654642: Tohsaka Gozen(1679124358) -> å•Šå•Š[0m[m
[31m2022-10-23 16:24:29 E/MAH Access: kotlinx.coroutines.JobCancellationException: StandaloneCoroutine was cancelled; job=StandaloneCoroutine{Cancelling}@7241acea
kotlinx.coroutines.JobCancellationException: StandaloneCoroutine was cancelled; job=StandaloneCoroutine{Cancelling}@7241acea
[0m[m
[0m2022-10-23 16:26:06 V/Bot.2118654642: Tohsaka Gozen(1679124358) -> å•Šå•Šå•Š[0m[m
[31m2022-10-23 16:26:59 E/MAH Access: kotlinx.coroutines.JobCancellationException: StandaloneCoroutine was cancelled; job=StandaloneCoroutine{Cancelling}@4c4c981c
kotlinx.coroutines.JobCancellationException: StandaloneCoroutine was cancelled; job=StandaloneCoroutine{Cancelling}@4c4c981c
[0m[m
[31m2022-10-23 16:29:10 E/MAH Access: kotlinx.coroutines.JobCancellationException: StandaloneCoroutine was cancelled; job=StandaloneCoroutine{Cancelling}@323d63fb
kotlinx.coroutines.JobCancellationException: StandaloneCoroutine was cancelled; job=StandaloneCoroutine{Cancelling}@323d63fb
[0m[m
[0m2022-10-23 16:29:22 V/Bot.2118654642: [å¥¥ç‰¹å…­å…„å¼Ÿ(1109825279)] å¤åˆ©ç‰¹(1679124358) -> è¯¾ç¨‹è¡¨[0m[m
[92m2022-10-23 16:29:22 I/stdout: RobotConfig.enableRobot = true[0m[m
[0m2022-10-23 16:29:23 V/Bot.2118654642: Group(1109825279) <- è¯¾ç¨‹[mirai:image:{87B4CC41-5CC0-FF25-55E9-87F9CF55A7C5}.jpg, width=1399, height=640, size=161655, type=JPG, isEmoji=false][0m[m
[0m2022-10-23 16:29:34 V/Bot.2118654642: Tohsaka Gozen(1679124358) -> å•Šå•Šå•Š[0m[m
[31m2022-10-23 16:30:19 E/MAH Access: kotlinx.coroutines.JobCancellationException: StandaloneCoroutine was cancelled; job=StandaloneCoroutine{Cancelling}@69bc0df0
kotlinx.coroutines.JobCancellationException: StandaloneCoroutine was cancelled; job=StandaloneCoroutine{Cancelling}@69bc0df0
[0m[m
[92m2022-10-23 16:31:15 I/stdout: RobotConfig.enableRobot = true[0m[m
[0m2022-10-23 16:31:15 V/Bot.2118654642: [å¥¥ç‰¹å…­å…„å¼Ÿ(1109825279)] è¿ªè¿¦(1794522691) -> [mirai:image:{AD1FD381-3AC7-B988-4806-EDC9A388BCFE}.jpg, width=898, height=3925, size=553635, type=JPG, isEmoji=false][0m[m
[0m2022-10-23 16:31:53 V/Bot.2118654642: Tohsaka Gozen(1679124358) -> å•Šå•Šå•Š[0m[m
[0m2022-10-23 16:32:16 V/Bot.2118654642: Group(1109825279) <- 222[0m[m
[31m2022-10-23 16:32:55 E/MAH Access: kotlinx.coroutines.JobCancellationException: StandaloneCoroutine was cancelled; job=StandaloneCoroutine{Cancelling}@2bfbb6b1
kotlinx.coroutines.JobCancellationException: StandaloneCoroutine was cancelled; job=StandaloneCoroutine{Cancelling}@2bfbb6b1
[0m[m
[0m2022-10-23 16:33:18 V/Bot.2118654642: Tohsaka Gozen(1679124358) -> å’Œæˆ‘[0m[m
[31m2022-10-23 16:33:42 E/MAH Access: kotlinx.coroutines.JobCancellationException: StandaloneCoroutine was cancelled; job=StandaloneCoroutine{Cancelling}@4ba48ee2
kotlinx.coroutines.JobCancellationException: StandaloneCoroutine was cancelled; job=StandaloneCoroutine{Cancelling}@4ba48ee2
[0m[m
[0m2022-10-23 16:34:32 V/Bot.2118654642: Tohsaka Gozen(1679124358) -> ä½ [0m[m
[0m2022-10-23 16:34:51 V/Bot.2118654642: Group(1109825279) <- æœªä½œé’å¹´å¤§å­¦ä¹ çš„åå•ä¸ºï¼šæ¸©å›½åº†,æ›¾å°çŠŠ,ç¬¦å‘è±ª,æä¼Ÿ,é™ˆé£å®‡,ç½—æ–‡è‰¯,é‚“åº·é¹,å­™ä½³é›¨[0m[m
[31m2022-10-23 16:36:27 E/MAH Access: kotlinx.coroutines.JobCancellationException: StandaloneCoroutine was cancelled; job=StandaloneCoroutine{Cancelling}@41d5f900
kotlinx.coroutines.JobCancellationException: StandaloneCoroutine was cancelled; job=StandaloneCoroutine{Cancelling}@41d5f900
[0m[m
[0m2022-10-23 16:36:41 V/Bot.2118654642: Tohsaka Gozen(1679124358) -> é’å¹´å¤§å­¦ä¹ [0m[m
[31m2022-10-23 16:37:12 E/MAH Access: kotlinx.coroutines.JobCancellationException: StandaloneCoroutine was cancelled; job=StandaloneCoroutine{Cancelling}@6135d009
kotlinx.coroutines.JobCancellationException: StandaloneCoroutine was cancelled; job=StandaloneCoroutine{Cancelling}@6135d009
[0m[m
[0m2022-10-23 16:37:29 V/Bot.2118654642: Tohsaka Gozen(1679124358) -> é’å¹´å¤§å­¦ä¹ [0m[m
[0m2022-10-23 16:38:00 V/Bot.2118654642: Group(1109825279) <- @å…¨ä½“æˆå‘˜,æœªä½œé’å¹´å¤§å­¦ä¹ çš„åå•ä¸ºï¼šæ¸©å›½åº†,æ›¾å°çŠŠ,ç¬¦å‘è±ª,æä¼Ÿ,é™ˆé£å®‡,ç½—æ–‡è‰¯,é‚“åº·é¹,å­™ä½³é›¨[0m[m
[31m2022-10-23 16:40:03 E/MAH Access: kotlinx.coroutines.JobCancellationException: StandaloneCoroutine was cancelled; job=StandaloneCoroutine{Cancelling}@6d5e6d68
kotlinx.coroutines.JobCancellationException: StandaloneCoroutine was cancelled; job=StandaloneCoroutine{Cancelling}@6d5e6d68
[0m[m
[0m2022-10-23 16:40:18 V/Bot.2118654642: Tohsaka Gozen(1679124358) -> é’å¹´å¤§å­¦ä¹ [0m[m
[0m2022-10-23 16:40:40 V/Bot.2118654642: Group(1109825279) <- @å…¨ä½“æˆå‘˜,æœªä½œé’å¹´å¤§å­¦ä¹ çš„åå•ä¸ºï¼šæ¸©å›½åº†,æ›¾å°çŠŠ,ç¬¦å‘è±ª,æä¼Ÿ,é™ˆé£å®‡,ç½—æ–‡è‰¯,é‚“åº·é¹,å­™ä½³é›¨.è¯·ä»¥ä¸ŠåŒå­¦åŠ ç´§æ—¶é—´åšå“¦[0m[m
[31m2022-10-23 16:41:13 E/MAH Access: kotlinx.coroutines.JobCancellationException: StandaloneCoroutine was cancelled; job=StandaloneCoroutine{Cancelling}@4a6bfe6a
kotlinx.coroutines.JobCancellationException: StandaloneCoroutine was cancelled; job=StandaloneCoroutine{Cancelling}@4a6bfe6a
[0m[m
[0m2022-10-23 16:44:45 V/Bot.2118654642: [å¥¥ç‰¹å…­å…„å¼Ÿ(1109825279)] è¿ªè¿¦(1794522691) -> [mirai:image:{2BB496BB-352E-6CF2-5BA1-0253A739BE96}.jpg, width=886, height=1920, size=192761, type=JPG, isEmoji=false][0m[m
[92m2022-10-23 16:44:45 I/stdout: RobotConfig.enableRobot = true[0m[m
[92m2022-10-23 16:44:46 I/stdout: RobotConfig.enableRobot = true[0m[m
[0m2022-10-23 16:44:46 V/Bot.2118654642: [å¥¥ç‰¹å…­å…„å¼Ÿ(1109825279)] è¿ªè¿¦(1794522691) -> [mirai:image:{208B9953-7596-1EAE-EEC0-23E94319C45A}.jpg, width=886, height=1920, size=173299, type=JPG, isEmoji=false][0m[m
[92m2022-10-23 16:50:03 I/HRobot: cron task running...[0m[m
