[92m2022-10-29 20:34:11 I/main: Starting mirai-console...[0m[m
[92m2022-10-29 20:34:11 I/main: Backend: version 2.12.1, built on 2022-07-31 17:49:27.[0m[m
[92m2022-10-29 20:34:11 I/main: Frontend Terminal: version 2.12.1, provided by Mamoe Technologies[0m[m
[92m2022-10-29 20:34:11 I/main: Welcome to visit https://mirai.mamoe.net/[0m[m
[91m2022-10-29 20:34:11 W/stderr: SLF4J: Failed to load class "org.slf4j.impl.StaticLoggerBinder".[0m[m
[91m2022-10-29 20:34:11 W/stderr: SLF4J: Defaulting to no-operation (NOP) logger implementation[0m[m
[91m2022-10-29 20:34:11 W/stderr: SLF4J: See http://www.slf4j.org/codes.html#StaticLoggerBinder for further details.[0m[m
[92m2022-10-29 20:34:12 I/plugin: Successfully loaded plugin net.mamoe.mirai-api-http v2.6.2[0m[m
[92m2022-10-29 20:34:12 I/plugin: Successfully loaded plugin SuperCourseTimetable v0.4.7[0m[m
[92m2022-10-29 20:34:12 I/plugin: Successfully loaded plugin Lolicon v6.0.4[0m[m
[92m2022-10-29 20:34:12 I/plugin: Successfully loaded plugin Chat Command v0.5.0[0m[m
[92m2022-10-29 20:34:12 I/plugin: Successfully loaded plugin HRobot v1.0.0[0m[m
[92m2022-10-29 20:34:12 I/plugin: Successfully loaded plugin iam.xiaoan.RanImage v1.0-SNAPSHOT[0m[m
[92m2022-10-29 20:34:12 I/plugin: Successfully loaded plugin MCL Addon v2.0.2[0m[m
[92m2022-10-29 20:34:12 I/main: Prepared built-in commands: autoLogin, help, login, logout, permission, status, stop[0m[m
[91m2022-10-29 20:34:12 W/net.mamoe.mirai-api-http: USING INITIAL KEY, please edit the key[0m[m
[92m2022-10-29 20:34:12 I/Mirai HTTP API: ********************************************************[0m[m
[91m2022-10-29 20:34:12 W/stderr: SLF4J: Failed to load class "org.slf4j.impl.StaticLoggerBinder".[0m[m
[91m2022-10-29 20:34:12 W/stderr: SLF4J: Defaulting to no-operation (NOP) logger implementation[0m[m
[91m2022-10-29 20:34:12 W/stderr: SLF4J: See http://www.slf4j.org/codes.html#StaticLoggerBinder for further details.[0m[m
[31m2022-10-29 20:34:13 E/MahKtorAdapter[http,ws]: java.net.BindException: Address already in use
java.net.BindException: Address already in use
	at java.base/sun.nio.ch.Net.bind0(Native Method)
	at java.base/sun.nio.ch.Net.bind(Net.java:555)
	at java.base/sun.nio.ch.ServerSocketChannelImpl.netBind(ServerSocketChannelImpl.java:337)
	at java.base/sun.nio.ch.ServerSocketChannelImpl.bind(ServerSocketChannelImpl.java:294)
	at java.base/sun.nio.ch.ServerSocketAdaptor.bind(ServerSocketAdaptor.java:89)
	at mirai-api-http-v2.6.2.mirai2.jar[shared]//io.ktor.network.sockets.ConnectUtilsJvmKt.bind(ConnectUtilsJvm.kt:32)
	at mirai-api-http-v2.6.2.mirai2.jar[shared]//io.ktor.network.sockets.TcpSocketBuilder.bind(TcpSocketBuilder.kt:46)
	at mirai-api-http-v2.6.2.mirai2.jar[shared]//io.ktor.network.sockets.TcpSocketBuilder.bind(TcpSocketBuilder.kt:30)
	at mirai-api-http-v2.6.2.mirai2.jar[shared]//io.ktor.network.sockets.TcpSocketBuilder.bind$default(TcpSocketBuilder.kt:26)
	at mirai-api-http-v2.6.2.mirai2.jar[shared]//io.ktor.server.cio.backend.HttpServerKt$httpServer$acceptJob$1.invokeSuspend(HttpServer.kt:46)
	at kotlin.coroutines.jvm.internal.BaseContinuationImpl.resumeWith(ContinuationImpl.kt:33)
	at kotlinx.coroutines.DispatchedTask.run(DispatchedTask.kt:106)
	at kotlinx.coroutines.scheduling.CoroutineScheduler.runSafely(CoroutineScheduler.kt:570)
	at kotlinx.coroutines.scheduling.CoroutineScheduler$Worker.executeTask(CoroutineScheduler.kt:749)
	at kotlinx.coroutines.scheduling.CoroutineScheduler$Worker.runWorker(CoroutineScheduler.kt:677)
	at kotlinx.coroutines.scheduling.CoroutineScheduler$Worker.run(CoroutineScheduler.kt:664)
[0m[m
[31m2022-10-29 20:34:13 E/net.mamoe.mirai-api-http: kotlinx.coroutines.JobCancellationException: LazyStandaloneCoroutine is cancelling; job=LazyStandaloneCoroutine{Cancelled}@a90e2c1
kotlinx.coroutines.JobCancellationException: LazyStandaloneCoroutine is cancelling; job=LazyStandaloneCoroutine{Cancelled}@a90e2c1
Caused by: java.net.BindException: Address already in use
	at java.base/sun.nio.ch.Net.bind0(Native Method)
	at java.base/sun.nio.ch.Net.bind(Net.java:555)
	at java.base/sun.nio.ch.ServerSocketChannelImpl.netBind(ServerSocketChannelImpl.java:337)
	at java.base/sun.nio.ch.ServerSocketChannelImpl.bind(ServerSocketChannelImpl.java:294)
	at java.base/sun.nio.ch.ServerSocketAdaptor.bind(ServerSocketAdaptor.java:89)
	at mirai-api-http-v2.6.2.mirai2.jar[shared]//io.ktor.network.sockets.ConnectUtilsJvmKt.bind(ConnectUtilsJvm.kt:32)
	at mirai-api-http-v2.6.2.mirai2.jar[shared]//io.ktor.network.sockets.TcpSocketBuilder.bind(TcpSocketBuilder.kt:46)
	at mirai-api-http-v2.6.2.mirai2.jar[shared]//io.ktor.network.sockets.TcpSocketBuilder.bind(TcpSocketBuilder.kt:30)
	at mirai-api-http-v2.6.2.mirai2.jar[shared]//io.ktor.network.sockets.TcpSocketBuilder.bind$default(TcpSocketBuilder.kt:26)
	at mirai-api-http-v2.6.2.mirai2.jar[shared]//io.ktor.server.cio.backend.HttpServerKt$httpServer$acceptJob$1.invokeSuspend(HttpServer.kt:46)
	at kotlin.coroutines.jvm.internal.BaseContinuationImpl.resumeWith(ContinuationImpl.kt:33)
	at kotlinx.coroutines.DispatchedTask.run(DispatchedTask.kt:106)
	at kotlinx.coroutines.scheduling.CoroutineScheduler.runSafely(CoroutineScheduler.kt:570)
	at kotlinx.coroutines.scheduling.CoroutineScheduler$Worker.executeTask(CoroutineScheduler.kt:749)
	at kotlinx.coroutines.scheduling.CoroutineScheduler$Worker.runWorker(CoroutineScheduler.kt:677)
	at kotlinx.coroutines.scheduling.CoroutineScheduler$Worker.run(CoroutineScheduler.kt:664)
[0m[m
[92m2022-10-29 20:34:13 I/SuperCourseTimetable: Plugin loaded[0m[m
[92m2022-10-29 20:34:13 I/com.zaxxer.hikari.HikariDataSource: SCTimetableDB Pool - Starting...[0m[m
[31m2022-10-29 20:34:14 E/com.zaxxer.hikari.pool.HikariPool: SCTimetableDB Pool - Exception during pool initialization.[0m[m
[31m2022-10-29 20:34:14 E/SuperCourseTimetable: com.zaxxer.hikari.pool.HikariPool$PoolInitializationException: Failed to initialize pool: Unknown database 'sctimetabledb'
com.zaxxer.hikari.pool.HikariPool$PoolInitializationException: Failed to initialize pool: Unknown database 'sctimetabledb'
	at SCTimetableBot-0.4.7.mirai.jar//com.zaxxer.hikari.pool.HikariPool.throwPoolInitializationException(HikariPool.java:596)
	at SCTimetableBot-0.4.7.mirai.jar//com.zaxxer.hikari.pool.HikariPool.checkFailFast(HikariPool.java:582)
	at SCTimetableBot-0.4.7.mirai.jar//com.zaxxer.hikari.pool.HikariPool.<init>(HikariPool.java:100)
	at SCTimetableBot-0.4.7.mirai.jar//com.zaxxer.hikari.HikariDataSource.<init>(HikariDataSource.java:81)
	at SCTimetableBot-0.4.7.mirai.jar//me.stageguard.sctimetable.database.Database.hikariDataSourceProvider(Database.kt:85)
	at SCTimetableBot-0.4.7.mirai.jar//me.stageguard.sctimetable.database.Database.connect(Database.kt:55)
	at SCTimetableBot-0.4.7.mirai.jar//me.stageguard.sctimetable.PluginMain.onEnable(PluginMain.kt:43)
	at net.mamoe.mirai.console.internal.plugin.JvmPluginInternal.internalOnEnable$mirai_console(JvmPluginInternal.kt:131)
	at net.mamoe.mirai.console.internal.plugin.BuiltInJvmPluginLoaderImpl.enable(BuiltInJvmPluginLoaderImpl.kt:278)
	at net.mamoe.mirai.console.internal.plugin.BuiltInJvmPluginLoaderImpl.enable(BuiltInJvmPluginLoaderImpl.kt:35)
	at net.mamoe.mirai.console.plugin.jvm.JvmPluginLoader$BuiltIn.enable(JvmPluginLoader.kt)
	at net.mamoe.mirai.console.plugin.jvm.JvmPluginLoader$BuiltIn.enable(JvmPluginLoader.kt:50)
	at net.mamoe.mirai.console.plugin.PluginManager.enablePlugin(PluginManager.kt:173)
	at net.mamoe.mirai.console.internal.plugin.PluginManagerImpl.enableAllLoadedPlugins$mirai_console(PluginManagerImpl.kt:178)
	at net.mamoe.mirai.console.internal.MiraiConsoleImplementationBridge.doStart$mirai_console(MiraiConsoleImplementationBridge.kt:235)
	at net.mamoe.mirai.console.MiraiConsoleImplementation$Companion.start(MiraiConsoleImplementation.kt:464)
	at net.mamoe.mirai.console.terminal.MiraiConsoleTerminalLoader.startAsDaemon(MiraiConsoleTerminalLoader.kt:168)
	at net.mamoe.mirai.console.terminal.MiraiConsoleTerminalLoader.startAsDaemon$default(MiraiConsoleTerminalLoader.kt:167)
	at net.mamoe.mirai.console.terminal.MiraiConsoleTerminalLoader.main(MiraiConsoleTerminalLoader.kt:52)
	at java.base/jdk.internal.reflect.NativeMethodAccessorImpl.invoke0(Native Method)
	at java.base/jdk.internal.reflect.NativeMethodAccessorImpl.invoke(NativeMethodAccessorImpl.java:77)
	at java.base/jdk.internal.reflect.DelegatingMethodAccessorImpl.invoke(DelegatingMethodAccessorImpl.java:43)
	at java.base/java.lang.reflect.Method.invoke(Method.java:568)
	at org.itxtech.mcl.Utility.bootJars(Utility.java:86)
	at org.itxtech.mcl.Utility.bootJars(Utility.java:76)
	at org.itxtech.mcl.Utility.bootMirai(Utility.java:98)
	at org.itxtech.mcl.module.builtin.Boot.boot(Boot.java:113)
	at org.itxtech.mcl.module.ModuleManager.phaseBoot(ModuleManager.java:123)
	at org.itxtech.mcl.Loader.lambda$start$4(Loader.java:194)
	at org.itxtech.mcl.Loader.tryCatching(Loader.java:151)
	at org.itxtech.mcl.Loader.start(Loader.java:194)
	at org.itxtech.mcl.Loader.main(Loader.java:84)
Caused by: java.sql.SQLSyntaxErrorException: Unknown database 'sctimetabledb'
	at SCTimetableBot-0.4.7.mirai.jar//com.mysql.cj.jdbc.exceptions.SQLError.createSQLException(SQLError.java:120)
	at SCTimetableBot-0.4.7.mirai.jar//com.mysql.cj.jdbc.exceptions.SQLExceptionsMapping.translateException(SQLExceptionsMapping.java:122)
	at SCTimetableBot-0.4.7.mirai.jar//com.mysql.cj.jdbc.ConnectionImpl.createNewIO(ConnectionImpl.java:833)
	at SCTimetableBot-0.4.7.mirai.jar//com.mysql.cj.jdbc.ConnectionImpl.<init>(ConnectionImpl.java:453)
	at SCTimetableBot-0.4.7.mirai.jar//com.mysql.cj.jdbc.ConnectionImpl.getInstance(ConnectionImpl.java:246)
	at SCTimetableBot-0.4.7.mirai.jar//com.mysql.cj.jdbc.NonRegisteringDriver.connect(NonRegisteringDriver.java:198)
	at SCTimetableBot-0.4.7.mirai.jar//com.zaxxer.hikari.util.DriverDataSource.getConnection(DriverDataSource.java:138)
	at SCTimetableBot-0.4.7.mirai.jar//com.zaxxer.hikari.pool.PoolBase.newConnection(PoolBase.java:359)
	at SCTimetableBot-0.4.7.mirai.jar//com.zaxxer.hikari.pool.PoolBase.newPoolEntry(PoolBase.java:201)
	at SCTimetableBot-0.4.7.mirai.jar//com.zaxxer.hikari.pool.HikariPool.createPoolEntry(HikariPool.java:470)
	at SCTimetableBot-0.4.7.mirai.jar//com.zaxxer.hikari.pool.HikariPool.checkFailFast(HikariPool.java:561)
	... 30 more
[0m[m
[92m2022-10-29 20:34:14 I/Lolicon: Plugin loaded[0m[m
[92m2022-10-29 20:34:14 I/HRobot: 正在初始化机器人配置[0m[m
[92m2022-10-29 20:34:14 I/HRobot: 配置初始化完成[0m[m
[92m2022-10-29 20:34:14 I/stdout: RobotConfig.customKeyword = {全局关键字=全局关键字回复, #regex#全局正则表达式=回复, 群号=群内关键字: 群内关键字回复, 1109825279={原神=原神怎么你了！, 杰哥=杰哥快教我登dua郎！}}[0m[m
[91m2022-10-29 20:34:14 W/HRobot: Linked class org.slf4j.impl.StaticLoggerBinder in SCTimetableBot-0.4.7.mirai.jar but plugin not depend on it.[0m[m
[91m2022-10-29 20:34:14 W/HRobot: Class loading logic may change in feature.[0m[m
[92m2022-10-29 20:34:14 I/org.reflections.Reflections: Reflections took 88 ms to scan 1 urls, producing 21 keys and 62 values [0m[m
[92m2022-10-29 20:34:15 I/HRobot: HRobot handlers and filters loading finished, total 15 handlers, 3 inspectors.[0m[m
[92m2022-10-29 20:34:15 I/stdout: Pattern = true[0m[m
[92m2022-10-29 20:34:15 I/stdout:         ,--,                                                    [0m[m
[92m2022-10-29 20:34:15 I/stdout:       ,--.'|,-.----.                                    ___     [0m[m
[92m2022-10-29 20:34:15 I/stdout:    ,--,  | :\    /  \             ,---,               ,--.'|_   [0m[m
[92m2022-10-29 20:34:15 I/stdout: ,---.'|  : ';   :    \   ,---.  ,---.'|      ,---.    |  | :,'  [0m[m
[92m2022-10-29 20:34:15 I/stdout: |   | : _' ||   | .\ :  '   ,'\ |   | :     '   ,'\   :  : ' :  [0m[m
[92m2022-10-29 20:34:15 I/stdout: :   : |.'  |.   : |: | /   /   |:   : :    /   /   |.;__,'  /   [0m[m
[92m2022-10-29 20:34:15 I/stdout: |   ' '  ; :|   |  \ :.   ; ,. ::     |,-..   ; ,. :|  |   |    [0m[m
[92m2022-10-29 20:34:15 I/stdout: '   |  .'. ||   : .  /'   | |: :|   : '  |'   | |: ::__,'| :    [0m[m
[92m2022-10-29 20:34:15 I/stdout: |   | :  | ';   | |  \'   | .; :|   |  / :'   | .; :  '  : |__  [0m[m
[92m2022-10-29 20:34:15 I/stdout: '   : |  : ;|   | ;\  \   :    |'   : |: ||   :    |  |  | '.'| [0m[m
[92m2022-10-29 20:34:15 I/stdout: |   | '  ,/ :   ' | \.'\   \  / |   | '/ : \   \  /   ;  :    ; [0m[m
[92m2022-10-29 20:34:15 I/stdout: ;   : ;--'  :   : :-'   `----'  |   :    |  `----'    |  ,   /  [0m[m
[92m2022-10-29 20:34:15 I/stdout: |   ,/      |   |.'             /    \  /              ---`-'       [0m[m
[92m2022-10-29 20:34:15 I/stdout: '---'       `---'               `-'----'                            v3.2.1[0m[m
[92m2022-10-29 20:34:15 I/HRobot: cron task running...[0m[m
[92m2022-10-29 20:34:15 I/stdout: latestVersion = HRobot v3.3[0m[m
[92m2022-10-29 20:34:15 I/HRobot: 检测到新版本: HRobot v3.3, 请前往 https://github.com/happysnaker/mirai-plugin-HRobot/releases/tag/3.3 查看详情[0m[m
[92m2022-10-29 20:34:15 I/HRobot: 已取消下载[0m[m
[92m2022-10-29 20:34:15 I/iam.xiaoan.RanImage: Plugin loaded![0m[m
[92m2022-10-29 20:34:15 I/iam.xiaoan.RanImage: 你好！我是小安！感谢你使用这款随机二次元图片插件！[0m[m
[92m2022-10-29 20:34:15 I/MCL Addon: iTXTech MCL Version: 2.1.1-d66fada[0m[m
[91m2022-10-29 20:34:15 W/MCL Addon: iTXTech Soyuz 未安装，Soyuz MCL Handler 特性已禁用[0m[m
[92m2022-10-29 20:34:15 I/main: 5 plugin(s) enabled.[0m[m
[92m2022-10-29 20:34:15 I/main: Auto-login 2118654642[0m[m
[91m2022-10-29 20:34:16 W/stderr: ERROR StatusLogger Log4j2 could not find a logging implementation. Please add log4j-core to the classpath. Using SimpleLogger to log to the console...[0m[m
[92m2022-10-29 20:34:18 I/Bot.2118654642: [SliderCaptcha] 需要滑动验证码, 请按照以下链接的步骤完成滑动验证码, 然后输入获取到的 ticket[0m[m
[92m2022-10-29 20:34:18 I/Bot.2118654642: [SliderCaptcha] Slider captcha required. Please solve the captcha with following link. Type ticket here after completion.[0m[m
[92m2022-10-29 20:34:18 I/Bot.2118654642: [SliderCaptcha] @see https://github.com/project-mirai/mirai-login-solver-selenium[0m[m
[92m2022-10-29 20:34:18 I/Bot.2118654642: [SliderCaptcha] @see https://docs.mirai.mamoe.net/mirai-login-solver-selenium/[0m[m
[92m2022-10-29 20:34:18 I/Bot.2118654642: [SliderCaptcha] 或者输入 TxCaptchaHelper 来使用 TxCaptchaHelper 完成滑动验证码[0m[m
[92m2022-10-29 20:34:18 I/Bot.2118654642: [SliderCaptcha] Or type `TxCaptchaHelper` to resolve slider captcha with TxCaptchaHelper.apk[0m[m
[92m2022-10-29 20:34:18 I/Bot.2118654642: [SliderCaptcha] Captcha link: https://ssl.captcha.qq.com/template/wireless_mqq_captcha.html?style=simple&aid=16&uin=2118654642&sid=2652881277545160137&cap_cd=TUamtQ_P6MRMM2zLPXFg5A2j4IeQ3Hbm1Bc48rPExjyt5HYor849HQ**&clientype=1&apptype=2[0m[m
[92m2022-10-29 20:34:36 I/Bot.2118654642: [SliderCaptcha] @see https://github.com/mzdluo123/TxCaptchaHelper[0m[m
[92m2022-10-29 20:34:36 I/Bot.2118654642: Sending request...[0m[m
[92m2022-10-29 20:35:50 I/Bot.2118654642: java.util.concurrent.CancellationException: Job was cancelled[0m[m
[31m2022-10-29 20:36:51 E/main: 

=============================================================
MIRAI CONSOLE CRASH REPORT.
Console has take too long to shutdown.

TIME: 1667047010984 <2022-10-29T12:36:50.984Z>
SYSTEM: Linux amd64 3.10.0-1160.71.1.el7.x86_64
JRT:
  Java(TM) SE Runtime Environment  17.0.5
    by Oracle Corporation
SPEC:
  Java Platform API Specification 17
    by Oracle Corporation
VM:
  Java HotSpot(TM) 64-Bit Server VM 17.0.5+9-LTS-191
    by Oracle Corporation


PROCESS Working dir: /root/tohsaka/rin/Rin
Console Working Dir: /root/tohsaka/rin/Rin
Loaded plugins:
|- net.mamoe.mirai-api-http v2.6.2
|   `- ID: net.mamoe.mirai-api-http
|   `- AUTHOR: ryoii
|   `- MAIN: class net.mamoe.mirai.api.http.HttpApiPluginBase
|   `- FROM: /root/tohsaka/rin/Rin/plugins/mirai-api-http-v2.6.2.mirai2.jar
|- SuperCourseTimetable v0.4.7
|   `- ID: me.stageguard.sctimetable
|   `- MAIN: class me.stageguard.sctimetable.PluginMain
|   `- FROM: /root/tohsaka/rin/Rin/plugins/SCTimetableBot-0.4.7.mirai.jar
|- Lolicon v6.0.4
|   `- ID: io.github.samarium150.mirai.plugin.mirai-console-lolicon
|   `- AUTHOR: Samarium150
|   `- MAIN: class io.github.samarium150.mirai.plugin.lolicon.MiraiConsoleLolicon
|   `- FROM: /root/tohsaka/rin/Rin/plugins/mirai-console-lolicon-6.0.4.mirai2.jar
|- Chat Command v0.5.0
|   `- ID: net.mamoe.mirai.console.chat-command
|   `- MAIN: class net.mamoe.mirai.console.plugins.chat.command.PluginMain
|   `- FROM: /root/tohsaka/rin/Rin/plugins/chat-command-0.5.1.jar
|- HRobot v1.0.0
|   `- ID: com.happysnaker.HRobot
|   `- AUTHOR: Happysnaker
|   `- MAIN: class com.happysnaker.Main
|   `- FROM: /root/tohsaka/rin/Rin/plugins/plugin-3.2.1-SNAPSHOT.mirai.jar
|- iam.xiaoan.RanImage v1.0-SNAPSHOT
|   `- ID: iam.xiaoan.RanImage
|   `- AUTHOR: xiaoan
|   `- MAIN: class iam.xiaoan.RanImage
|   `- FROM: /root/tohsaka/rin/Rin/plugins/RanImage-1.0-SNAPSHOT.mirai.jar
|- MCL Addon v2.0.2
|   `- ID: org.itxtech.mcl.addon
|   `- AUTHOR: PeratX
|   `- MAIN: class org.itxtech.mcl.addon.PluginMain
|   `- FROM: /root/tohsaka/rin/Rin/plugins/mcl-addon-2.0.2.jar



PROCESS: 983@VM-8-17-centos
VM OPTIONS:


THREADS:



"main" prio=5 Id=1 on kotlinx.coroutines.BlockingCoroutine@4485de3a
	at java.base@17.0.5/jdk.internal.misc.Unsafe.park(Native Method)
	-  waiting on kotlinx.coroutines.BlockingCoroutine@4485de3a
	at java.base@17.0.5/java.util.concurrent.locks.LockSupport.parkNanos(LockSupport.java:252)
	at app//kotlinx.coroutines.BlockingCoroutine.joinBlocking(Builders.kt:88)
	at app//kotlinx.coroutines.BuildersKt__BuildersKt.runBlocking(Builders.kt:59)
	at app//kotlinx.coroutines.BuildersKt.runBlocking(Unknown Source)
	at app//kotlinx.coroutines.BuildersKt__BuildersKt.runBlocking$default(Builders.kt:38)
	at app//kotlinx.coroutines.BuildersKt.runBlocking$default(Unknown Source)
	at app//net.mamoe.mirai.console.internal.MiraiConsoleImplementationBridge.doStart$mirai_console(MiraiConsoleImplementationBridge.kt:245)
	at app//net.mamoe.mirai.console.MiraiConsoleImplementation$Companion.start(MiraiConsoleImplementation.kt:464)
	at app//net.mamoe.mirai.console.terminal.MiraiConsoleTerminalLoader.startAsDaemon(MiraiConsoleTerminalLoader.kt:168)
	at app//net.mamoe.mirai.console.terminal.MiraiConsoleTerminalLoader.startAsDaemon$default(MiraiConsoleTerminalLoader.kt:167)
	at app//net.mamoe.mirai.console.terminal.MiraiConsoleTerminalLoader.main(MiraiConsoleTerminalLoader.kt:52)
	at java.base@17.0.5/jdk.internal.reflect.NativeMethodAccessorImpl.invoke0(Native Method)
	at java.base@17.0.5/jdk.internal.reflect.NativeMethodAccessorImpl.invoke(NativeMethodAccessorImpl.java:77)
	at java.base@17.0.5/jdk.internal.reflect.DelegatingMethodAccessorImpl.invoke(DelegatingMethodAccessorImpl.java:43)
	at java.base@17.0.5/java.lang.reflect.Method.invoke(Method.java:568)
	at app//org.itxtech.mcl.Utility.bootJars(Utility.java:86)
	at app//org.itxtech.mcl.Utility.bootJars(Utility.java:76)
	at app//org.itxtech.mcl.Utility.bootMirai(Utility.java:98)
	at app//org.itxtech.mcl.module.builtin.Boot.boot(Boot.java:113)
	at app//org.itxtech.mcl.module.ModuleManager.phaseBoot(ModuleManager.java:123)
	at app//org.itxtech.mcl.Loader.lambda$start$4(Loader.java:194)
	at app//org.itxtech.mcl.Loader$$Lambda$232/0x0000000800c978d0.run(Unknown Source)
	at app//org.itxtech.mcl.Loader.tryCatching(Loader.java:151)
	at app//org.itxtech.mcl.Loader.start(Loader.java:194)
	at app//org.itxtech.mcl.Loader.main(Loader.java:84)




"Reference Handler" daemon prio=10 Id=2
	at java.base@17.0.5/java.lang.ref.Reference.waitForReferencePendingList(Native Method)
	at java.base@17.0.5/java.lang.ref.Reference.processPendingReferences(Reference.java:253)
	at java.base@17.0.5/java.lang.ref.Reference$ReferenceHandler.run(Reference.java:215)




"Finalizer" daemon prio=8 Id=3 on java.lang.ref.ReferenceQueue$Lock@6d48e668
	at java.base@17.0.5/java.lang.Object.wait(Native Method)
	-  waiting on java.lang.ref.ReferenceQueue$Lock@6d48e668
	at java.base@17.0.5/java.lang.ref.ReferenceQueue.remove(ReferenceQueue.java:155)
	at java.base@17.0.5/java.lang.ref.ReferenceQueue.remove(ReferenceQueue.java:176)
	at java.base@17.0.5/java.lang.ref.Finalizer$FinalizerThread.run(Finalizer.java:172)




"Signal Dispatcher" daemon prio=9 Id=4




"Notification Thread" daemon prio=9 Id=10




"Common-Cleaner" daemon prio=8 Id=11 on java.lang.ref.ReferenceQueue$Lock@53e67e2
	at java.base@17.0.5/java.lang.Object.wait(Native Method)
	-  waiting on java.lang.ref.ReferenceQueue$Lock@53e67e2
	at java.base@17.0.5/java.lang.ref.ReferenceQueue.remove(ReferenceQueue.java:155)
	at java.base@17.0.5/jdk.internal.ref.CleanerImpl.run(CleanerImpl.java:140)
	at java.base@17.0.5/java.lang.Thread.run(Thread.java:833)
	at java.base@17.0.5/jdk.internal.misc.InnocuousThread.run(InnocuousThread.java:162)




"HttpClient-2-SelectorManager" daemon prio=5 Id=13 (in native)
	at java.base@17.0.5/sun.nio.ch.EPoll.wait(Native Method)
	at java.base@17.0.5/sun.nio.ch.EPollSelectorImpl.doSelect(EPollSelectorImpl.java:118)
	at java.base@17.0.5/sun.nio.ch.SelectorImpl.lockAndDoSelect(SelectorImpl.java:129)
	-  locked sun.nio.ch.Util$2@230e73b1
	-  locked sun.nio.ch.EPollSelectorImpl@63c1c918
	at java.base@17.0.5/sun.nio.ch.SelectorImpl.select(SelectorImpl.java:141)
	at platform/java.net.http@17.0.5/jdk.internal.net.http.HttpClientImpl$SelectorManager.run(HttpClientImpl.java:889)




"Mirai Console Terminal Logging Thread#0" daemon prio=5 Id=17 on java.util.concurrent.locks.AbstractQueuedSynchronizer$ConditionObject@1536a3f5
	at java.base@17.0.5/jdk.internal.misc.Unsafe.park(Native Method)
	-  waiting on java.util.concurrent.locks.AbstractQueuedSynchronizer$ConditionObject@1536a3f5
	at java.base@17.0.5/java.util.concurrent.locks.LockSupport.park(LockSupport.java:341)
	at java.base@17.0.5/java.util.concurrent.locks.AbstractQueuedSynchronizer$ConditionNode.block(AbstractQueuedSynchronizer.java:506)
	at java.base@17.0.5/java.util.concurrent.ForkJoinPool.unmanagedBlock(ForkJoinPool.java:3463)
	at java.base@17.0.5/java.util.concurrent.ForkJoinPool.managedBlock(ForkJoinPool.java:3434)
	at java.base@17.0.5/java.util.concurrent.locks.AbstractQueuedSynchronizer$ConditionObject.await(AbstractQueuedSynchronizer.java:1623)
	at java.base@17.0.5/java.util.concurrent.ScheduledThreadPoolExecutor$DelayedWorkQueue.take(ScheduledThreadPoolExecutor.java:1177)
	at java.base@17.0.5/java.util.concurrent.ScheduledThreadPoolExecutor$DelayedWorkQueue.take(ScheduledThreadPoolExecutor.java:899)
	at java.base@17.0.5/java.util.concurrent.ThreadPoolExecutor.getTask(ThreadPoolExecutor.java:1062)
	at java.base@17.0.5/java.util.concurrent.ThreadPoolExecutor.runWorker(ThreadPoolExecutor.java:1122)
	at java.base@17.0.5/java.util.concurrent.ThreadPoolExecutor$Worker.run(ThreadPoolExecutor.java:635)
	at java.base@17.0.5/java.lang.Thread.run(Thread.java:833)




"Mirai Console Terminal Logging Thread#1" daemon prio=5 Id=18 on java.util.concurrent.locks.AbstractQueuedSynchronizer$ConditionObject@1536a3f5
	at java.base@17.0.5/jdk.internal.misc.Unsafe.park(Native Method)
	-  waiting on java.util.concurrent.locks.AbstractQueuedSynchronizer$ConditionObject@1536a3f5
	at java.base@17.0.5/java.util.concurrent.locks.LockSupport.parkNanos(LockSupport.java:252)
	at java.base@17.0.5/java.util.concurrent.locks.AbstractQueuedSynchronizer$ConditionObject.awaitNanos(AbstractQueuedSynchronizer.java:1672)
	at java.base@17.0.5/java.util.concurrent.ScheduledThreadPoolExecutor$DelayedWorkQueue.take(ScheduledThreadPoolExecutor.java:1182)
	at java.base@17.0.5/java.util.concurrent.ScheduledThreadPoolExecutor$DelayedWorkQueue.take(ScheduledThreadPoolExecutor.java:899)
	at java.base@17.0.5/java.util.concurrent.ThreadPoolExecutor.getTask(ThreadPoolExecutor.java:1062)
	at java.base@17.0.5/java.util.concurrent.ThreadPoolExecutor.runWorker(ThreadPoolExecutor.java:1122)
	at java.base@17.0.5/java.util.concurrent.ThreadPoolExecutor$Worker.run(ThreadPoolExecutor.java:635)
	at java.base@17.0.5/java.lang.Thread.run(Thread.java:833)




"Mirai Console Terminal Logging Thread#2" daemon prio=5 Id=21 on java.util.concurrent.locks.AbstractQueuedSynchronizer$ConditionObject@1536a3f5
	at java.base@17.0.5/jdk.internal.misc.Unsafe.park(Native Method)
	-  waiting on java.util.concurrent.locks.AbstractQueuedSynchronizer$ConditionObject@1536a3f5
	at java.base@17.0.5/java.util.concurrent.locks.LockSupport.park(LockSupport.java:341)
	at java.base@17.0.5/java.util.concurrent.locks.AbstractQueuedSynchronizer$ConditionNode.block(AbstractQueuedSynchronizer.java:506)
	at java.base@17.0.5/java.util.concurrent.ForkJoinPool.unmanagedBlock(ForkJoinPool.java:3463)
	at java.base@17.0.5/java.util.concurrent.ForkJoinPool.managedBlock(ForkJoinPool.java:3434)
	at java.base@17.0.5/java.util.concurrent.locks.AbstractQueuedSynchronizer$ConditionObject.await(AbstractQueuedSynchronizer.java:1623)
	at java.base@17.0.5/java.util.concurrent.ScheduledThreadPoolExecutor$DelayedWorkQueue.take(ScheduledThreadPoolExecutor.java:1177)
	at java.base@17.0.5/java.util.concurrent.ScheduledThreadPoolExecutor$DelayedWorkQueue.take(ScheduledThreadPoolExecutor.java:899)
	at java.base@17.0.5/java.util.concurrent.ThreadPoolExecutor.getTask(ThreadPoolExecutor.java:1062)
	at java.base@17.0.5/java.util.concurrent.ThreadPoolExecutor.runWorker(ThreadPoolExecutor.java:1122)
	at java.base@17.0.5/java.util.concurrent.ThreadPoolExecutor$Worker.run(ThreadPoolExecutor.java:635)
	at java.base@17.0.5/java.lang.Thread.run(Thread.java:833)




"DefaultDispatcher-worker-1" daemon prio=5 Id=22
	at java.base@17.0.5/jdk.internal.misc.Unsafe.park(Native Method)
	at java.base@17.0.5/java.util.concurrent.locks.LockSupport.parkNanos(LockSupport.java:376)
	at app//kotlinx.coroutines.scheduling.CoroutineScheduler$Worker.park(CoroutineScheduler.kt:794)
	at app//kotlinx.coroutines.scheduling.CoroutineScheduler$Worker.tryPark(CoroutineScheduler.kt:739)
	at app//kotlinx.coroutines.scheduling.CoroutineScheduler$Worker.runWorker(CoroutineScheduler.kt:710)
	at app//kotlinx.coroutines.scheduling.CoroutineScheduler$Worker.run(CoroutineScheduler.kt:664)




"DefaultDispatcher-worker-2" daemon prio=5 Id=23
	at java.base@17.0.5/jdk.internal.misc.Unsafe.park(Native Method)
	at java.base@17.0.5/java.util.concurrent.locks.LockSupport.parkNanos(LockSupport.java:376)
	at app//kotlinx.coroutines.scheduling.CoroutineScheduler$Worker.park(CoroutineScheduler.kt:794)
	at app//kotlinx.coroutines.scheduling.CoroutineScheduler$Worker.tryPark(CoroutineScheduler.kt:739)
	at app//kotlinx.coroutines.scheduling.CoroutineScheduler$Worker.runWorker(CoroutineScheduler.kt:710)
	at app//kotlinx.coroutines.scheduling.CoroutineScheduler$Worker.run(CoroutineScheduler.kt:664)




"kotlinx.coroutines.DefaultExecutor" daemon prio=5 Id=24 on kotlinx.coroutines.DefaultExecutor@45f5c919
	at java.base@17.0.5/jdk.internal.misc.Unsafe.park(Native Method)
	-  waiting on kotlinx.coroutines.DefaultExecutor@45f5c919
	at java.base@17.0.5/java.util.concurrent.locks.LockSupport.parkNanos(LockSupport.java:252)
	at app//kotlinx.coroutines.DefaultExecutor.run(DefaultExecutor.kt:121)
	at java.base@17.0.5/java.lang.Thread.run(Thread.java:833)




"ktor-okhttp-dispatcher-worker-1" daemon prio=5 Id=25
	at java.base@17.0.5/jdk.internal.misc.Unsafe.park(Native Method)
	at java.base@17.0.5/java.util.concurrent.locks.LockSupport.parkNanos(LockSupport.java:376)
	at app//kotlinx.coroutines.scheduling.CoroutineScheduler$Worker.park(CoroutineScheduler.kt:794)
	at app//kotlinx.coroutines.scheduling.CoroutineScheduler$Worker.tryPark(CoroutineScheduler.kt:739)
	at app//kotlinx.coroutines.scheduling.CoroutineScheduler$Worker.runWorker(CoroutineScheduler.kt:710)
	at app//kotlinx.coroutines.scheduling.CoroutineScheduler$Worker.run(CoroutineScheduler.kt:664)




"ktor-okhttp-dispatcher-worker-2" daemon prio=5 Id=26
	at java.base@17.0.5/jdk.internal.misc.Unsafe.park(Native Method)
	at java.base@17.0.5/java.util.concurrent.locks.LockSupport.parkNanos(LockSupport.java:376)
	at app//kotlinx.coroutines.scheduling.CoroutineScheduler$Worker.park(CoroutineScheduler.kt:794)
	at app//kotlinx.coroutines.scheduling.CoroutineScheduler$Worker.tryPark(CoroutineScheduler.kt:739)
	at app//kotlinx.coroutines.scheduling.CoroutineScheduler$Worker.runWorker(CoroutineScheduler.kt:710)
	at app//kotlinx.coroutines.scheduling.CoroutineScheduler$Worker.run(CoroutineScheduler.kt:664)




"ktor-okhttp-dispatcher-worker-3" daemon prio=5 Id=27
	at java.base@17.0.5/jdk.internal.misc.Unsafe.park(Native Method)
	at java.base@17.0.5/java.util.concurrent.locks.LockSupport.parkNanos(LockSupport.java:376)
	at app//kotlinx.coroutines.scheduling.CoroutineScheduler$Worker.park(CoroutineScheduler.kt:794)
	at app//kotlinx.coroutines.scheduling.CoroutineScheduler$Worker.tryPark(CoroutineScheduler.kt:739)
	at app//kotlinx.coroutines.scheduling.CoroutineScheduler$Worker.runWorker(CoroutineScheduler.kt:710)
	at app//kotlinx.coroutines.scheduling.CoroutineScheduler$Worker.run(CoroutineScheduler.kt:664)




"ktor-okhttp-dispatcher-worker-1" daemon prio=5 Id=28
	at java.base@17.0.5/jdk.internal.misc.Unsafe.park(Native Method)
	at java.base@17.0.5/java.util.concurrent.locks.LockSupport.parkNanos(LockSupport.java:376)
	at app//kotlinx.coroutines.scheduling.CoroutineScheduler$Worker.park(CoroutineScheduler.kt:794)
	at app//kotlinx.coroutines.scheduling.CoroutineScheduler$Worker.tryPark(CoroutineScheduler.kt:739)
	at app//kotlinx.coroutines.scheduling.CoroutineScheduler$Worker.runWorker(CoroutineScheduler.kt:710)
	at app//kotlinx.coroutines.scheduling.CoroutineScheduler$Worker.run(CoroutineScheduler.kt:664)




"ktor-okhttp-dispatcher-worker-2" daemon prio=5 Id=29
	at java.base@17.0.5/jdk.internal.misc.Unsafe.park(Native Method)
	at java.base@17.0.5/java.util.concurrent.locks.LockSupport.parkNanos(LockSupport.java:376)
	at app//kotlinx.coroutines.scheduling.CoroutineScheduler$Worker.park(CoroutineScheduler.kt:794)
	at app//kotlinx.coroutines.scheduling.CoroutineScheduler$Worker.tryPark(CoroutineScheduler.kt:739)
	at app//kotlinx.coroutines.scheduling.CoroutineScheduler$Worker.runWorker(CoroutineScheduler.kt:710)
	at app//kotlinx.coroutines.scheduling.CoroutineScheduler$Worker.run(CoroutineScheduler.kt:664)




"ktor-okhttp-dispatcher-worker-3" daemon prio=5 Id=30
	at java.base@17.0.5/jdk.internal.misc.Unsafe.park(Native Method)
	at java.base@17.0.5/java.util.concurrent.locks.LockSupport.parkNanos(LockSupport.java:376)
	at app//kotlinx.coroutines.scheduling.CoroutineScheduler$Worker.park(CoroutineScheduler.kt:794)
	at app//kotlinx.coroutines.scheduling.CoroutineScheduler$Worker.tryPark(CoroutineScheduler.kt:739)
	at app//kotlinx.coroutines.scheduling.CoroutineScheduler$Worker.runWorker(CoroutineScheduler.kt:710)
	at app//kotlinx.coroutines.scheduling.CoroutineScheduler$Worker.run(CoroutineScheduler.kt:664)




"DefaultDispatcher-worker-1" daemon prio=5 Id=31
	at java.base@17.0.5/jdk.internal.misc.Unsafe.park(Native Method)
	at java.base@17.0.5/java.util.concurrent.locks.LockSupport.parkNanos(LockSupport.java:376)
	at app//kotlinx.coroutines.scheduling.CoroutineScheduler$Worker.park(CoroutineScheduler.kt:794)
	at app//kotlinx.coroutines.scheduling.CoroutineScheduler$Worker.tryPark(CoroutineScheduler.kt:739)
	at app//kotlinx.coroutines.scheduling.CoroutineScheduler$Worker.runWorker(CoroutineScheduler.kt:710)
	at app//kotlinx.coroutines.scheduling.CoroutineScheduler$Worker.run(CoroutineScheduler.kt:664)




"DefaultDispatcher-worker-2" daemon prio=5 Id=32
	at java.base@17.0.5/jdk.internal.misc.Unsafe.park(Native Method)
	at java.base@17.0.5/java.util.concurrent.locks.LockSupport.parkNanos(LockSupport.java:376)
	at app//kotlinx.coroutines.scheduling.CoroutineScheduler$Worker.park(CoroutineScheduler.kt:794)
	at app//kotlinx.coroutines.scheduling.CoroutineScheduler$Worker.tryPark(CoroutineScheduler.kt:739)
	at app//kotlinx.coroutines.scheduling.CoroutineScheduler$Worker.runWorker(CoroutineScheduler.kt:710)
	at app//kotlinx.coroutines.scheduling.CoroutineScheduler$Worker.run(CoroutineScheduler.kt:664)




"DefaultDispatcher-worker-3" daemon prio=5 Id=33
	at java.base@17.0.5/jdk.internal.misc.Unsafe.park(Native Method)
	at java.base@17.0.5/java.util.concurrent.locks.LockSupport.parkNanos(LockSupport.java:376)
	at app//kotlinx.coroutines.scheduling.CoroutineScheduler$Worker.park(CoroutineScheduler.kt:794)
	at app//kotlinx.coroutines.scheduling.CoroutineScheduler$Worker.tryPark(CoroutineScheduler.kt:739)
	at app//kotlinx.coroutines.scheduling.CoroutineScheduler$Worker.runWorker(CoroutineScheduler.kt:710)
	at app//kotlinx.coroutines.scheduling.CoroutineScheduler$Worker.run(CoroutineScheduler.kt:664)




"DefaultDispatcher-worker-4" daemon prio=5 Id=34
	at java.base@17.0.5/jdk.internal.misc.Unsafe.park(Native Method)
	at java.base@17.0.5/java.util.concurrent.locks.LockSupport.parkNanos(LockSupport.java:376)
	at app//kotlinx.coroutines.scheduling.CoroutineScheduler$Worker.park(CoroutineScheduler.kt:794)
	at app//kotlinx.coroutines.scheduling.CoroutineScheduler$Worker.tryPark(CoroutineScheduler.kt:739)
	at app//kotlinx.coroutines.scheduling.CoroutineScheduler$Worker.runWorker(CoroutineScheduler.kt:710)
	at app//kotlinx.coroutines.scheduling.CoroutineScheduler$Worker.run(CoroutineScheduler.kt:664)




"mysql-cj-abandoned-connection-cleanup" daemon prio=5 Id=36 on java.lang.ref.ReferenceQueue$Lock@c43136e
	at java.base@17.0.5/java.lang.Object.wait(Native Method)
	-  waiting on java.lang.ref.ReferenceQueue$Lock@c43136e
	at java.base@17.0.5/java.lang.ref.ReferenceQueue.remove(ReferenceQueue.java:155)
	at SCTimetableBot-0.4.7.mirai.jar//com.mysql.cj.jdbc.AbandonedConnectionCleanupThread.run(AbandonedConnectionCleanupThread.java:91)
	at java.base@17.0.5/java.util.concurrent.ThreadPoolExecutor.runWorker(ThreadPoolExecutor.java:1136)
	at java.base@17.0.5/java.util.concurrent.ThreadPoolExecutor$Worker.run(ThreadPoolExecutor.java:635)
	at java.base@17.0.5/java.lang.Thread.run(Thread.java:833)




"Timer-0" prio=5 Id=37 on java.util.TaskQueue@612792f7
	at java.base@17.0.5/java.lang.Object.wait(Native Method)
	-  waiting on java.util.TaskQueue@612792f7
	at java.base@17.0.5/java.util.TimerThread.mainLoop(Timer.java:563)
	at java.base@17.0.5/java.util.TimerThread.run(Timer.java:516)




"nioEventLoopGroup-2-1" prio=10 Id=40 (in native)
	at java.base@17.0.5/sun.nio.ch.EPoll.wait(Native Method)
	at java.base@17.0.5/sun.nio.ch.EPollSelectorImpl.doSelect(EPollSelectorImpl.java:118)
	at java.base@17.0.5/sun.nio.ch.SelectorImpl.lockAndDoSelect(SelectorImpl.java:129)
	-  locked io.netty.channel.nio.SelectedSelectionKeySet@41aeac2d
	-  locked sun.nio.ch.EPollSelectorImpl@2af81800
	at java.base@17.0.5/sun.nio.ch.SelectorImpl.select(SelectorImpl.java:146)
	at app//io.netty.channel.nio.SelectedSelectionKeySetSelector.select(SelectedSelectionKeySetSelector.java:68)
	at app//io.netty.channel.nio.NioEventLoop.select(NioEventLoop.java:810)
	at app//io.netty.channel.nio.NioEventLoop.run(NioEventLoop.java:457)
	at app//io.netty.util.concurrent.SingleThreadEventExecutor$4.run(SingleThreadEventExecutor.java:989)
	at app//io.netty.util.internal.ThreadExecutorMap$2.run(ThreadExecutorMap.java:74)
	at app//io.netty.util.concurrent.FastThreadLocalRunnable.run(FastThreadLocalRunnable.java:30)
	at java.base@17.0.5/java.lang.Thread.run(Thread.java:833)




"OkHttp TaskRunner" daemon prio=5 Id=42 on okhttp3.internal.concurrent.TaskRunner@3e34b652
	at java.base@17.0.5/java.lang.Object.wait(Native Method)
	-  waiting on okhttp3.internal.concurrent.TaskRunner@3e34b652
	at java.base@17.0.5/java.lang.Object.wait(Object.java:472)
	at app//okhttp3.internal.concurrent.TaskRunner$RealBackend.coordinatorWait(TaskRunner.kt:294)
	at app//okhttp3.internal.concurrent.TaskRunner.awaitTaskToRun(TaskRunner.kt:218)
	at app//okhttp3.internal.concurrent.TaskRunner$runnable$1.run(TaskRunner.kt:59)
	at java.base@17.0.5/java.util.concurrent.ThreadPoolExecutor.runWorker(ThreadPoolExecutor.java:1136)
	at java.base@17.0.5/java.util.concurrent.ThreadPoolExecutor$Worker.run(ThreadPoolExecutor.java:635)
	at java.base@17.0.5/java.lang.Thread.run(Thread.java:833)




"Okio Watchdog" daemon prio=5 Id=43 on java.lang.Class@4b918957
	at java.base@17.0.5/java.lang.Object.wait(Native Method)
	-  waiting on java.lang.Class@4b918957
	at java.base@17.0.5/java.lang.Object.wait(Object.java:472)
	at app//okio.AsyncTimeout$Companion.awaitTimeout$okio(AsyncTimeout.kt:316)
	at app//okio.AsyncTimeout$Watchdog.run(AsyncTimeout.kt:187)




"nioEventLoopGroup-2-2" prio=10 Id=44 (in native)
	at java.base@17.0.5/sun.nio.ch.EPoll.wait(Native Method)
	at java.base@17.0.5/sun.nio.ch.EPollSelectorImpl.doSelect(EPollSelectorImpl.java:118)
	at java.base@17.0.5/sun.nio.ch.SelectorImpl.lockAndDoSelect(SelectorImpl.java:129)
	-  locked io.netty.channel.nio.SelectedSelectionKeySet@63593b49
	-  locked sun.nio.ch.EPollSelectorImpl@57a23ccb
	at java.base@17.0.5/sun.nio.ch.SelectorImpl.select(SelectorImpl.java:146)
	at app//io.netty.channel.nio.SelectedSelectionKeySetSelector.select(SelectedSelectionKeySetSelector.java:68)
	at app//io.netty.channel.nio.NioEventLoop.select(NioEventLoop.java:810)
	at app//io.netty.channel.nio.NioEventLoop.run(NioEventLoop.java:457)
	at app//io.netty.util.concurrent.SingleThreadEventExecutor$4.run(SingleThreadEventExecutor.java:989)
	at app//io.netty.util.internal.ThreadExecutorMap$2.run(ThreadExecutorMap.java:74)
	at app//io.netty.util.concurrent.FastThreadLocalRunnable.run(FastThreadLocalRunnable.java:30)
	at java.base@17.0.5/java.lang.Thread.run(Thread.java:833)




"DefaultDispatcher-worker-3" daemon prio=5 Id=45
	at java.base@17.0.5/jdk.internal.misc.Unsafe.park(Native Method)
	at java.base@17.0.5/java.util.concurrent.locks.LockSupport.parkNanos(LockSupport.java:376)
	at app//kotlinx.coroutines.scheduling.CoroutineScheduler$Worker.park(CoroutineScheduler.kt:794)
	at app//kotlinx.coroutines.scheduling.CoroutineScheduler$Worker.tryPark(CoroutineScheduler.kt:739)
	at app//kotlinx.coroutines.scheduling.CoroutineScheduler$Worker.runWorker(CoroutineScheduler.kt:710)
	at app//kotlinx.coroutines.scheduling.CoroutineScheduler$Worker.run(CoroutineScheduler.kt:664)




"Mirai Console Input Thread" prio=5 Id=46 on java.util.concurrent.locks.AbstractQueuedSynchronizer$ConditionObject@3df01627
	at java.base@17.0.5/jdk.internal.misc.Unsafe.park(Native Method)
	-  waiting on java.util.concurrent.locks.AbstractQueuedSynchronizer$ConditionObject@3df01627
	at java.base@17.0.5/java.util.concurrent.locks.LockSupport.park(LockSupport.java:341)
	at java.base@17.0.5/java.util.concurrent.locks.AbstractQueuedSynchronizer$ConditionNode.block(AbstractQueuedSynchronizer.java:506)
	at java.base@17.0.5/java.util.concurrent.ForkJoinPool.unmanagedBlock(ForkJoinPool.java:3463)
	at java.base@17.0.5/java.util.concurrent.ForkJoinPool.managedBlock(ForkJoinPool.java:3434)
	at java.base@17.0.5/java.util.concurrent.locks.AbstractQueuedSynchronizer$ConditionObject.await(AbstractQueuedSynchronizer.java:1623)
	at java.base@17.0.5/java.util.concurrent.LinkedBlockingQueue.take(LinkedBlockingQueue.java:435)
	at java.base@17.0.5/java.util.concurrent.ThreadPoolExecutor.getTask(ThreadPoolExecutor.java:1062)
	at java.base@17.0.5/java.util.concurrent.ThreadPoolExecutor.runWorker(ThreadPoolExecutor.java:1122)
	at java.base@17.0.5/java.util.concurrent.ThreadPoolExecutor$Worker.run(ThreadPoolExecutor.java:635)
	at java.base@17.0.5/java.lang.Thread.run(Thread.java:833)




"Mirai Console Signal-Shutdown Daemon #0" daemon prio=9 Id=48 on java.util.concurrent.locks.AbstractQueuedSynchronizer$ConditionObject@266db1ed
	at java.base@17.0.5/jdk.internal.misc.Unsafe.park(Native Method)
	-  waiting on java.util.concurrent.locks.AbstractQueuedSynchronizer$ConditionObject@266db1ed
	at java.base@17.0.5/java.util.concurrent.locks.LockSupport.park(LockSupport.java:341)
	at java.base@17.0.5/java.util.concurrent.locks.AbstractQueuedSynchronizer$ConditionNode.block(AbstractQueuedSynchronizer.java:506)
	at java.base@17.0.5/java.util.concurrent.ForkJoinPool.unmanagedBlock(ForkJoinPool.java:3463)
	at java.base@17.0.5/java.util.concurrent.ForkJoinPool.managedBlock(ForkJoinPool.java:3434)
	at java.base@17.0.5/java.util.concurrent.locks.AbstractQueuedSynchronizer$ConditionObject.await(AbstractQueuedSynchronizer.java:1623)
	at java.base@17.0.5/java.util.concurrent.LinkedBlockingQueue.take(LinkedBlockingQueue.java:435)
	at java.base@17.0.5/java.util.concurrent.ThreadPoolExecutor.getTask(ThreadPoolExecutor.java:1062)
	at java.base@17.0.5/java.util.concurrent.ThreadPoolExecutor.runWorker(ThreadPoolExecutor.java:1122)
	at java.base@17.0.5/java.util.concurrent.ThreadPoolExecutor$Worker.run(ThreadPoolExecutor.java:635)
	at java.base@17.0.5/java.lang.Thread.run(Thread.java:833)




"Mirai Console Shutdown Daemon #0" daemon prio=5 Id=49
	at java.management@17.0.5/sun.management.ThreadImpl.dumpThreads0(Native Method)
	at java.management@17.0.5/sun.management.ThreadImpl.dumpAllThreads(ThreadImpl.java:521)
	at java.management@17.0.5/sun.management.ThreadImpl.dumpAllThreads(ThreadImpl.java:509)
	at app//net.mamoe.mirai.console.internal.shutdown.ShutdownDaemon$dumpCrashReport$2.a(ShutdownDaemon.kt:189)
	at app//net.mamoe.mirai.console.internal.shutdown.ShutdownDaemon.dumpCrashReport(ShutdownDaemon.kt:235)
	at app//net.mamoe.mirai.console.internal.shutdown.ShutdownDaemon.listen(ShutdownDaemon.kt:266)
	at app//net.mamoe.mirai.console.internal.shutdown.ShutdownDaemon.start$lambda-0(ShutdownDaemon.kt:100)
	at app//net.mamoe.mirai.console.internal.shutdown.ShutdownDaemon$$Lambda$498/0x00000008012ec500.run(Unknown Source)
	at java.base@17.0.5/java.util.concurrent.ThreadPoolExecutor.runWorker(ThreadPoolExecutor.java:1136)
	at java.base@17.0.5/java.util.concurrent.ThreadPoolExecutor$Worker.run(ThreadPoolExecutor.java:635)
	at java.base@17.0.5/java.lang.Thread.run(Thread.java:833)




"Mirai Console Shutdown Daemon #1" daemon prio=5 Id=50 on java.util.concurrent.locks.AbstractQueuedSynchronizer$ConditionObject@c44451a
	at java.base@17.0.5/jdk.internal.misc.Unsafe.park(Native Method)
	-  waiting on java.util.concurrent.locks.AbstractQueuedSynchronizer$ConditionObject@c44451a
	at java.base@17.0.5/java.util.concurrent.locks.LockSupport.park(LockSupport.java:341)
	at java.base@17.0.5/java.util.concurrent.locks.AbstractQueuedSynchronizer$ConditionNode.block(AbstractQueuedSynchronizer.java:506)
	at java.base@17.0.5/java.util.concurrent.ForkJoinPool.unmanagedBlock(ForkJoinPool.java:3463)
	at java.base@17.0.5/java.util.concurrent.ForkJoinPool.managedBlock(ForkJoinPool.java:3434)
	at java.base@17.0.5/java.util.concurrent.locks.AbstractQueuedSynchronizer$ConditionObject.await(AbstractQueuedSynchronizer.java:1623)
	at java.base@17.0.5/java.util.concurrent.LinkedBlockingQueue.take(LinkedBlockingQueue.java:435)
	at java.base@17.0.5/java.util.concurrent.ThreadPoolExecutor.getTask(ThreadPoolExecutor.java:1062)
	at java.base@17.0.5/java.util.concurrent.ThreadPoolExecutor.runWorker(ThreadPoolExecutor.java:1122)
	at java.base@17.0.5/java.util.concurrent.ThreadPoolExecutor$Worker.run(ThreadPoolExecutor.java:635)
	at java.base@17.0.5/java.lang.Thread.run(Thread.java:833)




"SIGHUP handler" daemon prio=9 Id=51 on kotlin.concurrent.ThreadsKt$thread$thread$1@460d0a57
	at java.base@17.0.5/java.lang.Object.wait(Native Method)
	-  waiting on kotlin.concurrent.ThreadsKt$thread$thread$1@460d0a57
	at java.base@17.0.5/java.lang.Thread.join(Thread.java:1304)
	at java.base@17.0.5/java.lang.Thread.join(Thread.java:1372)
	at java.base@17.0.5/java.lang.ApplicationShutdownHooks.runHooks(ApplicationShutdownHooks.java:107)
	at java.base@17.0.5/java.lang.ApplicationShutdownHooks$1.run(ApplicationShutdownHooks.java:46)
	at java.base@17.0.5/java.lang.Shutdown.runHooks(Shutdown.java:130)
	at java.base@17.0.5/java.lang.Shutdown.exit(Shutdown.java:173)
	-  locked java.lang.Class@d2cc05a
	at java.base@17.0.5/java.lang.Terminator$1.handle(Terminator.java:51)
	at java.base@17.0.5/jdk.internal.misc.Signal$1.run(Signal.java:219)
	at java.base@17.0.5/java.lang.Thread.run(Thread.java:833)




"SIGHUP handler" daemon prio=9 Id=52 on java.lang.Class@d2cc05a owned by "SIGHUP handler" Id=51
	at java.base@17.0.5/java.lang.Shutdown.exit(Shutdown.java:172)
	-  blocked on java.lang.Class@d2cc05a
	at java.base@17.0.5/java.lang.Terminator$1.handle(Terminator.java:51)
	at java.base@17.0.5/jdk.internal.misc.Signal$1.run(Signal.java:219)
	at java.base@17.0.5/java.lang.Thread.run(Thread.java:833)




"Mirai Console Shutdown Hook" prio=5 Id=16 on kotlinx.coroutines.BlockingCoroutine@4a46743d
	at java.base@17.0.5/jdk.internal.misc.Unsafe.park(Native Method)
	-  waiting on kotlinx.coroutines.BlockingCoroutine@4a46743d
	at java.base@17.0.5/java.util.concurrent.locks.LockSupport.parkNanos(LockSupport.java:252)
	at app//kotlinx.coroutines.BlockingCoroutine.joinBlocking(Builders.kt:88)
	at app//kotlinx.coroutines.BuildersKt__BuildersKt.runBlocking(Builders.kt:59)
	at app//kotlinx.coroutines.BuildersKt.runBlocking(Unknown Source)
	at app//kotlinx.coroutines.BuildersKt__BuildersKt.runBlocking$default(Builders.kt:38)
	at app//kotlinx.coroutines.BuildersKt.runBlocking$default(Unknown Source)
	at app//net.mamoe.mirai.console.MiraiConsoleImplementation$Companion$1.invoke(MiraiConsoleImplementation.kt:420)
	at app//net.mamoe.mirai.console.MiraiConsoleImplementation$Companion$1.invoke(MiraiConsoleImplementation.kt:418)
	at app//kotlin.concurrent.ThreadsKt$thread$thread$1.run(Thread.kt:30)




[0m[m
[92m2022-10-29 21:04:15 I/HRobot: cron task running...[0m[m
[92m2022-10-29 21:34:15 I/HRobot: cron task running...[0m[m
[92m2022-10-29 22:04:15 I/HRobot: cron task running...[0m[m
[92m2022-10-29 22:34:15 I/HRobot: cron task running...[0m[m
[92m2022-10-29 23:04:15 I/HRobot: cron task running...[0m[m
[92m2022-10-29 23:34:15 I/HRobot: cron task running...[0m[m
