[92m2022-09-22 20:26:58 I/main: Starting mirai-console...[0m[m
[92m2022-09-22 20:26:58 I/main: Backend: version 2.12.1, built on 2022-07-31 17:49:27.[0m[m
[92m2022-09-22 20:26:58 I/main: Frontend Terminal: version 2.12.1, provided by Mamoe Technologies[0m[m
[92m2022-09-22 20:26:58 I/main: Welcome to visit https://mirai.mamoe.net/[0m[m
[91m2022-09-22 20:26:58 W/stderr: SLF4J: Failed to load class "org.slf4j.impl.StaticLoggerBinder".[0m[m
[91m2022-09-22 20:26:58 W/stderr: SLF4J: Defaulting to no-operation (NOP) logger implementation[0m[m
[91m2022-09-22 20:26:58 W/stderr: SLF4J: See http://www.slf4j.org/codes.html#StaticLoggerBinder for further details.[0m[m
[92m2022-09-22 20:26:59 I/plugin: Successfully loaded plugin Chat Command v0.5.0[0m[m
[92m2022-09-22 20:26:59 I/plugin: Successfully loaded plugin Lolicon v6.0.4[0m[m
[92m2022-09-22 20:26:59 I/plugin: Successfully loaded plugin HRobot v1.0.0[0m[m
[92m2022-09-22 20:26:59 I/plugin: Successfully loaded plugin iam.xiaoan.RanImage v1.0-SNAPSHOT[0m[m
[92m2022-09-22 20:26:59 I/plugin: Successfully loaded plugin SuperCourseTimetable v0.4.7[0m[m
[92m2022-09-22 20:26:59 I/plugin: Successfully loaded plugin MCL Addon v2.0.2[0m[m
[92m2022-09-22 20:26:59 I/main: Prepared built-in commands: autoLogin, help, login, logout, permission, status, stop[0m[m
[92m2022-09-22 20:26:59 I/Lolicon: Plugin loaded[0m[m
[92m2022-09-22 20:26:59 I/HRobot: æ­£åœ¨åˆå§‹åŒ–æœºå™¨äººé…ç½®[0m[m
[92m2022-09-22 20:26:59 I/HRobot: é…ç½®åˆå§‹åŒ–å®Œæˆ[0m[m
[92m2022-09-22 20:26:59 I/stdout: RobotConfig.customKeyword = {å…¨å±€å…³é”®å­—=å…¨å±€å…³é”®å­—å›å¤, #regex#å…¨å±€æ­£åˆ™è¡¨è¾¾å¼=å›å¤, ç¾¤å·=ç¾¤å†…å…³é”®å­—: ç¾¤å†…å…³é”®å­—å›å¤, 1109825279={åŸç¥=åŸç¥æ€ä¹ˆä½ äº†ï¼, æ°å“¥=æ°å“¥å¿«æ•™æˆ‘ç™»duaéƒï¼, è¯¾ç¨‹è¡¨=mirai:image:{75C5DCD8-297A-9352-08E9-DD3FAAE85306}.gif, width=200, height=200, size=1137187, type=GIF, isEmoji=true}}[0m[m
[91m2022-09-22 20:26:59 W/HRobot: Linked class org.slf4j.impl.StaticLoggerBinder in SCTimetableBot-0.4.7.mirai.jar but plugin not depend on it.[0m[m
[91m2022-09-22 20:26:59 W/HRobot: Class loading logic may change in feature.[0m[m
[92m2022-09-22 20:26:59 I/org.reflections.Reflections: Reflections took 32 ms to scan 1 urls, producing 21 keys and 62 values [0m[m
[92m2022-09-22 20:26:59 I/HRobot: HRobot handlers and filters loading finished, total 15 handlers, 3 inspectors.[0m[m
[92m2022-09-22 20:26:59 I/stdout: Pattern = true[0m[m
[92m2022-09-22 20:26:59 I/HRobot: cron task running...[0m[m
[92m2022-09-22 20:26:59 I/stdout:         ,--,                                                    [0m[m
[92m2022-09-22 20:26:59 I/stdout:       ,--.'|,-.----.                                    ___     [0m[m
[92m2022-09-22 20:26:59 I/stdout:    ,--,  | :\    /  \             ,---,               ,--.'|_   [0m[m
[92m2022-09-22 20:26:59 I/stdout: ,---.'|  : ';   :    \   ,---.  ,---.'|      ,---.    |  | :,'  [0m[m
[92m2022-09-22 20:26:59 I/stdout: |   | : _' ||   | .\ :  '   ,'\ |   | :     '   ,'\   :  : ' :  [0m[m
[92m2022-09-22 20:26:59 I/stdout: :   : |.'  |.   : |: | /   /   |:   : :    /   /   |.;__,'  /   [0m[m
[92m2022-09-22 20:26:59 I/stdout: |   ' '  ; :|   |  \ :.   ; ,. ::     |,-..   ; ,. :|  |   |    [0m[m
[92m2022-09-22 20:26:59 I/stdout: '   |  .'. ||   : .  /'   | |: :|   : '  |'   | |: ::__,'| :    [0m[m
[92m2022-09-22 20:26:59 I/stdout: |   | :  | ';   | |  \'   | .; :|   |  / :'   | .; :  '  : |__  [0m[m
[92m2022-09-22 20:26:59 I/stdout: '   : |  : ;|   | ;\  \   :    |'   : |: ||   :    |  |  | '.'| [0m[m
[92m2022-09-22 20:26:59 I/stdout: |   | '  ,/ :   ' | \.'\   \  / |   | '/ : \   \  /   ;  :    ; [0m[m
[92m2022-09-22 20:26:59 I/stdout: ;   : ;--'  :   : :-'   `----'  |   :    |  `----'    |  ,   /  [0m[m
[92m2022-09-22 20:26:59 I/stdout: |   ,/      |   |.'             /    \  /              ---`-'       [0m[m
[92m2022-09-22 20:26:59 I/stdout: '---'       `---'               `-'----'                            v3.2.1[0m[m
[92m2022-09-22 20:27:00 I/stdout: latestVersion = HRobot v3.2.1[0m[m
[92m2022-09-22 20:27:00 I/HRobot: å½“å‰ HRobot æ’ä»¶å·²ä¸ºæœ€æ–°ç‰ˆ[0m[m
[92m2022-09-22 20:27:00 I/iam.xiaoan.RanImage: Plugin loaded![0m[m
[92m2022-09-22 20:27:00 I/iam.xiaoan.RanImage: ä½ å¥½ï¼æˆ‘æ˜¯å°å®‰ï¼æ„Ÿè°¢ä½ ä½¿ç”¨è¿™æ¬¾éšæœºäºŒæ¬¡å…ƒå›¾ç‰‡æ’ä»¶ï¼[0m[m
[92m2022-09-22 20:27:00 I/SuperCourseTimetable: Plugin loaded[0m[m
[92m2022-09-22 20:27:00 I/com.zaxxer.hikari.HikariDataSource: SCTimetableDB Pool - Starting...[0m[m
[92m2022-09-22 20:27:00 I/com.zaxxer.hikari.pool.HikariPool: SCTimetableDB Pool - Added connection com.mysql.cj.jdbc.ConnectionImpl@d66502[0m[m
[92m2022-09-22 20:27:00 I/com.zaxxer.hikari.HikariDataSource: SCTimetableDB Pool - Start completed.[0m[m
[92m2022-09-22 20:27:00 I/SuperCourseTimetable: Database is connected.[0m[m
[92m2022-09-22 20:27:00 I/SuperCourseTimetable: Waiting target Bot 2118654642 goes online...[0m[m
[92m2022-09-22 20:27:00 I/MCL Addon: iTXTech MCL Version: 2.1.1-d66fada[0m[m
[91m2022-09-22 20:27:00 W/MCL Addon: iTXTech Soyuz æœªå®‰è£…ï¼ŒSoyuz MCL Handler ç‰¹æ€§å·²ç¦ç”¨[0m[m
[92m2022-09-22 20:27:01 I/main: 6 plugin(s) enabled.[0m[m
[92m2022-09-22 20:27:01 I/WindowHelperJvm: Mirai æ­£åœ¨ä½¿ç”¨æ¡Œé¢ç¯å¢ƒ. å¦‚é‡åˆ°éªŒè¯ç å°†ä¼šå¼¹å‡ºå¯¹è¯æ¡†. å¯æ·»åŠ  JVM å±æ€§ `mirai.no-desktop` ä»¥å…³é—­.[0m[m
[92m2022-09-22 20:27:01 I/WindowHelperJvm: Mirai is using desktop. Captcha will be thrown by window popup. You can add `mirai.no-desktop` to JVM properties (-Dmirai.no-desktop) to disable it.[0m[m
[92m2022-09-22 20:27:01 I/main: Auto-login 2118654642[0m[m
[91m2022-09-22 20:27:01 W/stderr: ERROR StatusLogger Log4j2 could not find a logging implementation. Please add log4j-core to the classpath. Using SimpleLogger to log to the console...[0m[m
[92m2022-09-22 20:27:03 I/Bot.2118654642: Login successful[0m[m
[92m2022-09-22 20:27:03 I/Bot.2118654642: Saved account secrets to local cache for fast login.[0m[m
[92m2022-09-22 20:27:03 I/Bot.2118654642: Login successful.[0m[m
[0m2022-09-22 20:27:03 V/Bot.2118654642: Event: BotOnlineEvent(bot=Bot(2118654642))[0m[m
[92m2022-09-22 20:27:03 I/Bot.2118654642: Bot login successful.[0m[m
[92m2022-09-22 20:27:03 I/main: mirai-console started successfully.[0m[m
[92m2022-09-22 20:27:03 I/org.quartz.impl.StdSchedulerFactory: Using default implementation for ThreadExecutor[0m[m
[92m2022-09-22 20:27:03 I/org.quartz.simpl.SimpleThreadPool: Job execution threads will use class loader of thread: DefaultDispatcher-worker-3[0m[m
[92m2022-09-22 20:27:03 I/org.quartz.core.SchedulerSignalerImpl: Initialized Scheduler Signaller of type: class org.quartz.core.SchedulerSignalerImpl[0m[m
[92m2022-09-22 20:27:03 I/org.quartz.core.QuartzScheduler: Quartz Scheduler v.2.3.2 created.[0m[m
[92m2022-09-22 20:27:03 I/org.quartz.simpl.RAMJobStore: RAMJobStore initialized.[0m[m
[92m2022-09-22 20:27:03 I/org.quartz.core.QuartzScheduler: Scheduler meta-data: Quartz Scheduler (v2.3.2) 'DefaultQuartzScheduler' with instanceId 'NON_CLUSTERED'
  Scheduler class: 'org.quartz.core.QuartzScheduler' - running locally.
  NOT STARTED.
  Currently in standby mode.
  Number of jobs executed: 0
  Using thread pool 'org.quartz.simpl.SimpleThreadPool' - with 10 threads.
  Using job-store 'org.quartz.simpl.RAMJobStore' - which does not support persistence. and is not clustered.
[0m[m
[92m2022-09-22 20:27:03 I/org.quartz.impl.StdSchedulerFactory: Quartz scheduler 'DefaultQuartzScheduler' initialized from default resource file in Quartz package: 'quartz.properties'[0m[m
[92m2022-09-22 20:27:03 I/org.quartz.impl.StdSchedulerFactory: Quartz scheduler version: 2.3.2[0m[m
[92m2022-09-22 20:27:03 I/org.quartz.core.QuartzScheduler: Scheduler DefaultQuartzScheduler_$_NON_CLUSTERED started.[0m[m
[92m2022-09-22 20:27:03 I/org.quartz.core.QuartzScheduler: Scheduler DefaultQuartzScheduler_$_NON_CLUSTERED started.[0m[m
[92m2022-09-22 20:27:03 I/SuperCourseTimetable: ScheduleListenerService: ScheduleListenerService is started.[0m[m
[92m2022-09-22 20:27:03 I/SuperCourseTimetable: TimeProviderService: Job SemesterUpdater is executed. (semester 1 begins in 2022.)[0m[m
[92m2022-09-22 20:27:04 I/SuperCourseTimetable: TimeProviderService: Job SchoolWeekPeriodUpdater is executed.[0m[m
[92m2022-09-22 20:27:04 I/SuperCourseTimetable: TimeProviderService: TimeProviderServices(TimeProviderService$SemesterUpdaterJob, TimeProviderService$SchoolWeekPeriodUpdaterJob) have started.[0m[m
[92m2022-09-22 20:27:04 I/SuperCourseTimetable: ScheduleListenerService: Notification distribution job has executed.[0m[m
[0m2022-09-22 20:27:22 V/Bot.2118654642: [<$Ç¿Ä€C>å¥¥ç‰¹å…­å…„å¼Ÿ<$Ç¿Ä€C>(1109825279)] å¤åˆ©ç‰¹(1679124358) -> rin get[0m[m
[92m2022-09-22 20:27:22 I/stdout: RobotConfig.enableRobot = true[0m[m
[92m2022-09-22 20:27:22 I/HRobot: init bot...[0m[m
[92m2022-09-22 20:27:22 I/HRobot: æ­£åœ¨æäº¤å®šæœŸä»»åŠ¡...[0m[m
[92m2022-09-22 20:27:22 I/HRobot: ä»»åŠ¡æäº¤æˆåŠŸï¼[0m[m
[92m2022-09-22 20:27:22 I/Lolicon: request body: {"r18":0,"num":1,"uid":[],"keyword":"","tag":[],"size":["regular"],"proxy":"https://i.pixiv.re","dataAfter":null,"dataBefore":null,"dsc":null}[0m[m
[0m2022-09-22 20:27:22 V/Bot.2118654642: Group(1109825279) <- [mirai:quote:[mirai:source:ids=[40080], internalIds=[1773504977], from group 1679124358 to 1109825279 at 1663849644], content=rin get]æ­£åœ¨è·å–å›¾ç‰‡...[0m[m
[92m2022-09-22 20:27:24 I/Lolicon: {"error":"","data":[{"pid":98331352,"p":0,"uid":4588267,"title":"nya~","author":"Fukuroè¢‹å­","r18":false,"width":900,"height":1600,"tags":["åŸç¥","Genshin Impact","GenshinImpact","è§","Lumine","è›(åŸç¥)","è¤ï¼ˆåŸç¥ï¼‰","é­…æƒ‘ã®è°·é–“","é­…æƒ‘çš„ä¹³æ²Ÿ","å·¨ä¹³","large breasts","ã‚¹ã‚¯æ°´","å­¦ç”Ÿæ³³è¡£","ã‚µã‚¤ãƒã‚¤ã‚½ãƒƒã‚¯ã‚¹","é•¿ç­’è¢œ"],"ext":"jpg","uploadDate":1652496387000,"urls":{"regular":"https://i.pixiv.re/img-master/img/2022/05/14/11/46/27/98331352_p0_master1200.jpg"}}]}[0m[m
[0m2022-09-22 20:27:31 V/Bot.2118654642: Group(1109825279) <- ForwardMessage(preview=[çŒ«ã®è®°å¿†: æ ‡é¢˜: nya~\nä½œè€…: Fukuroè¢‹å­ (uid: 4588267)\næ ‡ç­¾: [åŸç¥, Genshin Impact, GenshinImpact, è§, Lumine, è›(åŸç¥), è¤ï¼ˆåŸç¥ï¼‰, é­…æƒ‘ã®è°·é–“, é­…æƒ‘çš„ä¹³æ²Ÿ, å·¨ä¹³, large breasts, ã‚¹ã‚¯æ°´, å­¦ç”Ÿæ³³è¡£, ã‚µã‚¤ãƒã‚¤ã‚½ãƒƒã‚¯ã‚¹, é•¿ç­’è¢œ]\né“¾æ¥: https://pixiv.net/artworks/98331352\nä»£ç†é“¾æ¥ï¼šhttps://i.pixiv.re/img-master/img/2022/05/14/11/46/27/98331352_p0_master1200.jpg, çŒ«ã®è®°å¿†: [å›¾ç‰‡]], title=ç¥ç§˜çš„èŠå¤©è®°å½•, brief=[Lolicon], source=èŠå¤©è®°å½•, summary=æŸ¥çœ‹2æ¡è½¬å‘æ¶ˆæ¯, nodeList=[Node(senderId=2118654642, time=1663849648, senderName=çŒ«ã®è®°å¿†, messageChain=æ ‡é¢˜: nya~\nä½œè€…: Fukuroè¢‹å­ (uid: 4588267)\næ ‡ç­¾: [åŸç¥, Genshin Impact, GenshinImpact, è§, Lumine, è›(åŸç¥), è¤ï¼ˆåŸç¥ï¼‰, é­…æƒ‘ã®è°·é–“, é­…æƒ‘çš„ä¹³æ²Ÿ, å·¨ä¹³, large breasts, ã‚¹ã‚¯æ°´, å­¦ç”Ÿæ³³è¡£, ã‚µã‚¤ãƒã‚¤ã‚½ãƒƒã‚¯ã‚¹, é•¿ç­’è¢œ]\né“¾æ¥: https://pixiv.net/artworks/98331352\nä»£ç†é“¾æ¥ï¼šhttps://i.pixiv.re/img-master/img/2022/05/14/11/46/27/98331352_p0_master1200.jpg), Node(senderId=2118654642, time=1663849649, senderName=çŒ«ã®è®°å¿†, messageChain=[mirai:image:{B32E87F0-7996-8959-6026-08F20DC90633}.jpg, width=675, height=1200, size=739843, type=JPG, isEmoji=false])])[0m[m
[92m2022-09-22 20:27:32 I/Lolicon: Group(1109825279)è¿›å…¥å†·å´[0m[m
[92m2022-09-22 20:27:32 I/Lolicon: Group(1109825279)NOTIFICATIONå·²æ’¤å›[0m[m
[92m2022-09-22 20:27:37 I/Lolicon: Group(1109825279)å·²å†·å´[0m[m
