[92m2022-09-22 16:53:25 I/main: Starting mirai-console...[0m[m
[92m2022-09-22 16:53:25 I/main: Backend: version 2.12.1, built on 2022-07-31 17:49:27.[0m[m
[92m2022-09-22 16:53:25 I/main: Frontend Terminal: version 2.12.1, provided by Mamoe Technologies[0m[m
[92m2022-09-22 16:53:25 I/main: Welcome to visit https://mirai.mamoe.net/[0m[m
[91m2022-09-22 16:53:25 W/stderr: SLF4J: Failed to load class "org.slf4j.impl.StaticLoggerBinder".[0m[m
[91m2022-09-22 16:53:25 W/stderr: SLF4J: Defaulting to no-operation (NOP) logger implementation[0m[m
[91m2022-09-22 16:53:25 W/stderr: SLF4J: See http://www.slf4j.org/codes.html#StaticLoggerBinder for further details.[0m[m
[92m2022-09-22 16:53:26 I/plugin: Successfully loaded plugin HRobot v1.0.0[0m[m
[92m2022-09-22 16:53:26 I/plugin: Successfully loaded plugin iam.xiaoan.RanImage v1.0-SNAPSHOT[0m[m
[92m2022-09-22 16:53:26 I/plugin: Successfully loaded plugin SuperCourseTimetable v0.4.7[0m[m
[92m2022-09-22 16:53:26 I/plugin: Successfully loaded plugin MCL Addon v2.0.2[0m[m
[92m2022-09-22 16:53:26 I/main: Prepared built-in commands: autoLogin, help, login, logout, permission, status, stop[0m[m
[92m2022-09-22 16:53:26 I/HRobot: æ­£åœ¨åˆå§‹åŒ–æœºå™¨äººé…ç½®[0m[m
[92m2022-09-22 16:53:26 I/HRobot: é…ç½®åˆå§‹åŒ–å®Œæˆ[0m[m
[92m2022-09-22 16:53:26 I/stdout: RobotConfig.customKeyword = {å…¨å±€å…³é”®å­—=å…¨å±€å…³é”®å­—å›žå¤, #regex#å…¨å±€æ­£åˆ™è¡¨è¾¾å¼=å›žå¤, ç¾¤å·=ç¾¤å†…å…³é”®å­—: ç¾¤å†…å…³é”®å­—å›žå¤, 903025723={ç‰›æ‰¹=[mirai:face:317][mirai:face:317][mirai:face:317]}}[0m[m
[91m2022-09-22 16:53:26 W/HRobot: Linked class org.slf4j.impl.StaticLoggerBinder in SCTimetableBot-0.4.7.mirai.jar but plugin not depend on it.[0m[m
[91m2022-09-22 16:53:26 W/HRobot: Class loading logic may change in feature.[0m[m
[92m2022-09-22 16:53:26 I/org.reflections.Reflections: Reflections took 32 ms to scan 1 urls, producing 21 keys and 62 values [0m[m
[92m2022-09-22 16:53:26 I/HRobot: HRobot handlers and filters loading finished, total 15 handlers, 3 inspectors.[0m[m
[92m2022-09-22 16:53:26 I/stdout: Pattern = true[0m[m
[92m2022-09-22 16:53:26 I/HRobot: cron task running...[0m[m
[92m2022-09-22 16:53:26 I/stdout:         ,--,                                                    [0m[m
[92m2022-09-22 16:53:26 I/stdout:       ,--.'|,-.----.                                    ___     [0m[m
[92m2022-09-22 16:53:26 I/stdout:    ,--,  | :\    /  \             ,---,               ,--.'|_   [0m[m
[92m2022-09-22 16:53:26 I/stdout: ,---.'|  : ';   :    \   ,---.  ,---.'|      ,---.    |  | :,'  [0m[m
[92m2022-09-22 16:53:26 I/stdout: |   | : _' ||   | .\ :  '   ,'\ |   | :     '   ,'\   :  : ' :  [0m[m
[92m2022-09-22 16:53:26 I/stdout: :   : |.'  |.   : |: | /   /   |:   : :    /   /   |.;__,'  /   [0m[m
[92m2022-09-22 16:53:26 I/stdout: |   ' '  ; :|   |  \ :.   ; ,. ::     |,-..   ; ,. :|  |   |    [0m[m
[92m2022-09-22 16:53:26 I/stdout: '   |  .'. ||   : .  /'   | |: :|   : '  |'   | |: ::__,'| :    [0m[m
[92m2022-09-22 16:53:26 I/stdout: |   | :  | ';   | |  \'   | .; :|   |  / :'   | .; :  '  : |__  [0m[m
[92m2022-09-22 16:53:26 I/stdout: '   : |  : ;|   | ;\  \   :    |'   : |: ||   :    |  |  | '.'| [0m[m
[92m2022-09-22 16:53:26 I/stdout: |   | '  ,/ :   ' | \.'\   \  / |   | '/ : \   \  /   ;  :    ; [0m[m
[92m2022-09-22 16:53:26 I/stdout: ;   : ;--'  :   : :-'   `----'  |   :    |  `----'    |  ,   /  [0m[m
[92m2022-09-22 16:53:26 I/stdout: |   ,/      |   |.'             /    \  /              ---`-'       [0m[m
[92m2022-09-22 16:53:26 I/stdout: '---'       `---'               `-'----'                            v3.2.1[0m[m
[92m2022-09-22 16:53:27 I/stdout: latestVersion = HRobot v3.2.1[0m[m
[92m2022-09-22 16:53:27 I/HRobot: å½“å‰ HRobot æ’ä»¶å·²ä¸ºæœ€æ–°ç‰ˆ[0m[m
[92m2022-09-22 16:53:27 I/iam.xiaoan.RanImage: Plugin loaded![0m[m
[92m2022-09-22 16:53:27 I/iam.xiaoan.RanImage: ä½ å¥½ï¼æˆ‘æ˜¯å°å®‰ï¼æ„Ÿè°¢ä½ ä½¿ç”¨è¿™æ¬¾éšæœºäºŒæ¬¡å…ƒå›¾ç‰‡æ’ä»¶ï¼[0m[m
[92m2022-09-22 16:53:27 I/SuperCourseTimetable: Plugin loaded[0m[m
[92m2022-09-22 16:53:27 I/SuperCourseTimetable: Database is connected.[0m[m
[92m2022-09-22 16:53:27 I/SuperCourseTimetable: Waiting target Bot 2118654642 goes online...[0m[m
[92m2022-09-22 16:53:27 I/MCL Addon: iTXTech MCL Version: 2.1.1-d66fada[0m[m
[91m2022-09-22 16:53:27 W/MCL Addon: iTXTech Soyuz æœªå®‰è£…ï¼ŒSoyuz MCL Handler ç‰¹æ€§å·²ç¦ç”¨[0m[m
[92m2022-09-22 16:53:27 I/main: 4 plugin(s) enabled.[0m[m
[92m2022-09-22 16:53:27 I/WindowHelperJvm: Mirai æ­£åœ¨ä½¿ç”¨æ¡Œé¢çŽ¯å¢ƒ. å¦‚é‡åˆ°éªŒè¯ç å°†ä¼šå¼¹å‡ºå¯¹è¯æ¡†. å¯æ·»åŠ  JVM å±žæ€§ `mirai.no-desktop` ä»¥å…³é—­.[0m[m
[92m2022-09-22 16:53:27 I/WindowHelperJvm: Mirai is using desktop. Captcha will be thrown by window popup. You can add `mirai.no-desktop` to JVM properties (-Dmirai.no-desktop) to disable it.[0m[m
[92m2022-09-22 16:53:27 I/main: Auto-login 2118654642[0m[m
[91m2022-09-22 16:53:27 W/stderr: ERROR StatusLogger Log4j2 could not find a logging implementation. Please add log4j-core to the classpath. Using SimpleLogger to log to the console...[0m[m
[92m2022-09-22 16:53:29 I/Bot.2118654642: Login successful[0m[m
[92m2022-09-22 16:53:29 I/Bot.2118654642: Saved account secrets to local cache for fast login.[0m[m
[92m2022-09-22 16:53:29 I/Bot.2118654642: Login successful.[0m[m
[0m2022-09-22 16:53:30 V/Bot.2118654642: Event: BotOnlineEvent(bot=Bot(2118654642))[0m[m
[92m2022-09-22 16:53:30 I/Bot.2118654642: Bot login successful.[0m[m
[92m2022-09-22 16:53:30 I/main: mirai-console started successfully.[0m[m
[92m2022-09-22 16:53:30 I/org.quartz.impl.StdSchedulerFactory: Using default implementation for ThreadExecutor[0m[m
[92m2022-09-22 16:53:30 I/org.quartz.simpl.SimpleThreadPool: Job execution threads will use class loader of thread: DefaultDispatcher-worker-4[0m[m
[92m2022-09-22 16:53:30 I/org.quartz.core.SchedulerSignalerImpl: Initialized Scheduler Signaller of type: class org.quartz.core.SchedulerSignalerImpl[0m[m
[92m2022-09-22 16:53:30 I/org.quartz.core.QuartzScheduler: Quartz Scheduler v.2.3.2 created.[0m[m
[92m2022-09-22 16:53:30 I/org.quartz.simpl.RAMJobStore: RAMJobStore initialized.[0m[m
[92m2022-09-22 16:53:30 I/org.quartz.core.QuartzScheduler: Scheduler meta-data: Quartz Scheduler (v2.3.2) 'DefaultQuartzScheduler' with instanceId 'NON_CLUSTERED'
  Scheduler class: 'org.quartz.core.QuartzScheduler' - running locally.
  NOT STARTED.
  Currently in standby mode.
  Number of jobs executed: 0
  Using thread pool 'org.quartz.simpl.SimpleThreadPool' - with 10 threads.
  Using job-store 'org.quartz.simpl.RAMJobStore' - which does not support persistence. and is not clustered.
[0m[m
[92m2022-09-22 16:53:30 I/org.quartz.impl.StdSchedulerFactory: Quartz scheduler 'DefaultQuartzScheduler' initialized from default resource file in Quartz package: 'quartz.properties'[0m[m
[92m2022-09-22 16:53:30 I/org.quartz.impl.StdSchedulerFactory: Quartz scheduler version: 2.3.2[0m[m
[92m2022-09-22 16:53:30 I/org.quartz.core.QuartzScheduler: Scheduler DefaultQuartzScheduler_$_NON_CLUSTERED started.[0m[m
[92m2022-09-22 16:53:30 I/org.quartz.core.QuartzScheduler: Scheduler DefaultQuartzScheduler_$_NON_CLUSTERED started.[0m[m
[92m2022-09-22 16:53:30 I/SuperCourseTimetable: ScheduleListenerService: ScheduleListenerService is started.[0m[m
[92m2022-09-22 16:53:30 I/SuperCourseTimetable: TimeProviderService: Job SemesterUpdater is executed. (semester 1 begins in 2022.)[0m[m
[92m2022-09-22 16:53:30 I/SuperCourseTimetable: ScheduleListenerService: Notification distribution job has executed.[0m[m
[92m2022-09-22 16:53:30 I/SuperCourseTimetable: TimeProviderService: Job SchoolWeekPeriodUpdater is executed.[0m[m
[92m2022-09-22 16:53:30 I/SuperCourseTimetable: TimeProviderService: TimeProviderServices(TimeProviderService$SemesterUpdaterJob, TimeProviderService$SchoolWeekPeriodUpdaterJob) have started.[0m[m
[0m2022-09-22 16:53:41 V/Bot.2118654642: [botTset(460292097)] Tohsaka Gozen(1679124358) -> ä»Šå¤©è¯¾ç¨‹[0m[m
[92m2022-09-22 16:53:41 I/stdout: RobotConfig.enableRobot = true[0m[m
[92m2022-09-22 16:53:41 I/HRobot: init bot...[0m[m
[92m2022-09-22 16:53:41 I/HRobot: æ­£åœ¨æäº¤å®šæœŸä»»åŠ¡...[0m[m
[92m2022-09-22 16:53:41 I/HRobot: ä»»åŠ¡æäº¤æˆåŠŸï¼[0m[m
[0m2022-09-22 16:53:46 V/Bot.2118654642: [botTset(460292097)] Tohsaka Gozen(1679124358) -> [mirai:at:2118654642] [0m[m
[92m2022-09-22 16:53:46 I/stdout: RobotConfig.enableRobot = true[0m[m
[0m2022-09-22 16:53:49 V/Bot.2118654642: Group(460292097) <- æœªèŽ·å–åˆ°ç›¸å…³ä¿¡æ¯[0m[m
[0m2022-09-22 16:53:53 V/Bot.2118654642: [botTset(460292097)] Tohsaka Gozen(1679124358) -> ä»Šå¤©è¯¾ç¨‹[0m[m
[92m2022-09-22 16:53:53 I/stdout: RobotConfig.enableRobot = true[0m[m
[0m2022-09-22 16:54:00 V/Bot.2118654642: [botTset(460292097)] Tohsaka Gozen(1679124358) -> ä»Šæ—¥è¯¾è¡¨[0m[m
[92m2022-09-22 16:54:00 I/stdout: RobotConfig.enableRobot = true[0m[m
[0m2022-09-22 16:54:09 V/Bot.2118654642: [botTset(460292097)] Tohsaka Gozen(1679124358) -> [mirai:at:2118654642] ä»Šå¤©è¯¾ç¨‹[0m[m
[92m2022-09-22 16:54:09 I/stdout: RobotConfig.enableRobot = true[0m[m
[0m2022-09-22 16:54:12 V/Bot.2118654642: Group(460292097) <- å¤©æ°”å¥½æ™´æœ—[0m[m
