[0m2022-09-22 15:06:47 V/Net 18980299958: No server list cached.[0m
[92m2022-09-22 15:06:48 I/Net 18980299958: ECDH key is invalid, start to fetch ecdh public key from server.[0m
[92m2022-09-22 15:06:48 I/Net 18980299958: Successfully fetched ecdh public key from server.[0m
[0m2022-09-22 15:06:48 V/Net 18980299958: Send: wtlogin.login[0m
[0m2022-09-22 15:06:48 V/Net 18980299958: Recv: wtlogin.login[0m
[0m2022-09-22 15:07:31 V/Net 18980299958: Send: wtlogin.login[0m
[0m2022-09-22 15:07:32 V/Net 18980299958: Recv: wtlogin.login[0m
[91m2022-09-22 15:07:32 W/Net 18980299958: net.mamoe.mirai.network.WrongPasswordException: Error(bot=Bot(18980299958), code=237, title=å®‰å…¨æé†’, message=å½“å‰ç™»å½•å­˜åœ¨å®‰å…¨é£é™©ï¼Œè¯·ä½¿ç”¨å¸¸ç”¨è®¾å¤‡æˆ–é€šè¿‡æ‰‹æœºå·ç™»å½•ã€‚, errorInfo=)
net.mamoe.mirai.network.WrongPasswordException: Error(bot=Bot(18980299958), code=237, title=å®‰å…¨æé†’, message=å½“å‰ç™»å½•å­˜åœ¨å®‰å…¨é£é™©ï¼Œè¯·ä½¿ç”¨å¸¸ç”¨è®¾å¤‡æˆ–é€šè¿‡æ‰‹æœºå·ç™»å½•ã€‚, errorInfo=)
	at net.mamoe.mirai.internal.network.components.SsoProcessorImpl$SlowLoginImpl.doLogin(SsoProcessor.kt:284)
	at net.mamoe.mirai.internal.network.components.SsoProcessorImpl$SlowLoginImpl$doLogin$1.invokeSuspend(SsoProcessor.kt)
	at kotlin.coroutines.jvm.internal.BaseContinuationImpl.resumeWith(ContinuationImpl.kt:33)
	at kotlinx.coroutines.internal.ScopeCoroutine.afterResume(Scopes.kt:33)
	at kotlinx.coroutines.AbstractCoroutine.resumeWith(AbstractCoroutine.kt:102)
	at kotlin.coroutines.jvm.internal.BaseContinuationImpl.resumeWith(ContinuationImpl.kt:46)
	at kotlinx.coroutines.DispatchedTask.run(DispatchedTask.kt:106)
	at kotlinx.coroutines.scheduling.CoroutineScheduler.runSafely(CoroutineScheduler.kt:570)
	at kotlinx.coroutines.scheduling.CoroutineScheduler$Worker.executeTask(CoroutineScheduler.kt:749)
	at kotlinx.coroutines.scheduling.CoroutineScheduler$Worker.runWorker(CoroutineScheduler.kt:677)
	at kotlinx.coroutines.scheduling.CoroutineScheduler$Worker.run(CoroutineScheduler.kt:664)
[0m
[0m2022-09-22 15:17:34 V/Net 18980299958: No server list cached.[0m
[92m2022-09-22 15:17:35 I/Net 18980299958: ECDH key is invalid, start to fetch ecdh public key from server.[0m
[92m2022-09-22 15:17:35 I/Net 18980299958: Successfully fetched ecdh public key from server.[0m
[0m2022-09-22 15:17:35 V/Net 18980299958: Send: wtlogin.login[0m
[0m2022-09-22 15:17:35 V/Net 18980299958: Recv: wtlogin.login[0m
[0m2022-09-22 15:17:44 V/Net 18980299958: Send: wtlogin.login[0m
[0m2022-09-22 15:17:44 V/Net 18980299958: Recv: wtlogin.login[0m
[91m2022-09-22 15:17:44 W/Net 18980299958: net.mamoe.mirai.network.WrongPasswordException: Error(bot=Bot(18980299958), code=237, title=å®‰å…¨æé†’, message=å½“å‰ç™»å½•å­˜åœ¨å®‰å…¨é£é™©ï¼Œè¯·ä½¿ç”¨å¸¸ç”¨è®¾å¤‡æˆ–é€šè¿‡æ‰‹æœºå·ç™»å½•ã€‚, errorInfo=)
net.mamoe.mirai.network.WrongPasswordException: Error(bot=Bot(18980299958), code=237, title=å®‰å…¨æé†’, message=å½“å‰ç™»å½•å­˜åœ¨å®‰å…¨é£é™©ï¼Œè¯·ä½¿ç”¨å¸¸ç”¨è®¾å¤‡æˆ–é€šè¿‡æ‰‹æœºå·ç™»å½•ã€‚, errorInfo=)
	at net.mamoe.mirai.internal.network.components.SsoProcessorImpl$SlowLoginImpl.doLogin(SsoProcessor.kt:284)
	at net.mamoe.mirai.internal.network.components.SsoProcessorImpl$SlowLoginImpl$doLogin$1.invokeSuspend(SsoProcessor.kt)
	at kotlin.coroutines.jvm.internal.BaseContinuationImpl.resumeWith(ContinuationImpl.kt:33)
	at kotlinx.coroutines.internal.ScopeCoroutine.afterResume(Scopes.kt:33)
	at kotlinx.coroutines.AbstractCoroutine.resumeWith(AbstractCoroutine.kt:102)
	at kotlin.coroutines.jvm.internal.BaseContinuationImpl.resumeWith(ContinuationImpl.kt:46)
	at kotlinx.coroutines.DispatchedTask.run(DispatchedTask.kt:106)
	at kotlinx.coroutines.scheduling.CoroutineScheduler.runSafely(CoroutineScheduler.kt:570)
	at kotlinx.coroutines.scheduling.CoroutineScheduler$Worker.executeTask(CoroutineScheduler.kt:749)
	at kotlinx.coroutines.scheduling.CoroutineScheduler$Worker.runWorker(CoroutineScheduler.kt:677)
	at kotlinx.coroutines.scheduling.CoroutineScheduler$Worker.run(CoroutineScheduler.kt:664)
[0m
[0m2022-09-22 15:17:46 V/Net 18980299958: No server list cached.[0m
[92m2022-09-22 15:17:46 I/Net 18980299958: ECDH key is invalid, start to fetch ecdh public key from server.[0m
[92m2022-09-22 15:17:46 I/Net 18980299958: Successfully fetched ecdh public key from server.[0m
[0m2022-09-22 15:17:46 V/Net 18980299958: Send: wtlogin.login[0m
[0m2022-09-22 15:17:46 V/Net 18980299958: Recv: wtlogin.login[0m
[0m2022-09-22 15:18:50 V/Net 18980299958: Send: wtlogin.login[0m
[0m2022-09-22 15:18:50 V/Net 18980299958: Recv: wtlogin.login[0m
[91m2022-09-22 15:18:50 W/Net 18980299958: net.mamoe.mirai.network.WrongPasswordException: Error(bot=Bot(18980299958), code=237, title=å®‰å…¨æé†’, message=å½“å‰ç™»å½•å­˜åœ¨å®‰å…¨é£é™©ï¼Œè¯·ä½¿ç”¨å¸¸ç”¨è®¾å¤‡æˆ–é€šè¿‡æ‰‹æœºå·ç™»å½•ã€‚, errorInfo=)
net.mamoe.mirai.network.WrongPasswordException: Error(bot=Bot(18980299958), code=237, title=å®‰å…¨æé†’, message=å½“å‰ç™»å½•å­˜åœ¨å®‰å…¨é£é™©ï¼Œè¯·ä½¿ç”¨å¸¸ç”¨è®¾å¤‡æˆ–é€šè¿‡æ‰‹æœºå·ç™»å½•ã€‚, errorInfo=)
	at net.mamoe.mirai.internal.network.components.SsoProcessorImpl$SlowLoginImpl.doLogin(SsoProcessor.kt:284)
	at net.mamoe.mirai.internal.network.components.SsoProcessorImpl$SlowLoginImpl$doLogin$1.invokeSuspend(SsoProcessor.kt)
	at kotlin.coroutines.jvm.internal.BaseContinuationImpl.resumeWith(ContinuationImpl.kt:33)
	at kotlinx.coroutines.internal.ScopeCoroutine.afterResume(Scopes.kt:33)
	at kotlinx.coroutines.AbstractCoroutine.resumeWith(AbstractCoroutine.kt:102)
	at kotlin.coroutines.jvm.internal.BaseContinuationImpl.resumeWith(ContinuationImpl.kt:46)
	at kotlinx.coroutines.DispatchedTask.run(DispatchedTask.kt:106)
	at kotlinx.coroutines.scheduling.CoroutineScheduler.runSafely(CoroutineScheduler.kt:570)
	at kotlinx.coroutines.scheduling.CoroutineScheduler$Worker.executeTask(CoroutineScheduler.kt:749)
	at kotlinx.coroutines.scheduling.CoroutineScheduler$Worker.runWorker(CoroutineScheduler.kt:677)
	at kotlinx.coroutines.scheduling.CoroutineScheduler$Worker.run(CoroutineScheduler.kt:664)
[0m
[0m2022-09-22 15:19:22 V/Net 18980299958: No server list cached.[0m
[92m2022-09-22 15:19:22 I/Net 18980299958: ECDH key is invalid, start to fetch ecdh public key from server.[0m
[92m2022-09-22 15:19:22 I/Net 18980299958: Successfully fetched ecdh public key from server.[0m
[0m2022-09-22 15:19:22 V/Net 18980299958: Send: wtlogin.login[0m
[0m2022-09-22 15:19:22 V/Net 18980299958: Recv: wtlogin.login[0m
[0m2022-09-22 15:20:29 V/Net 18980299958: Send: wtlogin.login[0m
[0m2022-09-22 15:20:29 V/Net 18980299958: Recv: wtlogin.login[0m
[91m2022-09-22 15:20:29 W/Net 18980299958: net.mamoe.mirai.network.WrongPasswordException: Error(bot=Bot(18980299958), code=237, title=å®‰å…¨æé†’, message=å½“å‰ç™»å½•å­˜åœ¨å®‰å…¨é£é™©ï¼Œè¯·ä½¿ç”¨å¸¸ç”¨è®¾å¤‡æˆ–é€šè¿‡æ‰‹æœºå·ç™»å½•ã€‚, errorInfo=)
net.mamoe.mirai.network.WrongPasswordException: Error(bot=Bot(18980299958), code=237, title=å®‰å…¨æé†’, message=å½“å‰ç™»å½•å­˜åœ¨å®‰å…¨é£é™©ï¼Œè¯·ä½¿ç”¨å¸¸ç”¨è®¾å¤‡æˆ–é€šè¿‡æ‰‹æœºå·ç™»å½•ã€‚, errorInfo=)
	at net.mamoe.mirai.internal.network.components.SsoProcessorImpl$SlowLoginImpl.doLogin(SsoProcessor.kt:284)
	at net.mamoe.mirai.internal.network.components.SsoProcessorImpl$SlowLoginImpl$doLogin$1.invokeSuspend(SsoProcessor.kt)
	at kotlin.coroutines.jvm.internal.BaseContinuationImpl.resumeWith(ContinuationImpl.kt:33)
	at kotlinx.coroutines.internal.ScopeCoroutine.afterResume(Scopes.kt:33)
	at kotlinx.coroutines.AbstractCoroutine.resumeWith(AbstractCoroutine.kt:102)
	at kotlin.coroutines.jvm.internal.BaseContinuationImpl.resumeWith(ContinuationImpl.kt:46)
	at kotlinx.coroutines.DispatchedTask.run(DispatchedTask.kt:106)
	at kotlinx.coroutines.scheduling.CoroutineScheduler.runSafely(CoroutineScheduler.kt:570)
	at kotlinx.coroutines.scheduling.CoroutineScheduler$Worker.executeTask(CoroutineScheduler.kt:749)
	at kotlinx.coroutines.scheduling.CoroutineScheduler$Worker.runWorker(CoroutineScheduler.kt:677)
	at kotlinx.coroutines.scheduling.CoroutineScheduler$Worker.run(CoroutineScheduler.kt:664)
[0m
[0m2022-09-22 15:20:36 V/Net 18980299958: No server list cached.[0m
[92m2022-09-22 15:20:36 I/Net 18980299958: ECDH key is invalid, start to fetch ecdh public key from server.[0m
[92m2022-09-22 15:20:36 I/Net 18980299958: Successfully fetched ecdh public key from server.[0m
[0m2022-09-22 15:20:36 V/Net 18980299958: Send: wtlogin.login[0m
[0m2022-09-22 15:20:36 V/Net 18980299958: Recv: wtlogin.login[0m
[0m2022-09-22 15:21:26 V/Net 18980299958: Send: wtlogin.login[0m
[0m2022-09-22 15:21:26 V/Net 18980299958: Recv: wtlogin.login[0m
[91m2022-09-22 15:21:26 W/Net 18980299958: net.mamoe.mirai.network.WrongPasswordException: Error(bot=Bot(18980299958), code=237, title=å®‰å…¨æé†’, message=å½“å‰ç™»å½•å­˜åœ¨å®‰å…¨é£é™©ï¼Œè¯·ä½¿ç”¨å¸¸ç”¨è®¾å¤‡æˆ–é€šè¿‡æ‰‹æœºå·ç™»å½•ã€‚, errorInfo=)
net.mamoe.mirai.network.WrongPasswordException: Error(bot=Bot(18980299958), code=237, title=å®‰å…¨æé†’, message=å½“å‰ç™»å½•å­˜åœ¨å®‰å…¨é£é™©ï¼Œè¯·ä½¿ç”¨å¸¸ç”¨è®¾å¤‡æˆ–é€šè¿‡æ‰‹æœºå·ç™»å½•ã€‚, errorInfo=)
	at net.mamoe.mirai.internal.network.components.SsoProcessorImpl$SlowLoginImpl.doLogin(SsoProcessor.kt:284)
	at net.mamoe.mirai.internal.network.components.SsoProcessorImpl$SlowLoginImpl$doLogin$1.invokeSuspend(SsoProcessor.kt)
	at kotlin.coroutines.jvm.internal.BaseContinuationImpl.resumeWith(ContinuationImpl.kt:33)
	at kotlinx.coroutines.internal.ScopeCoroutine.afterResume(Scopes.kt:33)
	at kotlinx.coroutines.AbstractCoroutine.resumeWith(AbstractCoroutine.kt:102)
	at kotlin.coroutines.jvm.internal.BaseContinuationImpl.resumeWith(ContinuationImpl.kt:46)
	at kotlinx.coroutines.DispatchedTask.run(DispatchedTask.kt:106)
	at kotlinx.coroutines.scheduling.CoroutineScheduler.runSafely(CoroutineScheduler.kt:570)
	at kotlinx.coroutines.scheduling.CoroutineScheduler$Worker.executeTask(CoroutineScheduler.kt:749)
	at kotlinx.coroutines.scheduling.CoroutineScheduler$Worker.runWorker(CoroutineScheduler.kt:677)
	at kotlinx.coroutines.scheduling.CoroutineScheduler$Worker.run(CoroutineScheduler.kt:664)
[0m
[0m2022-09-22 15:22:19 V/Net 18980299958: No server list cached.[0m
[92m2022-09-22 15:22:19 I/Net 18980299958: ECDH key is invalid, start to fetch ecdh public key from server.[0m
[92m2022-09-22 15:22:19 I/Net 18980299958: Successfully fetched ecdh public key from server.[0m
[0m2022-09-22 15:22:19 V/Net 18980299958: Send: wtlogin.login[0m
[0m2022-09-22 15:22:19 V/Net 18980299958: Recv: wtlogin.login[0m
[0m2022-09-22 15:22:56 V/Net 18980299958: Send: wtlogin.login[0m
[0m2022-09-22 15:22:56 V/Net 18980299958: Recv: wtlogin.login[0m
[91m2022-09-22 15:22:56 W/Net 18980299958: net.mamoe.mirai.network.WrongPasswordException: Error(bot=Bot(18980299958), code=237, title=å®‰å…¨æé†’, message=å½“å‰ç™»å½•å­˜åœ¨å®‰å…¨é£é™©ï¼Œè¯·ä½¿ç”¨å¸¸ç”¨è®¾å¤‡æˆ–é€šè¿‡æ‰‹æœºå·ç™»å½•ã€‚, errorInfo=)
net.mamoe.mirai.network.WrongPasswordException: Error(bot=Bot(18980299958), code=237, title=å®‰å…¨æé†’, message=å½“å‰ç™»å½•å­˜åœ¨å®‰å…¨é£é™©ï¼Œè¯·ä½¿ç”¨å¸¸ç”¨è®¾å¤‡æˆ–é€šè¿‡æ‰‹æœºå·ç™»å½•ã€‚, errorInfo=)
	at net.mamoe.mirai.internal.network.components.SsoProcessorImpl$SlowLoginImpl.doLogin(SsoProcessor.kt:284)
	at net.mamoe.mirai.internal.network.components.SsoProcessorImpl$SlowLoginImpl$doLogin$1.invokeSuspend(SsoProcessor.kt)
	at kotlin.coroutines.jvm.internal.BaseContinuationImpl.resumeWith(ContinuationImpl.kt:33)
	at kotlinx.coroutines.internal.ScopeCoroutine.afterResume(Scopes.kt:33)
	at kotlinx.coroutines.AbstractCoroutine.resumeWith(AbstractCoroutine.kt:102)
	at kotlin.coroutines.jvm.internal.BaseContinuationImpl.resumeWith(ContinuationImpl.kt:46)
	at kotlinx.coroutines.DispatchedTask.run(DispatchedTask.kt:106)
	at kotlinx.coroutines.scheduling.CoroutineScheduler.runSafely(CoroutineScheduler.kt:570)
	at kotlinx.coroutines.scheduling.CoroutineScheduler$Worker.executeTask(CoroutineScheduler.kt:749)
	at kotlinx.coroutines.scheduling.CoroutineScheduler$Worker.runWorker(CoroutineScheduler.kt:677)
	at kotlinx.coroutines.scheduling.CoroutineScheduler$Worker.run(CoroutineScheduler.kt:664)
[0m
[0m2022-09-22 15:23:01 V/Net 18980299958: No server list cached.[0m
[92m2022-09-22 15:23:01 I/Net 18980299958: ECDH key is invalid, start to fetch ecdh public key from server.[0m
[92m2022-09-22 15:23:01 I/Net 18980299958: Successfully fetched ecdh public key from server.[0m
[0m2022-09-22 15:23:01 V/Net 18980299958: Send: wtlogin.login[0m
[0m2022-09-22 15:23:01 V/Net 18980299958: Recv: wtlogin.login[0m
[0m2022-09-22 15:24:40 V/Net 18980299958: Send: wtlogin.login[0m
[0m2022-09-22 15:24:40 V/Net 18980299958: Recv: wtlogin.login[0m
[91m2022-09-22 15:24:40 W/Net 18980299958: net.mamoe.mirai.network.WrongPasswordException: Error(bot=Bot(18980299958), code=237, title=å®‰å…¨æé†’, message=å½“å‰ç™»å½•å­˜åœ¨å®‰å…¨é£é™©ï¼Œè¯·ä½¿ç”¨å¸¸ç”¨è®¾å¤‡æˆ–é€šè¿‡æ‰‹æœºå·ç™»å½•ã€‚, errorInfo=)
net.mamoe.mirai.network.WrongPasswordException: Error(bot=Bot(18980299958), code=237, title=å®‰å…¨æé†’, message=å½“å‰ç™»å½•å­˜åœ¨å®‰å…¨é£é™©ï¼Œè¯·ä½¿ç”¨å¸¸ç”¨è®¾å¤‡æˆ–é€šè¿‡æ‰‹æœºå·ç™»å½•ã€‚, errorInfo=)
	at net.mamoe.mirai.internal.network.components.SsoProcessorImpl$SlowLoginImpl.doLogin(SsoProcessor.kt:284)
	at net.mamoe.mirai.internal.network.components.SsoProcessorImpl$SlowLoginImpl$doLogin$1.invokeSuspend(SsoProcessor.kt)
	at kotlin.coroutines.jvm.internal.BaseContinuationImpl.resumeWith(ContinuationImpl.kt:33)
	at kotlinx.coroutines.internal.ScopeCoroutine.afterResume(Scopes.kt:33)
	at kotlinx.coroutines.AbstractCoroutine.resumeWith(AbstractCoroutine.kt:102)
	at kotlin.coroutines.jvm.internal.BaseContinuationImpl.resumeWith(ContinuationImpl.kt:46)
	at kotlinx.coroutines.DispatchedTask.run(DispatchedTask.kt:106)
	at kotlinx.coroutines.scheduling.CoroutineScheduler.runSafely(CoroutineScheduler.kt:570)
	at kotlinx.coroutines.scheduling.CoroutineScheduler$Worker.executeTask(CoroutineScheduler.kt:749)
	at kotlinx.coroutines.scheduling.CoroutineScheduler$Worker.runWorker(CoroutineScheduler.kt:677)
	at kotlinx.coroutines.scheduling.CoroutineScheduler$Worker.run(CoroutineScheduler.kt:664)
[0m
[0m2022-09-22 15:25:24 V/Net 18980299958: No server list cached.[0m
[92m2022-09-22 15:25:24 I/Net 18980299958: ECDH key is invalid, start to fetch ecdh public key from server.[0m
[92m2022-09-22 15:25:24 I/Net 18980299958: Successfully fetched ecdh public key from server.[0m
[0m2022-09-22 15:25:24 V/Net 18980299958: Send: wtlogin.login[0m
[0m2022-09-22 15:25:24 V/Net 18980299958: Recv: wtlogin.login[0m
[0m2022-09-22 15:25:57 V/Net 18980299958: Send: wtlogin.login[0m
[0m2022-09-22 15:25:58 V/Net 18980299958: Recv: wtlogin.login[0m
[91m2022-09-22 15:25:58 W/Net 18980299958: net.mamoe.mirai.network.WrongPasswordException: Error(bot=Bot(18980299958), code=237, title=å®‰å…¨æé†’, message=å½“å‰ç™»å½•å­˜åœ¨å®‰å…¨é£é™©ï¼Œè¯·ä½¿ç”¨å¸¸ç”¨è®¾å¤‡æˆ–é€šè¿‡æ‰‹æœºå·ç™»å½•ã€‚, errorInfo=)
net.mamoe.mirai.network.WrongPasswordException: Error(bot=Bot(18980299958), code=237, title=å®‰å…¨æé†’, message=å½“å‰ç™»å½•å­˜åœ¨å®‰å…¨é£é™©ï¼Œè¯·ä½¿ç”¨å¸¸ç”¨è®¾å¤‡æˆ–é€šè¿‡æ‰‹æœºå·ç™»å½•ã€‚, errorInfo=)
	at net.mamoe.mirai.internal.network.components.SsoProcessorImpl$SlowLoginImpl.doLogin(SsoProcessor.kt:284)
	at net.mamoe.mirai.internal.network.components.SsoProcessorImpl$SlowLoginImpl$doLogin$1.invokeSuspend(SsoProcessor.kt)
	at kotlin.coroutines.jvm.internal.BaseContinuationImpl.resumeWith(ContinuationImpl.kt:33)
	at kotlinx.coroutines.internal.ScopeCoroutine.afterResume(Scopes.kt:33)
	at kotlinx.coroutines.AbstractCoroutine.resumeWith(AbstractCoroutine.kt:102)
	at kotlin.coroutines.jvm.internal.BaseContinuationImpl.resumeWith(ContinuationImpl.kt:46)
	at kotlinx.coroutines.DispatchedTask.run(DispatchedTask.kt:106)
	at kotlinx.coroutines.scheduling.CoroutineScheduler.runSafely(CoroutineScheduler.kt:570)
	at kotlinx.coroutines.scheduling.CoroutineScheduler$Worker.executeTask(CoroutineScheduler.kt:749)
	at kotlinx.coroutines.scheduling.CoroutineScheduler$Worker.runWorker(CoroutineScheduler.kt:677)
	at kotlinx.coroutines.scheduling.CoroutineScheduler$Worker.run(CoroutineScheduler.kt:664)
[0m
[0m2022-09-22 15:26:05 V/Net 18980299958: No server list cached.[0m
[92m2022-09-22 15:26:05 I/Net 18980299958: ECDH key is invalid, start to fetch ecdh public key from server.[0m
[92m2022-09-22 15:26:05 I/Net 18980299958: Successfully fetched ecdh public key from server.[0m
[0m2022-09-22 15:26:05 V/Net 18980299958: Send: wtlogin.login[0m
[0m2022-09-22 15:26:06 V/Net 18980299958: Recv: wtlogin.login[0m
[0m2022-09-22 15:26:48 V/Net 18980299958: Send: wtlogin.login[0m
[0m2022-09-22 15:26:49 V/Net 18980299958: Recv: wtlogin.login[0m
[91m2022-09-22 15:26:49 W/Net 18980299958: net.mamoe.mirai.network.WrongPasswordException: Error(bot=Bot(18980299958), code=237, title=å®‰å…¨æé†’, message=å½“å‰ç™»å½•å­˜åœ¨å®‰å…¨é£é™©ï¼Œè¯·ä½¿ç”¨å¸¸ç”¨è®¾å¤‡æˆ–é€šè¿‡æ‰‹æœºå·ç™»å½•ã€‚, errorInfo=)
net.mamoe.mirai.network.WrongPasswordException: Error(bot=Bot(18980299958), code=237, title=å®‰å…¨æé†’, message=å½“å‰ç™»å½•å­˜åœ¨å®‰å…¨é£é™©ï¼Œè¯·ä½¿ç”¨å¸¸ç”¨è®¾å¤‡æˆ–é€šè¿‡æ‰‹æœºå·ç™»å½•ã€‚, errorInfo=)
	at net.mamoe.mirai.internal.network.components.SsoProcessorImpl$SlowLoginImpl.doLogin(SsoProcessor.kt:284)
	at net.mamoe.mirai.internal.network.components.SsoProcessorImpl$SlowLoginImpl$doLogin$1.invokeSuspend(SsoProcessor.kt)
	at kotlin.coroutines.jvm.internal.BaseContinuationImpl.resumeWith(ContinuationImpl.kt:33)
	at kotlinx.coroutines.internal.ScopeCoroutine.afterResume(Scopes.kt:33)
	at kotlinx.coroutines.AbstractCoroutine.resumeWith(AbstractCoroutine.kt:102)
	at kotlin.coroutines.jvm.internal.BaseContinuationImpl.resumeWith(ContinuationImpl.kt:46)
	at kotlinx.coroutines.DispatchedTask.run(DispatchedTask.kt:106)
	at kotlinx.coroutines.scheduling.CoroutineScheduler.runSafely(CoroutineScheduler.kt:570)
	at kotlinx.coroutines.scheduling.CoroutineScheduler$Worker.executeTask(CoroutineScheduler.kt:749)
	at kotlinx.coroutines.scheduling.CoroutineScheduler$Worker.runWorker(CoroutineScheduler.kt:677)
	at kotlinx.coroutines.scheduling.CoroutineScheduler$Worker.run(CoroutineScheduler.kt:664)
[0m
[0m2022-09-22 15:26:52 V/Net 18980299958: No server list cached.[0m
[92m2022-09-22 15:26:52 I/Net 18980299958: ECDH key is invalid, start to fetch ecdh public key from server.[0m
[92m2022-09-22 15:26:52 I/Net 18980299958: Successfully fetched ecdh public key from server.[0m
[0m2022-09-22 15:26:52 V/Net 18980299958: Send: wtlogin.login[0m
[0m2022-09-22 15:26:52 V/Net 18980299958: Recv: wtlogin.login[0m
[0m2022-09-22 15:27:20 V/Net 18980299958: Send: wtlogin.login[0m
[0m2022-09-22 15:27:20 V/Net 18980299958: Recv: wtlogin.login[0m
[91m2022-09-22 15:27:20 W/Net 18980299958: net.mamoe.mirai.network.WrongPasswordException: Error(bot=Bot(18980299958), code=237, title=å®‰å…¨æé†’, message=å½“å‰ç™»å½•å­˜åœ¨å®‰å…¨é£é™©ï¼Œè¯·ä½¿ç”¨å¸¸ç”¨è®¾å¤‡æˆ–é€šè¿‡æ‰‹æœºå·ç™»å½•ã€‚, errorInfo=)
net.mamoe.mirai.network.WrongPasswordException: Error(bot=Bot(18980299958), code=237, title=å®‰å…¨æé†’, message=å½“å‰ç™»å½•å­˜åœ¨å®‰å…¨é£é™©ï¼Œè¯·ä½¿ç”¨å¸¸ç”¨è®¾å¤‡æˆ–é€šè¿‡æ‰‹æœºå·ç™»å½•ã€‚, errorInfo=)
	at net.mamoe.mirai.internal.network.components.SsoProcessorImpl$SlowLoginImpl.doLogin(SsoProcessor.kt:284)
	at net.mamoe.mirai.internal.network.components.SsoProcessorImpl$SlowLoginImpl$doLogin$1.invokeSuspend(SsoProcessor.kt)
	at kotlin.coroutines.jvm.internal.BaseContinuationImpl.resumeWith(ContinuationImpl.kt:33)
	at kotlinx.coroutines.internal.ScopeCoroutine.afterResume(Scopes.kt:33)
	at kotlinx.coroutines.AbstractCoroutine.resumeWith(AbstractCoroutine.kt:102)
	at kotlin.coroutines.jvm.internal.BaseContinuationImpl.resumeWith(ContinuationImpl.kt:46)
	at kotlinx.coroutines.DispatchedTask.run(DispatchedTask.kt:106)
	at kotlinx.coroutines.scheduling.CoroutineScheduler.runSafely(CoroutineScheduler.kt:570)
	at kotlinx.coroutines.scheduling.CoroutineScheduler$Worker.executeTask(CoroutineScheduler.kt:749)
	at kotlinx.coroutines.scheduling.CoroutineScheduler$Worker.runWorker(CoroutineScheduler.kt:677)
	at kotlinx.coroutines.scheduling.CoroutineScheduler$Worker.run(CoroutineScheduler.kt:664)
[0m
[0m2022-09-22 15:40:59 V/Net 18980299958: No server list cached.[0m
[92m2022-09-22 15:41:00 I/Net 18980299958: ECDH key is invalid, start to fetch ecdh public key from server.[0m
[92m2022-09-22 15:41:00 I/Net 18980299958: Successfully fetched ecdh public key from server.[0m
[0m2022-09-22 15:41:00 V/Net 18980299958: Send: wtlogin.login[0m
[0m2022-09-22 15:41:00 V/Net 18980299958: Recv: wtlogin.login[0m
[0m2022-09-22 15:41:24 V/Net 18980299958: Send: wtlogin.login[0m
[0m2022-09-22 15:41:24 V/Net 18980299958: Recv: wtlogin.login[0m
[91m2022-09-22 15:41:24 W/Net 18980299958: net.mamoe.mirai.network.WrongPasswordException: Error(bot=Bot(18980299958), code=237, title=å®‰å…¨æé†’, message=å½“å‰ç™»å½•å­˜åœ¨å®‰å…¨é£é™©ï¼Œè¯·ä½¿ç”¨å¸¸ç”¨è®¾å¤‡æˆ–é€šè¿‡æ‰‹æœºå·ç™»å½•ã€‚, errorInfo=)
net.mamoe.mirai.network.WrongPasswordException: Error(bot=Bot(18980299958), code=237, title=å®‰å…¨æé†’, message=å½“å‰ç™»å½•å­˜åœ¨å®‰å…¨é£é™©ï¼Œè¯·ä½¿ç”¨å¸¸ç”¨è®¾å¤‡æˆ–é€šè¿‡æ‰‹æœºå·ç™»å½•ã€‚, errorInfo=)
	at net.mamoe.mirai.internal.network.components.SsoProcessorImpl$SlowLoginImpl.doLogin(SsoProcessor.kt:284)
	at net.mamoe.mirai.internal.network.components.SsoProcessorImpl$SlowLoginImpl$doLogin$1.invokeSuspend(SsoProcessor.kt)
	at kotlin.coroutines.jvm.internal.BaseContinuationImpl.resumeWith(ContinuationImpl.kt:33)
	at kotlinx.coroutines.internal.ScopeCoroutine.afterResume(Scopes.kt:33)
	at kotlinx.coroutines.AbstractCoroutine.resumeWith(AbstractCoroutine.kt:102)
	at kotlin.coroutines.jvm.internal.BaseContinuationImpl.resumeWith(ContinuationImpl.kt:46)
	at kotlinx.coroutines.DispatchedTask.run(DispatchedTask.kt:106)
	at kotlinx.coroutines.scheduling.CoroutineScheduler.runSafely(CoroutineScheduler.kt:570)
	at kotlinx.coroutines.scheduling.CoroutineScheduler$Worker.executeTask(CoroutineScheduler.kt:749)
	at kotlinx.coroutines.scheduling.CoroutineScheduler$Worker.runWorker(CoroutineScheduler.kt:677)
	at kotlinx.coroutines.scheduling.CoroutineScheduler$Worker.run(CoroutineScheduler.kt:664)
[0m
[0m2022-09-22 15:41:27 V/Net 18980299958: No server list cached.[0m
[92m2022-09-22 15:41:27 I/Net 18980299958: ECDH key is invalid, start to fetch ecdh public key from server.[0m
[92m2022-09-22 15:41:27 I/Net 18980299958: Successfully fetched ecdh public key from server.[0m
[0m2022-09-22 15:41:27 V/Net 18980299958: Send: wtlogin.login[0m
[0m2022-09-22 15:41:27 V/Net 18980299958: Recv: wtlogin.login[0m
[0m2022-09-22 15:42:41 V/Net 18980299958: Send: wtlogin.login[0m
[0m2022-09-22 15:42:41 V/Net 18980299958: Recv: wtlogin.login[0m
[91m2022-09-22 15:42:41 W/Net 18980299958: net.mamoe.mirai.network.WrongPasswordException: Error(bot=Bot(18980299958), code=237, title=å®‰å…¨æé†’, message=å½“å‰ç™»å½•å­˜åœ¨å®‰å…¨é£é™©ï¼Œè¯·ä½¿ç”¨å¸¸ç”¨è®¾å¤‡æˆ–é€šè¿‡æ‰‹æœºå·ç™»å½•ã€‚, errorInfo=)
net.mamoe.mirai.network.WrongPasswordException: Error(bot=Bot(18980299958), code=237, title=å®‰å…¨æé†’, message=å½“å‰ç™»å½•å­˜åœ¨å®‰å…¨é£é™©ï¼Œè¯·ä½¿ç”¨å¸¸ç”¨è®¾å¤‡æˆ–é€šè¿‡æ‰‹æœºå·ç™»å½•ã€‚, errorInfo=)
	at net.mamoe.mirai.internal.network.components.SsoProcessorImpl$SlowLoginImpl.doLogin(SsoProcessor.kt:284)
	at net.mamoe.mirai.internal.network.components.SsoProcessorImpl$SlowLoginImpl$doLogin$1.invokeSuspend(SsoProcessor.kt)
	at kotlin.coroutines.jvm.internal.BaseContinuationImpl.resumeWith(ContinuationImpl.kt:33)
	at kotlinx.coroutines.internal.ScopeCoroutine.afterResume(Scopes.kt:33)
	at kotlinx.coroutines.AbstractCoroutine.resumeWith(AbstractCoroutine.kt:102)
	at kotlin.coroutines.jvm.internal.BaseContinuationImpl.resumeWith(ContinuationImpl.kt:46)
	at kotlinx.coroutines.DispatchedTask.run(DispatchedTask.kt:106)
	at kotlinx.coroutines.scheduling.CoroutineScheduler.runSafely(CoroutineScheduler.kt:570)
	at kotlinx.coroutines.scheduling.CoroutineScheduler$Worker.executeTask(CoroutineScheduler.kt:749)
	at kotlinx.coroutines.scheduling.CoroutineScheduler$Worker.runWorker(CoroutineScheduler.kt:677)
	at kotlinx.coroutines.scheduling.CoroutineScheduler$Worker.run(CoroutineScheduler.kt:664)
[0m
